#
# There is insufficient memory for the Java Runtime Environment to continue.
# Native memory allocation (malloc) failed to allocate 1097616 bytes for Chunk::new
# Possible reasons:
#   The system is out of physical RAM or swap space
#   The process is running with CompressedOops enabled, and the Java Heap may be blocking the growth of the native heap
# Possible solutions:
#   Reduce memory load on the system
#   Increase physical memory or swap space
#   Check if swap backing store is full
#   Decrease Java heap size (-Xmx/-Xms)
#   Decrease number of Java threads
#   Decrease Java thread stack sizes (-Xss)
#   Set larger code cache with -XX:ReservedCodeCacheSize=
#   JVM is running with Unscaled Compressed Oops mode in which the Java heap is
#     placed in the first 4GB address space. The Java Heap base address is the
#     maximum limit for the native heap growth. Please use -XX:HeapBaseMinAddress
#     to set the Java Heap base and to place the Java Heap above 4GB virtual address.
# This output file may be truncated or incomplete.
#
#  Out of Memory Error (c:/BuildAgent/work/5ff2f6c26000d570/src/hotspot/share/memory/arena.cpp:197), pid=14736, tid=3256
#
# JRE version: OpenJDK Runtime Environment (11.0.4+10) (build 11.0.4+10-b304.77)
# Java VM: OpenJDK 64-Bit Server VM (11.0.4+10-b304.77, mixed mode, sharing, tiered, compressed oops, g1 gc, windows-amd64)
# No core dump will be written. Minidumps are not enabled by default on client versions of Windows
#

---------------  S U M M A R Y ------------

Command Line: -agentlib:jdwp=transport=dt_socket,address=127.0.0.1:58416,suspend=y,server=n -javaagent:C:\Users\Daniil\.IdeaIC2019.2\system\captureAgent\debugger-agent.jar -Dfile.encoding=UTF-8 ru.univer.db.vcs.Application

Host: Intel(R) Core(TM) i5-8250U CPU @ 1.60GHz, 8 cores, 7G,  Windows 10 , 64 bit Build 18362 (10.0.18362.1110)
Time: Tue Dec 29 17:30:03 2020 RTZ 2 (ceia) elapsed time: 8 seconds (0d 0h 0m 8s)

---------------  T H R E A D  ---------------

Current thread (0x000001707fe86000):  JavaThread "C2 CompilerThread0" daemon [_thread_in_native, id=3256, stack(0x00000011a5200000,0x00000011a5300000)]


Current CompileTask:
C2:   8526 3891       4       java.net.URLStreamHandler::parseURL (1201 bytes)

Stack: [0x00000011a5200000,0x00000011a5300000]
Native frames: (J=compiled Java code, j=interpreted, Vv=VM code, C=native code)
V  [jvm.dll+0x5db31a]
V  [jvm.dll+0x70c395]
V  [jvm.dll+0x70d8b8]
V  [jvm.dll+0x70df83]
V  [jvm.dll+0x23dbb8]
V  [jvm.dll+0xb91fc]
V  [jvm.dll+0xb96fc]
V  [jvm.dll+0x34f40d]
V  [jvm.dll+0x19476c]
V  [jvm.dll+0x1f793e]
V  [jvm.dll+0x1f6a04]
V  [jvm.dll+0x17fd7c]
V  [jvm.dll+0x204d17]
V  [jvm.dll+0x2035b2]
V  [jvm.dll+0x6d956f]
V  [jvm.dll+0x6d236d]
V  [jvm.dll+0x5da5e6]
C  [ucrtbase.dll+0x210b2]
C  [KERNEL32.DLL+0x17c24]
C  [ntdll.dll+0x6d4d1]


---------------  P R O C E S S  ---------------

Threads class SMR info:
_java_thread_list=0x000001701dee6e50, length=22, elements={
0x000001707e453000, 0x000001707fe63000, 0x000001707fe67000, 0x000001707fe81000,
0x000001707fe84800, 0x000001707fe86000, 0x000001707fe8f000, 0x000001707fe9b000,
0x00000170195fa000, 0x0000017019755800, 0x000001701974e800, 0x00000170195f8800,
0x00000170195fb000, 0x000001701c8c2800, 0x00000170195f9000, 0x000001701a036800,
0x000001701a037800, 0x000001701a035800, 0x000001701a033800, 0x000001701a038000,
0x000001701a03a000, 0x000001701a039000
}

Java Threads: ( => current thread )
  0x000001707e453000 JavaThread "main" [_thread_in_Java, id=13280, stack(0x00000011a4700000,0x00000011a4800000)]
  0x000001707fe63000 JavaThread "Reference Handler" daemon [_thread_blocked, id=14012, stack(0x00000011a4e00000,0x00000011a4f00000)]
  0x000001707fe67000 JavaThread "Finalizer" daemon [_thread_blocked, id=8976, stack(0x00000011a4f00000,0x00000011a5000000)]
  0x000001707fe81000 JavaThread "Signal Dispatcher" daemon [_thread_blocked, id=9988, stack(0x00000011a5000000,0x00000011a5100000)]
  0x000001707fe84800 JavaThread "Attach Listener" daemon [_thread_blocked, id=12736, stack(0x00000011a5100000,0x00000011a5200000)]
=>0x000001707fe86000 JavaThread "C2 CompilerThread0" daemon [_thread_in_native, id=3256, stack(0x00000011a5200000,0x00000011a5300000)]
  0x000001707fe8f000 JavaThread "C1 CompilerThread0" daemon [_thread_blocked, id=10760, stack(0x00000011a5300000,0x00000011a5400000)]
  0x000001707fe9b000 JavaThread "Sweeper thread" daemon [_thread_blocked, id=13212, stack(0x00000011a5400000,0x00000011a5500000)]
  0x00000170195fa000 JavaThread "Common-Cleaner" daemon [_thread_blocked, id=15284, stack(0x00000011a5500000,0x00000011a5600000)]
  0x0000017019755800 JavaThread "JDWP Transport Listener: dt_socket" daemon [_thread_blocked, id=13884, stack(0x00000011a5600000,0x00000011a5700000)]
  0x000001701974e800 JavaThread "JDWP Event Helper Thread" daemon [_thread_in_native, id=15052, stack(0x00000011a5700000,0x00000011a5800000)]
  0x00000170195f8800 JavaThread "JDWP Command Reader" daemon [_thread_in_native, id=12620, stack(0x00000011a5800000,0x00000011a5900000)]
  0x00000170195fb000 JavaThread "Service Thread" daemon [_thread_blocked, id=1760, stack(0x00000011a5a00000,0x00000011a5b00000)]
  0x000001701c8c2800 JavaThread "C2 CompilerThread1" daemon [_thread_in_native, id=10604, stack(0x00000011a5900000,0x00000011a5a00000)]
  0x00000170195f9000 JavaThread "task-1" [_thread_in_vm, id=13424, stack(0x00000011a5c00000,0x00000011a5d00000)]
  0x000001701a036800 JavaThread "mysql-cj-abandoned-connection-cleanup" daemon [_thread_blocked, id=13724, stack(0x00000011a6100000,0x00000011a6200000)]
  0x000001701a037800 JavaThread "PostgreSQL-JDBC-SharedTimer-1" daemon [_thread_blocked, id=14824, stack(0x00000011a6300000,0x00000011a6400000)]
  0x000001701a035800 JavaThread "HikariPool-1 housekeeper" daemon [_thread_blocked, id=13472, stack(0x00000011a6400000,0x00000011a6500000)]
  0x000001701a033800 JavaThread "HikariPool-1 connection adder" daemon [_thread_in_native, id=12972, stack(0x00000011a6500000,0x00000011a6600000)]
  0x000001701a038000 JavaThread "Catalina-utility-1" [_thread_blocked, id=13792, stack(0x00000011a6600000,0x00000011a6700000)]
  0x000001701a03a000 JavaThread "Catalina-utility-2" [_thread_blocked, id=5672, stack(0x00000011a6700000,0x00000011a6800000)]
  0x000001701a039000 JavaThread "container-0" [_thread_blocked, id=13940, stack(0x00000011a6800000,0x00000011a6900000)]

Other Threads:
  0x000001707fe60800 VMThread "VM Thread" [stack: 0x00000011a4d00000,0x00000011a4e00000] [id=12776]
  0x000001701993d800 WatcherThread [stack: 0x00000011a5b00000,0x00000011a5c00000] [id=12032]
  0x000001707e46b800 GCTaskThread "GC Thread#0" [stack: 0x00000011a4800000,0x00000011a4900000] [id=12704]
  0x0000017019f9c800 GCTaskThread "GC Thread#1" [stack: 0x00000011a5d00000,0x00000011a5e00000] [id=820]
  0x0000017019f9d800 GCTaskThread "GC Thread#2" [stack: 0x00000011a5e00000,0x00000011a5f00000] [id=6460]
  0x000001701bd60800 GCTaskThread "GC Thread#3" [stack: 0x00000011a6000000,0x00000011a6100000] [id=13708]
  0x000001707e49b800 ConcurrentGCThread "G1 Main Marker" [stack: 0x00000011a4900000,0x00000011a4a00000] [id=5904]
  0x000001707e49d000 ConcurrentGCThread "G1 Conc#0" [stack: 0x00000011a4a00000,0x00000011a4b00000] [id=10744]
  0x000001701c4b0800 ConcurrentGCThread "G1 Conc#1" [stack: 0x00000011a5f00000,0x00000011a6000000] [id=4616]
  0x000001707fcf0800 ConcurrentGCThread "G1 Refine#0" [stack: 0x00000011a4b00000,0x00000011a4c00000] [id=13048]
  0x000001707fcf1000 ConcurrentGCThread "G1 Young RemSet Sampling" [stack: 0x00000011a4c00000,0x00000011a4d00000] [id=12012]

Threads with active compile tasks:
C2 CompilerThread03891       4       java.net.URLStreamHandler::parseURL (1201 bytes)
C1 CompilerThread03955       3       org.springframework.context.support.GenericApplicationContext::getClassLoader (29 bytes)
C2 CompilerThread13831       4       org.springframework.beans.factory.support.AbstractBeanFactory::isTypeMatch (607 bytes)

VM state:not at safepoint (normal execution)

VM Mutex/Monitor currently owned by a thread: None

Heap address: 0x0000000081600000, size: 2026 MB, Compressed Oops mode: 32-bit
Narrow klass base: 0x0000000800000000, Narrow klass shift: 3
Compressed class space size: 1073741824 Address: 0x0000000840000000

Heap:
 garbage-first heap   total 157696K, used 34761K [0x0000000081600000, 0x0000000100000000)
  region size 1024K, 26 young (26624K), 8 survivors (8192K)
 Metaspace       used 37275K, capacity 38343K, committed 38608K, reserved 1083392K
  class space    used 4718K, capacity 5139K, committed 5248K, reserved 1048576K
Heap Regions: E=young(eden), S=young(survivor), O=old, HS=humongous(starts), HC=humongous(continues), CS=collection set, F=free, A=archive, TAMS=top-at-mark-start (previous, next)
|   0|0x0000000081600000, 0x0000000081700000, 0x0000000081700000|100%|HS|  |TAMS 0x0000000081700000, 0x0000000081600000| Complete 
|   1|0x0000000081700000, 0x0000000081800000, 0x0000000081800000|100%| O|  |TAMS 0x0000000081800000, 0x0000000081700000| Untracked 
|   2|0x0000000081800000, 0x0000000081900000, 0x0000000081900000|100%| O|  |TAMS 0x0000000081900000, 0x0000000081800000| Untracked 
|   3|0x0000000081900000, 0x0000000081a00000, 0x0000000081a00000|100%| O|  |TAMS 0x0000000081a00000, 0x0000000081900000| Untracked 
|   4|0x0000000081a00000, 0x0000000081b00000, 0x0000000081b00000|100%| O|  |TAMS 0x0000000081b00000, 0x0000000081a00000| Untracked 
|   5|0x0000000081b00000, 0x0000000081c00000, 0x0000000081c00000|100%| O|  |TAMS 0x0000000081c00000, 0x0000000081b00000| Untracked 
|   6|0x0000000081c00000, 0x0000000081d00000, 0x0000000081d00000|100%| O|  |TAMS 0x0000000081d00000, 0x0000000081c00000| Untracked 
|   7|0x0000000081d00000, 0x0000000081e00000, 0x0000000081e00000|100%| O|  |TAMS 0x0000000081e00000, 0x0000000081d00000| Untracked 
|   8|0x0000000081e00000, 0x0000000081f00000, 0x0000000081f00000|100%| O|  |TAMS 0x0000000081f00000, 0x0000000081e00000| Untracked 
|   9|0x0000000081f00000, 0x0000000081f3e800, 0x0000000082000000| 24%| O|  |TAMS 0x0000000081f3e800, 0x0000000081f00000| Untracked 
|  10|0x0000000082000000, 0x0000000082000000, 0x0000000082100000|  0%| F|  |TAMS 0x0000000082000000, 0x0000000082000000| Untracked 
|  11|0x0000000082100000, 0x0000000082100000, 0x0000000082200000|  0%| F|  |TAMS 0x0000000082100000, 0x0000000082100000| Untracked 
|  12|0x0000000082200000, 0x0000000082200000, 0x0000000082300000|  0%| F|  |TAMS 0x0000000082200000, 0x0000000082200000| Untracked 
|  13|0x0000000082300000, 0x0000000082300000, 0x0000000082400000|  0%| F|  |TAMS 0x0000000082300000, 0x0000000082300000| Untracked 
|  14|0x0000000082400000, 0x0000000082400000, 0x0000000082500000|  0%| F|  |TAMS 0x0000000082400000, 0x0000000082400000| Untracked 
|  15|0x0000000082500000, 0x0000000082500000, 0x0000000082600000|  0%| F|  |TAMS 0x0000000082500000, 0x0000000082500000| Untracked 
|  16|0x0000000082600000, 0x0000000082600000, 0x0000000082700000|  0%| F|  |TAMS 0x0000000082600000, 0x0000000082600000| Untracked 
|  17|0x0000000082700000, 0x0000000082700000, 0x0000000082800000|  0%| F|  |TAMS 0x0000000082700000, 0x0000000082700000| Untracked 
|  18|0x0000000082800000, 0x0000000082800000, 0x0000000082900000|  0%| F|  |TAMS 0x0000000082800000, 0x0000000082800000| Untracked 
|  19|0x0000000082900000, 0x0000000082900000, 0x0000000082a00000|  0%| F|  |TAMS 0x0000000082900000, 0x0000000082900000| Untracked 
|  20|0x0000000082a00000, 0x0000000082a00000, 0x0000000082b00000|  0%| F|  |TAMS 0x0000000082a00000, 0x0000000082a00000| Untracked 
|  21|0x0000000082b00000, 0x0000000082b00000, 0x0000000082c00000|  0%| F|  |TAMS 0x0000000082b00000, 0x0000000082b00000| Untracked 
|  22|0x0000000082c00000, 0x0000000082c00000, 0x0000000082d00000|  0%| F|  |TAMS 0x0000000082c00000, 0x0000000082c00000| Untracked 
|  23|0x0000000082d00000, 0x0000000082d00000, 0x0000000082e00000|  0%| F|  |TAMS 0x0000000082d00000, 0x0000000082d00000| Untracked 
|  24|0x0000000082e00000, 0x0000000082e00000, 0x0000000082f00000|  0%| F|  |TAMS 0x0000000082e00000, 0x0000000082e00000| Untracked 
|  25|0x0000000082f00000, 0x0000000082f00000, 0x0000000083000000|  0%| F|  |TAMS 0x0000000082f00000, 0x0000000082f00000| Untracked 
|  26|0x0000000083000000, 0x0000000083000000, 0x0000000083100000|  0%| F|  |TAMS 0x0000000083000000, 0x0000000083000000| Untracked 
|  27|0x0000000083100000, 0x0000000083100000, 0x0000000083200000|  0%| F|  |TAMS 0x0000000083100000, 0x0000000083100000| Untracked 
|  28|0x0000000083200000, 0x0000000083200000, 0x0000000083300000|  0%| F|  |TAMS 0x0000000083200000, 0x0000000083200000| Untracked 
|  29|0x0000000083300000, 0x0000000083300000, 0x0000000083400000|  0%| F|  |TAMS 0x0000000083300000, 0x0000000083300000| Untracked 
|  30|0x0000000083400000, 0x0000000083400000, 0x0000000083500000|  0%| F|  |TAMS 0x0000000083400000, 0x0000000083400000| Untracked 
|  31|0x0000000083500000, 0x0000000083500000, 0x0000000083600000|  0%| F|  |TAMS 0x0000000083500000, 0x0000000083500000| Untracked 
|  32|0x0000000083600000, 0x0000000083600000, 0x0000000083700000|  0%| F|  |TAMS 0x0000000083600000, 0x0000000083600000| Untracked 
|  33|0x0000000083700000, 0x0000000083700000, 0x0000000083800000|  0%| F|  |TAMS 0x0000000083700000, 0x0000000083700000| Untracked 
|  34|0x0000000083800000, 0x0000000083800000, 0x0000000083900000|  0%| F|  |TAMS 0x0000000083800000, 0x0000000083800000| Untracked 
|  35|0x0000000083900000, 0x0000000083900000, 0x0000000083a00000|  0%| F|  |TAMS 0x0000000083900000, 0x0000000083900000| Untracked 
|  36|0x0000000083a00000, 0x0000000083a00000, 0x0000000083b00000|  0%| F|  |TAMS 0x0000000083a00000, 0x0000000083a00000| Untracked 
|  37|0x0000000083b00000, 0x0000000083b00000, 0x0000000083c00000|  0%| F|  |TAMS 0x0000000083b00000, 0x0000000083b00000| Untracked 
|  38|0x0000000083c00000, 0x0000000083c00000, 0x0000000083d00000|  0%| F|  |TAMS 0x0000000083c00000, 0x0000000083c00000| Untracked 
|  39|0x0000000083d00000, 0x0000000083d00000, 0x0000000083e00000|  0%| F|  |TAMS 0x0000000083d00000, 0x0000000083d00000| Untracked 
|  40|0x0000000083e00000, 0x0000000083e00000, 0x0000000083f00000|  0%| F|  |TAMS 0x0000000083e00000, 0x0000000083e00000| Untracked 
|  41|0x0000000083f00000, 0x0000000083f00000, 0x0000000084000000|  0%| F|  |TAMS 0x0000000083f00000, 0x0000000083f00000| Untracked 
|  42|0x0000000084000000, 0x0000000084000000, 0x0000000084100000|  0%| F|  |TAMS 0x0000000084000000, 0x0000000084000000| Untracked 
|  43|0x0000000084100000, 0x0000000084100000, 0x0000000084200000|  0%| F|  |TAMS 0x0000000084100000, 0x0000000084100000| Untracked 
|  44|0x0000000084200000, 0x0000000084200000, 0x0000000084300000|  0%| F|  |TAMS 0x0000000084200000, 0x0000000084200000| Untracked 
|  45|0x0000000084300000, 0x0000000084300000, 0x0000000084400000|  0%| F|  |TAMS 0x0000000084300000, 0x0000000084300000| Untracked 
|  46|0x0000000084400000, 0x0000000084400000, 0x0000000084500000|  0%| F|  |TAMS 0x0000000084400000, 0x0000000084400000| Untracked 
|  47|0x0000000084500000, 0x0000000084500000, 0x0000000084600000|  0%| F|  |TAMS 0x0000000084500000, 0x0000000084500000| Untracked 
|  48|0x0000000084600000, 0x0000000084600000, 0x0000000084700000|  0%| F|  |TAMS 0x0000000084600000, 0x0000000084600000| Untracked 
|  49|0x0000000084700000, 0x0000000084700000, 0x0000000084800000|  0%| F|  |TAMS 0x0000000084700000, 0x0000000084700000| Untracked 
|  50|0x0000000084800000, 0x0000000084800000, 0x0000000084900000|  0%| F|  |TAMS 0x0000000084800000, 0x0000000084800000| Untracked 
|  51|0x0000000084900000, 0x0000000084900000, 0x0000000084a00000|  0%| F|  |TAMS 0x0000000084900000, 0x0000000084900000| Untracked 
|  52|0x0000000084a00000, 0x0000000084a00000, 0x0000000084b00000|  0%| F|  |TAMS 0x0000000084a00000, 0x0000000084a00000| Untracked 
|  53|0x0000000084b00000, 0x0000000084b00000, 0x0000000084c00000|  0%| F|  |TAMS 0x0000000084b00000, 0x0000000084b00000| Untracked 
|  54|0x0000000084c00000, 0x0000000084c00000, 0x0000000084d00000|  0%| F|  |TAMS 0x0000000084c00000, 0x0000000084c00000| Untracked 
|  55|0x0000000084d00000, 0x0000000084d00000, 0x0000000084e00000|  0%| F|  |TAMS 0x0000000084d00000, 0x0000000084d00000| Untracked 
|  56|0x0000000084e00000, 0x0000000084e00000, 0x0000000084f00000|  0%| F|  |TAMS 0x0000000084e00000, 0x0000000084e00000| Untracked 
|  57|0x0000000084f00000, 0x0000000084f00000, 0x0000000085000000|  0%| F|  |TAMS 0x0000000084f00000, 0x0000000084f00000| Untracked 
|  58|0x0000000085000000, 0x0000000085000000, 0x0000000085100000|  0%| F|  |TAMS 0x0000000085000000, 0x0000000085000000| Untracked 
|  59|0x0000000085100000, 0x0000000085100000, 0x0000000085200000|  0%| F|  |TAMS 0x0000000085100000, 0x0000000085100000| Untracked 
|  60|0x0000000085200000, 0x0000000085200000, 0x0000000085300000|  0%| F|  |TAMS 0x0000000085200000, 0x0000000085200000| Untracked 
|  61|0x0000000085300000, 0x0000000085300000, 0x0000000085400000|  0%| F|  |TAMS 0x0000000085300000, 0x0000000085300000| Untracked 
|  62|0x0000000085400000, 0x0000000085400000, 0x0000000085500000|  0%| F|  |TAMS 0x0000000085400000, 0x0000000085400000| Untracked 
|  63|0x0000000085500000, 0x0000000085500000, 0x0000000085600000|  0%| F|  |TAMS 0x0000000085500000, 0x0000000085500000| Untracked 
|  64|0x0000000085600000, 0x0000000085600000, 0x0000000085700000|  0%| F|  |TAMS 0x0000000085600000, 0x0000000085600000| Untracked 
|  65|0x0000000085700000, 0x0000000085700000, 0x0000000085800000|  0%| F|  |TAMS 0x0000000085700000, 0x0000000085700000| Untracked 
|  66|0x0000000085800000, 0x0000000085800000, 0x0000000085900000|  0%| F|  |TAMS 0x0000000085800000, 0x0000000085800000| Untracked 
|  67|0x0000000085900000, 0x0000000085900000, 0x0000000085a00000|  0%| F|  |TAMS 0x0000000085900000, 0x0000000085900000| Untracked 
|  68|0x0000000085a00000, 0x0000000085a00000, 0x0000000085b00000|  0%| F|  |TAMS 0x0000000085a00000, 0x0000000085a00000| Untracked 
|  69|0x0000000085b00000, 0x0000000085b00000, 0x0000000085c00000|  0%| F|  |TAMS 0x0000000085b00000, 0x0000000085b00000| Untracked 
|  70|0x0000000085c00000, 0x0000000085c00000, 0x0000000085d00000|  0%| F|  |TAMS 0x0000000085c00000, 0x0000000085c00000| Untracked 
|  71|0x0000000085d00000, 0x0000000085d00000, 0x0000000085e00000|  0%| F|  |TAMS 0x0000000085d00000, 0x0000000085d00000| Untracked 
|  72|0x0000000085e00000, 0x0000000085e00000, 0x0000000085f00000|  0%| F|  |TAMS 0x0000000085e00000, 0x0000000085e00000| Untracked 
|  73|0x0000000085f00000, 0x0000000085f00000, 0x0000000086000000|  0%| F|  |TAMS 0x0000000085f00000, 0x0000000085f00000| Untracked 
|  74|0x0000000086000000, 0x00000000860b3ef0, 0x0000000086100000| 70%| S|CS|TAMS 0x0000000086000000, 0x0000000086000000| Complete 
|  75|0x0000000086100000, 0x0000000086200000, 0x0000000086200000|100%| S|CS|TAMS 0x0000000086100000, 0x0000000086100000| Complete 
|  76|0x0000000086200000, 0x0000000086300000, 0x0000000086300000|100%| S|CS|TAMS 0x0000000086200000, 0x0000000086200000| Complete 
|  77|0x0000000086300000, 0x0000000086400000, 0x0000000086400000|100%| S|CS|TAMS 0x0000000086300000, 0x0000000086300000| Complete 
|  78|0x0000000086400000, 0x0000000086500000, 0x0000000086500000|100%| S|CS|TAMS 0x0000000086400000, 0x0000000086400000| Complete 
|  79|0x0000000086500000, 0x0000000086600000, 0x0000000086600000|100%| S|CS|TAMS 0x0000000086500000, 0x0000000086500000| Complete 
|  80|0x0000000086600000, 0x0000000086700000, 0x0000000086700000|100%| S|CS|TAMS 0x0000000086600000, 0x0000000086600000| Complete 
|  81|0x0000000086700000, 0x0000000086800000, 0x0000000086800000|100%| S|CS|TAMS 0x0000000086700000, 0x0000000086700000| Complete 
|  82|0x0000000086800000, 0x0000000086800000, 0x0000000086900000|  0%| F|  |TAMS 0x0000000086800000, 0x0000000086800000| Untracked 
|  83|0x0000000086900000, 0x0000000086900000, 0x0000000086a00000|  0%| F|  |TAMS 0x0000000086900000, 0x0000000086900000| Untracked 
|  84|0x0000000086a00000, 0x0000000086a00000, 0x0000000086b00000|  0%| F|  |TAMS 0x0000000086a00000, 0x0000000086a00000| Untracked 
|  85|0x0000000086b00000, 0x0000000086b00000, 0x0000000086c00000|  0%| F|  |TAMS 0x0000000086b00000, 0x0000000086b00000| Untracked 
|  86|0x0000000086c00000, 0x0000000086c00000, 0x0000000086d00000|  0%| F|  |TAMS 0x0000000086c00000, 0x0000000086c00000| Untracked 
|  87|0x0000000086d00000, 0x0000000086d00000, 0x0000000086e00000|  0%| F|  |TAMS 0x0000000086d00000, 0x0000000086d00000| Untracked 
|  88|0x0000000086e00000, 0x0000000086e00000, 0x0000000086f00000|  0%| F|  |TAMS 0x0000000086e00000, 0x0000000086e00000| Untracked 
|  89|0x0000000086f00000, 0x0000000086f00000, 0x0000000087000000|  0%| F|  |TAMS 0x0000000086f00000, 0x0000000086f00000| Untracked 
|  90|0x0000000087000000, 0x0000000087000000, 0x0000000087100000|  0%| F|  |TAMS 0x0000000087000000, 0x0000000087000000| Untracked 
|  91|0x0000000087100000, 0x0000000087100000, 0x0000000087200000|  0%| F|  |TAMS 0x0000000087100000, 0x0000000087100000| Untracked 
|  92|0x0000000087200000, 0x0000000087200000, 0x0000000087300000|  0%| F|  |TAMS 0x0000000087200000, 0x0000000087200000| Untracked 
|  93|0x0000000087300000, 0x0000000087300000, 0x0000000087400000|  0%| F|  |TAMS 0x0000000087300000, 0x0000000087300000| Untracked 
|  94|0x0000000087400000, 0x0000000087400000, 0x0000000087500000|  0%| F|  |TAMS 0x0000000087400000, 0x0000000087400000| Untracked 
|  95|0x0000000087500000, 0x0000000087500000, 0x0000000087600000|  0%| F|  |TAMS 0x0000000087500000, 0x0000000087500000| Untracked 
|  96|0x0000000087600000, 0x0000000087600000, 0x0000000087700000|  0%| F|  |TAMS 0x0000000087600000, 0x0000000087600000| Untracked 
|  97|0x0000000087700000, 0x0000000087700000, 0x0000000087800000|  0%| F|  |TAMS 0x0000000087700000, 0x0000000087700000| Untracked 
|  98|0x0000000087800000, 0x0000000087800000, 0x0000000087900000|  0%| F|  |TAMS 0x0000000087800000, 0x0000000087800000| Untracked 
|  99|0x0000000087900000, 0x0000000087900000, 0x0000000087a00000|  0%| F|  |TAMS 0x0000000087900000, 0x0000000087900000| Untracked 
| 100|0x0000000087a00000, 0x0000000087a00000, 0x0000000087b00000|  0%| F|  |TAMS 0x0000000087a00000, 0x0000000087a00000| Untracked 
| 101|0x0000000087b00000, 0x0000000087b00000, 0x0000000087c00000|  0%| F|  |TAMS 0x0000000087b00000, 0x0000000087b00000| Untracked 
| 102|0x0000000087c00000, 0x0000000087c00000, 0x0000000087d00000|  0%| F|  |TAMS 0x0000000087c00000, 0x0000000087c00000| Untracked 
| 103|0x0000000087d00000, 0x0000000087d00000, 0x0000000087e00000|  0%| F|  |TAMS 0x0000000087d00000, 0x0000000087d00000| Untracked 
| 104|0x0000000087e00000, 0x0000000087e00000, 0x0000000087f00000|  0%| F|  |TAMS 0x0000000087e00000, 0x0000000087e00000| Untracked 
| 105|0x0000000087f00000, 0x0000000087f00000, 0x0000000088000000|  0%| F|  |TAMS 0x0000000087f00000, 0x0000000087f00000| Untracked 
| 106|0x0000000088000000, 0x0000000088000000, 0x0000000088100000|  0%| F|  |TAMS 0x0000000088000000, 0x0000000088000000| Untracked 
| 107|0x0000000088100000, 0x0000000088100000, 0x0000000088200000|  0%| F|  |TAMS 0x0000000088100000, 0x0000000088100000| Untracked 
| 108|0x0000000088200000, 0x0000000088200000, 0x0000000088300000|  0%| F|  |TAMS 0x0000000088200000, 0x0000000088200000| Untracked 
| 109|0x0000000088300000, 0x0000000088300000, 0x0000000088400000|  0%| F|  |TAMS 0x0000000088300000, 0x0000000088300000| Untracked 
| 110|0x0000000088400000, 0x0000000088400000, 0x0000000088500000|  0%| F|  |TAMS 0x0000000088400000, 0x0000000088400000| Untracked 
| 111|0x0000000088500000, 0x0000000088500000, 0x0000000088600000|  0%| F|  |TAMS 0x0000000088500000, 0x0000000088500000| Untracked 
| 112|0x0000000088600000, 0x0000000088600000, 0x0000000088700000|  0%| F|  |TAMS 0x0000000088600000, 0x0000000088600000| Untracked 
| 113|0x0000000088700000, 0x0000000088700000, 0x0000000088800000|  0%| F|  |TAMS 0x0000000088700000, 0x0000000088700000| Untracked 
| 114|0x0000000088800000, 0x0000000088800000, 0x0000000088900000|  0%| F|  |TAMS 0x0000000088800000, 0x0000000088800000| Untracked 
| 115|0x0000000088900000, 0x0000000088900000, 0x0000000088a00000|  0%| F|  |TAMS 0x0000000088900000, 0x0000000088900000| Untracked 
| 116|0x0000000088a00000, 0x0000000088a00000, 0x0000000088b00000|  0%| F|  |TAMS 0x0000000088a00000, 0x0000000088a00000| Untracked 
| 117|0x0000000088b00000, 0x0000000088b00000, 0x0000000088c00000|  0%| F|  |TAMS 0x0000000088b00000, 0x0000000088b00000| Untracked 
| 118|0x0000000088c00000, 0x0000000088c00000, 0x0000000088d00000|  0%| F|  |TAMS 0x0000000088c00000, 0x0000000088c00000| Untracked 
| 119|0x0000000088d00000, 0x0000000088d00000, 0x0000000088e00000|  0%| F|  |TAMS 0x0000000088d00000, 0x0000000088d00000| Untracked 
| 120|0x0000000088e00000, 0x0000000088e00000, 0x0000000088f00000|  0%| F|  |TAMS 0x0000000088e00000, 0x0000000088e00000| Untracked 
| 121|0x0000000088f00000, 0x0000000088f00000, 0x0000000089000000|  0%| F|  |TAMS 0x0000000088f00000, 0x0000000088f00000| Untracked 
| 122|0x0000000089000000, 0x0000000089000000, 0x0000000089100000|  0%| F|  |TAMS 0x0000000089000000, 0x0000000089000000| Untracked 
| 123|0x0000000089100000, 0x0000000089100000, 0x0000000089200000|  0%| F|  |TAMS 0x0000000089100000, 0x0000000089100000| Untracked 
| 124|0x0000000089200000, 0x0000000089200000, 0x0000000089300000|  0%| F|  |TAMS 0x0000000089200000, 0x0000000089200000| Untracked 
| 125|0x0000000089300000, 0x0000000089300000, 0x0000000089400000|  0%| F|  |TAMS 0x0000000089300000, 0x0000000089300000| Untracked 
| 126|0x0000000089400000, 0x0000000089400000, 0x0000000089500000|  0%| F|  |TAMS 0x0000000089400000, 0x0000000089400000| Untracked 
| 127|0x0000000089500000, 0x0000000089500000, 0x0000000089600000|  0%| F|  |TAMS 0x0000000089500000, 0x0000000089500000| Untracked 
| 128|0x0000000089600000, 0x0000000089600000, 0x0000000089700000|  0%| F|  |TAMS 0x0000000089600000, 0x0000000089600000| Untracked 
| 129|0x0000000089700000, 0x0000000089700000, 0x0000000089800000|  0%| F|  |TAMS 0x0000000089700000, 0x0000000089700000| Untracked 
| 130|0x0000000089800000, 0x0000000089800000, 0x0000000089900000|  0%| F|  |TAMS 0x0000000089800000, 0x0000000089800000| Untracked 
| 131|0x0000000089900000, 0x0000000089900000, 0x0000000089a00000|  0%| F|  |TAMS 0x0000000089900000, 0x0000000089900000| Untracked 
| 132|0x0000000089a00000, 0x0000000089a00000, 0x0000000089b00000|  0%| F|  |TAMS 0x0000000089a00000, 0x0000000089a00000| Untracked 
| 133|0x0000000089b00000, 0x0000000089b00000, 0x0000000089c00000|  0%| F|  |TAMS 0x0000000089b00000, 0x0000000089b00000| Untracked 
| 134|0x0000000089c00000, 0x0000000089c00000, 0x0000000089d00000|  0%| F|  |TAMS 0x0000000089c00000, 0x0000000089c00000| Untracked 
| 135|0x0000000089d00000, 0x0000000089d80800, 0x0000000089e00000| 50%| E|  |TAMS 0x0000000089d00000, 0x0000000089d00000| Complete 
| 136|0x0000000089e00000, 0x0000000089f00000, 0x0000000089f00000|100%| E|CS|TAMS 0x0000000089e00000, 0x0000000089e00000| Complete 
| 137|0x0000000089f00000, 0x000000008a000000, 0x000000008a000000|100%| E|CS|TAMS 0x0000000089f00000, 0x0000000089f00000| Complete 
| 138|0x000000008a000000, 0x000000008a100000, 0x000000008a100000|100%| E|CS|TAMS 0x000000008a000000, 0x000000008a000000| Complete 
| 139|0x000000008a100000, 0x000000008a200000, 0x000000008a200000|100%| E|CS|TAMS 0x000000008a100000, 0x000000008a100000| Complete 
| 140|0x000000008a200000, 0x000000008a300000, 0x000000008a300000|100%| E|CS|TAMS 0x000000008a200000, 0x000000008a200000| Complete 
| 141|0x000000008a300000, 0x000000008a400000, 0x000000008a400000|100%| E|CS|TAMS 0x000000008a300000, 0x000000008a300000| Complete 
| 142|0x000000008a400000, 0x000000008a500000, 0x000000008a500000|100%| E|CS|TAMS 0x000000008a400000, 0x000000008a400000| Complete 
| 143|0x000000008a500000, 0x000000008a600000, 0x000000008a600000|100%| E|CS|TAMS 0x000000008a500000, 0x000000008a500000| Complete 
| 144|0x000000008a600000, 0x000000008a700000, 0x000000008a700000|100%| E|CS|TAMS 0x000000008a600000, 0x000000008a600000| Complete 
| 145|0x000000008a700000, 0x000000008a800000, 0x000000008a800000|100%| E|CS|TAMS 0x000000008a700000, 0x000000008a700000| Complete 
| 146|0x000000008a800000, 0x000000008a900000, 0x000000008a900000|100%| E|CS|TAMS 0x000000008a800000, 0x000000008a800000| Complete 
| 147|0x000000008a900000, 0x000000008aa00000, 0x000000008aa00000|100%| E|CS|TAMS 0x000000008a900000, 0x000000008a900000| Complete 
| 148|0x000000008aa00000, 0x000000008ab00000, 0x000000008ab00000|100%| E|CS|TAMS 0x000000008aa00000, 0x000000008aa00000| Complete 
| 149|0x000000008ab00000, 0x000000008ac00000, 0x000000008ac00000|100%| E|CS|TAMS 0x000000008ab00000, 0x000000008ab00000| Complete 
| 150|0x000000008ac00000, 0x000000008ad00000, 0x000000008ad00000|100%| E|CS|TAMS 0x000000008ac00000, 0x000000008ac00000| Complete 
| 151|0x000000008ad00000, 0x000000008ae00000, 0x000000008ae00000|100%| E|CS|TAMS 0x000000008ad00000, 0x000000008ad00000| Complete 
| 152|0x000000008ae00000, 0x000000008af00000, 0x000000008af00000|100%| E|CS|TAMS 0x000000008ae00000, 0x000000008ae00000| Complete 
| 153|0x000000008af00000, 0x000000008b000000, 0x000000008b000000|100%| E|CS|TAMS 0x000000008af00000, 0x000000008af00000| Complete 

Card table byte_map: [0x000001707ec40000,0x000001707f040000] _byte_map_base: 0x000001707e835000

Marking Bits (Prev, Next): (CMBitMap*) 0x000001707e492e38, (CMBitMap*) 0x000001707e492e70
 Prev Bits: [0x0000017012de0000, 0x0000017014d88000)
 Next Bits: [0x0000017014d90000, 0x0000017016d38000)

Polling page: 0x000001707c1c0000

Metaspace:

Usage:
  Non-class:     32.43 MB capacity,    31.86 MB ( 98%) used,   459.91 KB (  1%) free+waste,   123.00 KB ( <1%) overhead. 
      Class:      5.05 MB capacity,     4.62 MB ( 92%) used,   377.74 KB (  7%) free+waste,    58.25 KB (  1%) overhead. 
       Both:     37.48 MB capacity,    36.48 MB ( 97%) used,   837.66 KB (  2%) free+waste,   181.25 KB ( <1%) overhead. 

Virtual space:
  Non-class space:       34.00 MB reserved,      32.58 MB ( 96%) committed 
      Class space:        1.00 GB reserved,       5.13 MB ( <1%) committed 
             Both:        1.03 GB reserved,      37.70 MB (  4%) committed 

Chunk freelists:
   Non-Class:  28.00 KB
       Class:  13.00 KB
        Both:  41.00 KB

CodeHeap 'non-profiled nmethods': size=120000Kb used=2285Kb max_used=2285Kb free=117714Kb
 bounds [0x000001700b8b0000, 0x000001700bb20000, 0x0000017012de0000]
CodeHeap 'profiled nmethods': size=120000Kb used=9399Kb max_used=9399Kb free=110600Kb
 bounds [0x0000017004380000, 0x0000017004cb0000, 0x000001700b8b0000]
CodeHeap 'non-nmethods': size=5760Kb used=1250Kb max_used=1298Kb free=4509Kb
 bounds [0x0000017003de0000, 0x0000017004050000, 0x0000017004380000]
 total_blobs=5295 nmethods=3798 adapters=419
 compilation: enabled
              stopped_count=0, restarted_count=0
 full_count=0

Compilation events (10 events):
Event: 8.470 Thread 0x000001707fe8f000 3931       3       com.fasterxml.jackson.databind.module.SimpleModule::_checkNotNull (26 bytes)
Event: 8.471 Thread 0x000001707fe8f000 nmethod 3931 0x0000017004c97690 code [0x0000017004c97940, 0x0000017004c985b0]
Event: 8.471 Thread 0x000001707fe8f000 3932       1       com.fasterxml.jackson.databind.type.ClassKey::hashCode (5 bytes)
Event: 8.471 Thread 0x000001707fe8f000 nmethod 3932 0x000001700baeae10 code [0x000001700baeafc0, 0x000001700baeb0f8]
Event: 8.472 Thread 0x000001707fe8f000 3933   !   3       org.springframework.util.ReflectionUtils::getDeclaredFields (104 bytes)
Event: 8.474 Thread 0x000001707fe8f000 nmethod 3933 0x0000017004c98a10 code [0x0000017004c98e40, 0x0000017004c9ab20]
Event: 8.506 Thread 0x000001707fe8f000 3936       3       sun.reflect.annotation.AnnotationParser::contains (36 bytes)
Event: 8.506 Thread 0x000001707fe8f000 nmethod 3936 0x0000017004c9b610 code [0x0000017004c9b7c0, 0x0000017004c9ba18]
Event: 8.507 Thread 0x000001707fe8f000 3937       3       java.lang.reflect.ProxyGenerator$ProxyMethod::codeUnwrapReturnValue (213 bytes)
Event: 8.510 Thread 0x000001707fe8f000 nmethod 3937 0x0000017004c9bb10 code [0x0000017004c9c160, 0x0000017004c9f810]

GC Heap History (10 events):
Event: 1.573 GC heap before
{Heap before GC invocations=1 (full 0):
 garbage-first heap   total 131072K, used 80724K [0x0000000081600000, 0x0000000100000000)
  region size 1024K, 76 young (77824K), 3 survivors (3072K)
 Metaspace       used 14777K, capacity 15342K, committed 15488K, reserved 1062912K
  class space    used 1962K, capacity 2171K, committed 2176K, reserved 1048576K
}
Event: 1.581 GC heap after
{Heap after GC invocations=2 (full 0):
 garbage-first heap   total 131072K, used 9711K [0x0000000081600000, 0x0000000100000000)
  region size 1024K, 6 young (6144K), 6 survivors (6144K)
 Metaspace       used 14777K, capacity 15342K, committed 15488K, reserved 1062912K
  class space    used 1962K, capacity 2171K, committed 2176K, reserved 1048576K
}
Event: 2.175 GC heap before
{Heap before GC invocations=2 (full 0):
 garbage-first heap   total 131072K, used 80367K [0x0000000081600000, 0x0000000100000000)
  region size 1024K, 76 young (77824K), 6 survivors (6144K)
 Metaspace       used 19063K, capacity 19620K, committed 19840K, reserved 1067008K
  class space    used 2443K, capacity 2660K, committed 2688K, reserved 1048576K
}
Event: 2.190 GC heap after
{Heap after GC invocations=3 (full 0):
 garbage-first heap   total 131072K, used 11293K [0x0000000081600000, 0x0000000100000000)
  region size 1024K, 5 young (5120K), 5 survivors (5120K)
 Metaspace       used 19063K, capacity 19620K, committed 19840K, reserved 1067008K
  class space    used 2443K, capacity 2660K, committed 2688K, reserved 1048576K
}
Event: 3.348 GC heap before
{Heap before GC invocations=3 (full 0):
 garbage-first heap   total 131072K, used 77853K [0x0000000081600000, 0x0000000100000000)
  region size 1024K, 71 young (72704K), 5 survivors (5120K)
 Metaspace       used 20529K, capacity 21153K, committed 21296K, reserved 1067008K
  class space    used 2596K, capacity 2861K, committed 2944K, reserved 1048576K
}
Event: 3.366 GC heap after
{Heap after GC invocations=4 (full 0):
 garbage-first heap   total 131072K, used 11808K [0x0000000081600000, 0x0000000100000000)
  region size 1024K, 5 young (5120K), 5 survivors (5120K)
 Metaspace       used 20529K, capacity 21153K, committed 21296K, reserved 1067008K
  class space    used 2596K, capacity 2861K, committed 2944K, reserved 1048576K
}
Event: 7.240 GC heap before
{Heap before GC invocations=5 (full 0):
 garbage-first heap   total 131072K, used 83488K [0x0000000081600000, 0x0000000100000000)
  region size 1024K, 76 young (77824K), 5 survivors (5120K)
 Metaspace       used 29646K, capacity 30528K, committed 30640K, reserved 1075200K
  class space    used 3734K, capacity 4072K, committed 4096K, reserved 1048576K
}
Event: 7.271 GC heap after
{Heap after GC invocations=6 (full 0):
 garbage-first heap   total 157696K, used 15724K [0x0000000081600000, 0x0000000100000000)
  region size 1024K, 9 young (9216K), 9 survivors (9216K)
 Metaspace       used 29646K, capacity 30528K, committed 30640K, reserved 1075200K
  class space    used 3734K, capacity 4072K, committed 4096K, reserved 1048576K
}
Event: 8.243 GC heap before
{Heap before GC invocations=6 (full 0):
 garbage-first heap   total 157696K, used 87404K [0x0000000081600000, 0x0000000100000000)
  region size 1024K, 81 young (82944K), 9 survivors (9216K)
 Metaspace       used 34757K, capacity 35747K, committed 35920K, reserved 1081344K
  class space    used 4363K, capacity 4765K, committed 4864K, reserved 1048576K
}
Event: 8.263 GC heap after
{Heap after GC invocations=7 (full 0):
 garbage-first heap   total 157696K, used 17353K [0x0000000081600000, 0x0000000100000000)
  region size 1024K, 8 young (8192K), 8 survivors (8192K)
 Metaspace       used 34757K, capacity 35747K, committed 35920K, reserved 1081344K
  class space    used 4363K, capacity 4765K, committed 4864K, reserved 1048576K
}

Deoptimization events (10 events):
Event: 8.487 Thread 0x000001707e453000 DEOPT PACKING pc=0x00000170044b6904 sp=0x00000011a47fcea0
Event: 8.487 Thread 0x000001707e453000 DEOPT UNPACKING pc=0x0000017003e1d6ce sp=0x00000011a47fc358 mode 1
Event: 8.488 Thread 0x000001707e453000 DEOPT PACKING pc=0x00000170044f735c sp=0x00000011a47fce90
Event: 8.488 Thread 0x000001707e453000 DEOPT UNPACKING pc=0x0000017003e1d6ce sp=0x00000011a47fc328 mode 1
Event: 8.488 Thread 0x000001707e453000 DEOPT PACKING pc=0x00000170044b6904 sp=0x00000011a47fcf60
Event: 8.488 Thread 0x000001707e453000 DEOPT UNPACKING pc=0x0000017003e1d6ce sp=0x00000011a47fc418 mode 1
Event: 8.489 Thread 0x000001707e453000 DEOPT PACKING pc=0x00000170044f735c sp=0x00000011a47fcf60
Event: 8.489 Thread 0x000001707e453000 DEOPT UNPACKING pc=0x0000017003e1d6ce sp=0x00000011a47fc3f8 mode 1
Event: 8.489 Thread 0x000001707e453000 DEOPT PACKING pc=0x00000170044b6904 sp=0x00000011a47fd030
Event: 8.489 Thread 0x000001707e453000 DEOPT UNPACKING pc=0x0000017003e1d6ce sp=0x00000011a47fc4e8 mode 1

Classes redefined (0 events):
No events

Internal exceptions (10 events):
Event: 7.762 Thread 0x000001707e453000 Exception <a 'java/lang/ClassNotFoundException'{0x00000000887d0ad8}: org/springframework/context/annotation/ImportAwareCustomizer> (0x00000000887d0ad8) thrown at [c:/BuildAgent/work/5ff2f6c26000d570/src/hotspot/share/classfile/systemDictionary.cpp, line 2
Event: 7.763 Thread 0x000001707e453000 Exception <a 'java/lang/ClassNotFoundException'{0x00000000887e2c30}: org/springframework/beans/factory/AwareCustomizer> (0x00000000887e2c30) thrown at [c:/BuildAgent/work/5ff2f6c26000d570/src/hotspot/share/classfile/systemDictionary.cpp, line 231]
Event: 7.765 Thread 0x000001707e453000 Exception <a 'java/lang/ClassNotFoundException'{0x00000000887f6298}: org/springframework/context/ApplicationContextAwareCustomizer> (0x00000000887f6298) thrown at [c:/BuildAgent/work/5ff2f6c26000d570/src/hotspot/share/classfile/systemDictionary.cpp, line 
Event: 7.766 Thread 0x000001707e453000 Exception <a 'java/lang/ClassNotFoundException'{0x0000000088609200}: org/springframework/beans/factory/AwareCustomizer> (0x0000000088609200) thrown at [c:/BuildAgent/work/5ff2f6c26000d570/src/hotspot/share/classfile/systemDictionary.cpp, line 231]
Event: 7.777 Thread 0x000001707e453000 Exception <a 'java/lang/NoSuchMethodError'{0x0000000088644b08}: 'void java.lang.invoke.DirectMethodHandle$Holder.invokeVirtual(java.lang.Object, java.lang.Object, int)'> (0x0000000088644b08) thrown at [c:/BuildAgent/work/5ff2f6c26000d570/src/hotspot/share
Event: 7.825 Thread 0x000001707e453000 Exception <a 'java/lang/NoSuchMethodError'{0x000000008841ce30}: 'void java.lang.invoke.DirectMethodHandle$Holder.invokeVirtual(java.lang.Object, java.lang.Object, java.lang.Object, java.lang.Object)'> (0x000000008841ce30) thrown at [c:/BuildAgent/work/5ff
Event: 7.903 Thread 0x000001707e453000 Implicit null exception at 0x000001700ba1adda to 0x000001700ba1b0e2
Event: 8.039 Thread 0x000001707e453000 Exception <a 'java/lang/NoSuchMethodError'{0x000000008789f280}: 'void java.lang.invoke.DirectMethodHandle$Holder.invokeStatic(java.lang.Object, java.lang.Object, int)'> (0x000000008789f280) thrown at [c:/BuildAgent/work/5ff2f6c26000d570/src/hotspot/share/
Event: 8.436 Thread 0x000001707e453000 Exception <a 'java/lang/NoSuchMethodError'{0x000000008a9722c8}: 'java.lang.Object java.lang.invoke.DirectMethodHandle$Holder.invokeStaticInit(java.lang.Object, java.lang.Object, java.lang.Object, java.lang.Object)'> (0x000000008a9722c8) thrown at [c:/Buil
Event: 8.456 Thread 0x000001707e453000 Exception <a 'java/lang/NoSuchMethodError'{0x000000008a732550}: 'java.lang.Object java.lang.invoke.DirectMethodHandle$Holder.invokeSpecialIFC(java.lang.Object, java.lang.Object, java.lang.Object, java.lang.Object)'> (0x000000008a732550) thrown at [c:/Buil

Events (10 events):
Event: 8.521 loading class javax/websocket/EndpointConfig
Event: 8.521 loading class javax/websocket/EndpointConfig done
Event: 8.521 loading class net/bytebuddy/implementation/bytecode/assign/primitive/PrimitiveTypeAwareAssigner
Event: 8.521 loading class net/bytebuddy/implementation/bytecode/assign/primitive/PrimitiveTypeAwareAssigner done
Event: 8.522 loading class org/apache/tomcat/websocket/WsRemoteEndpointImplBase
Event: 8.522 loading class org/apache/tomcat/websocket/WsRemoteEndpointImplBase done
Event: 8.522 loading class net/bytebuddy/implementation/bytecode/assign/reference/ReferenceTypeAwareAssigner
Event: 8.522 loading class net/bytebuddy/implementation/bytecode/assign/reference/ReferenceTypeAwareAssigner done
Event: 8.522 loading class net/bytebuddy/implementation/bytecode/StackManipulation$Illegal
Event: 8.522 loading class net/bytebuddy/implementation/bytecode/StackManipulation$Illegal done


Dynamic libraries:
0x00007ff695bd0000 - 0x00007ff695c17000 	C:\Program Files\JetBrains\IntelliJ IDEA Community Edition 2019.2.4\jbr\bin\java.exe
0x00007ff9abde0000 - 0x00007ff9abfd0000 	C:\Windows\SYSTEM32\ntdll.dll
0x00007ff978960000 - 0x00007ff978972000 	C:\Program Files\AVAST Software\Avast\aswhook.dll
0x00007ff9ab9a0000 - 0x00007ff9aba52000 	C:\Windows\System32\KERNEL32.DLL
0x00007ff9a91d0000 - 0x00007ff9a9475000 	C:\Windows\System32\KERNELBASE.dll
0x00007ff9a9f20000 - 0x00007ff9aa0b4000 	C:\Windows\System32\USER32.dll
0x00007ff9a9e60000 - 0x00007ff9a9e81000 	C:\Windows\System32\win32u.dll
0x00007ff9aa1f0000 - 0x00007ff9aa216000 	C:\Windows\System32\GDI32.dll
0x00007ff9a94a0000 - 0x00007ff9a9636000 	C:\Windows\System32\gdi32full.dll
0x00007ff9a90a0000 - 0x00007ff9a913e000 	C:\Windows\System32\msvcp_win.dll
0x00007ff9a8da0000 - 0x00007ff9a8e9a000 	C:\Windows\System32\ucrtbase.dll
0x00007ff98f420000 - 0x00007ff98f6a4000 	C:\Windows\WinSxS\amd64_microsoft.windows.common-controls_6595b64144ccf1df_6.0.18362.1256_none_9e7e379be45e40e2\COMCTL32.dll
0x00007ff9abca0000 - 0x00007ff9abd3e000 	C:\Windows\System32\msvcrt.dll
0x00007ff9aa360000 - 0x00007ff9aa696000 	C:\Windows\System32\combase.dll
0x00007ff9aa0d0000 - 0x00007ff9aa1f0000 	C:\Windows\System32\RPCRT4.dll
0x00007ff9a9640000 - 0x00007ff9a96c1000 	C:\Windows\System32\bcryptPrimitives.dll
0x00007ff9abc10000 - 0x00007ff9abc3e000 	C:\Windows\System32\IMM32.DLL
0x00007ff9a4490000 - 0x00007ff9a44a7000 	C:\Program Files\JetBrains\IntelliJ IDEA Community Edition 2019.2.4\jbr\bin\vcruntime140.dll
0x00007ff98e900000 - 0x00007ff98e99d000 	C:\Program Files\JetBrains\IntelliJ IDEA Community Edition 2019.2.4\jbr\bin\msvcp140.dll
0x00007ff941020000 - 0x00007ff941ad8000 	C:\Program Files\JetBrains\IntelliJ IDEA Community Edition 2019.2.4\jbr\bin\server\jvm.dll
0x00007ff9ab220000 - 0x00007ff9ab2c3000 	C:\Windows\System32\ADVAPI32.dll
0x00007ff9ab740000 - 0x00007ff9ab7d7000 	C:\Windows\System32\sechost.dll
0x00007ff9aa0c0000 - 0x00007ff9aa0c8000 	C:\Windows\System32\PSAPI.DLL
0x00007ff993c90000 - 0x00007ff993c99000 	C:\Windows\SYSTEM32\WSOCK32.dll
0x00007ff9ab800000 - 0x00007ff9ab86f000 	C:\Windows\System32\WS2_32.dll
0x00007ff9a6540000 - 0x00007ff9a6564000 	C:\Windows\SYSTEM32\WINMM.dll
0x00007ff9a40f0000 - 0x00007ff9a40fa000 	C:\Windows\SYSTEM32\VERSION.dll
0x00007ff9a6510000 - 0x00007ff9a653d000 	C:\Windows\SYSTEM32\WINMMBASE.dll
0x00007ff9a8d50000 - 0x00007ff9a8d9a000 	C:\Windows\System32\cfgmgr32.dll
0x00007ff9a8ce0000 - 0x00007ff9a8cf1000 	C:\Windows\System32\kernel.appcore.dll
0x00007ff9a41b0000 - 0x00007ff9a41c1000 	C:\Program Files\JetBrains\IntelliJ IDEA Community Edition 2019.2.4\jbr\bin\verify.dll
0x00007ff9a7580000 - 0x00007ff9a7774000 	C:\Windows\SYSTEM32\DBGHELP.DLL
0x00007ff9a1110000 - 0x00007ff9a113a000 	C:\Windows\SYSTEM32\dbgcore.DLL
0x00007ff995b00000 - 0x00007ff995b29000 	C:\Program Files\JetBrains\IntelliJ IDEA Community Edition 2019.2.4\jbr\bin\java.dll
0x00007ff98eee0000 - 0x00007ff98ef18000 	C:\Program Files\JetBrains\IntelliJ IDEA Community Edition 2019.2.4\jbr\bin\jdwp.dll
0x00007ff98cfc0000 - 0x00007ff98cff4000 	C:\Program Files\JetBrains\IntelliJ IDEA Community Edition 2019.2.4\jbr\bin\instrument.dll
0x00007ff97b720000 - 0x00007ff97b737000 	C:\Program Files\JetBrains\IntelliJ IDEA Community Edition 2019.2.4\jbr\bin\zip.dll
0x00007ff9a4e50000 - 0x00007ff9a4e5b000 	C:\Program Files\JetBrains\IntelliJ IDEA Community Edition 2019.2.4\jbr\bin\jimage.dll
0x00007ff9aa760000 - 0x00007ff9aae47000 	C:\Windows\System32\SHELL32.dll
0x00007ff9ab010000 - 0x00007ff9ab0b9000 	C:\Windows\System32\shcore.dll
0x00007ff9a96d0000 - 0x00007ff9a9e51000 	C:\Windows\System32\windows.storage.dll
0x00007ff9a8d20000 - 0x00007ff9a8d43000 	C:\Windows\System32\profapi.dll
0x00007ff9a8c90000 - 0x00007ff9a8cda000 	C:\Windows\System32\powrprof.dll
0x00007ff9a8c80000 - 0x00007ff9a8c90000 	C:\Windows\System32\UMPDC.dll
0x00007ff9abd40000 - 0x00007ff9abd92000 	C:\Windows\System32\shlwapi.dll
0x00007ff9a9480000 - 0x00007ff9a9497000 	C:\Windows\System32\cryptsp.dll
0x00007ff995c00000 - 0x00007ff995c0b000 	C:\Program Files\JetBrains\IntelliJ IDEA Community Edition 2019.2.4\jbr\bin\dt_socket.dll
0x00007ff9a84d0000 - 0x00007ff9a8537000 	C:\Windows\system32\mswsock.dll
0x00007ff97aee0000 - 0x00007ff97aefa000 	C:\Program Files\JetBrains\IntelliJ IDEA Community Edition 2019.2.4\jbr\bin\net.dll
0x00007ff99efd0000 - 0x00007ff99f0c0000 	C:\Windows\SYSTEM32\WINHTTP.dll
0x00007ff995f20000 - 0x00007ff9960f6000 	C:\Windows\SYSTEM32\urlmon.dll
0x00007ff999e30000 - 0x00007ff99a0d7000 	C:\Windows\SYSTEM32\iertutil.dll
0x00007ff9a86a0000 - 0x00007ff9a86ac000 	C:\Windows\SYSTEM32\CRYPTBASE.DLL
0x00007ff97adb0000 - 0x00007ff97adc4000 	C:\Program Files\JetBrains\IntelliJ IDEA Community Edition 2019.2.4\jbr\bin\nio.dll
0x00007ff995810000 - 0x00007ff99581a000 	C:\Program Files\JetBrains\IntelliJ IDEA Community Edition 2019.2.4\jbr\bin\management.dll
0x00007ff98d9d0000 - 0x00007ff98d9dc000 	C:\Program Files\JetBrains\IntelliJ IDEA Community Edition 2019.2.4\jbr\bin\management_ext.dll
0x00007ff98b520000 - 0x00007ff98b536000 	C:\Windows\system32\napinsp.dll
0x00007ff98ab60000 - 0x00007ff98ab7a000 	C:\Windows\system32\pnrpnsp.dll
0x00007ff9a8220000 - 0x00007ff9a82eb000 	C:\Windows\SYSTEM32\DNSAPI.dll
0x00007ff9aa750000 - 0x00007ff9aa758000 	C:\Windows\System32\NSI.dll
0x00007ff9a81e0000 - 0x00007ff9a821a000 	C:\Windows\SYSTEM32\IPHLPAPI.DLL
0x00007ff98aaf0000 - 0x00007ff98aafe000 	C:\Windows\System32\winrnr.dll
0x00007ff9a4e60000 - 0x00007ff9a4e7c000 	C:\Windows\system32\NLAapi.dll
0x00007ff98a580000 - 0x00007ff98a595000 	C:\Windows\system32\wshbth.dll
0x00007ff9a0e10000 - 0x00007ff9a0e1a000 	C:\Windows\System32\rasadhlp.dll
0x00007ff9a0f10000 - 0x00007ff9a0f87000 	C:\Windows\System32\fwpuclnt.dll
0x00007ff9a9140000 - 0x00007ff9a9166000 	C:\Windows\System32\bcrypt.dll
0x00007ff9a8040000 - 0x00007ff9a8073000 	C:\Windows\system32\rsaenh.dll
0x00007ff9a8ba0000 - 0x00007ff9a8bc5000 	C:\Windows\SYSTEM32\USERENV.dll
0x00007ff9a3510000 - 0x00007ff9a3526000 	C:\Windows\SYSTEM32\dhcpcsvc6.DLL
0x00007ff9a25d0000 - 0x00007ff9a25ec000 	C:\Windows\SYSTEM32\dhcpcsvc.DLL

dbghelp: loaded successfully - version: 4.0.5 - missing functions: none
symbol engine: initialized successfully - sym options: 0x614 - pdb path: .;C:\Program Files\JetBrains\IntelliJ IDEA Community Edition 2019.2.4\jbr\bin;C:\Windows\SYSTEM32;C:\Program Files\AVAST Software\Avast;C:\Windows\WinSxS\amd64_microsoft.windows.common-controls_6595b64144ccf1df_6.0.18362.1256_none_9e7e379be45e40e2;C:\Program Files\JetBrains\IntelliJ IDEA Community Edition 2019.2.4\jbr\bin\server

VM Arguments:
jvm_args: -agentlib:jdwp=transport=dt_socket,address=127.0.0.1:58416,suspend=y,server=n -javaagent:C:\Users\Daniil\.IdeaIC2019.2\system\captureAgent\debugger-agent.jar -Dfile.encoding=UTF-8 
java_command: ru.univer.db.vcs.Application
java_class_path (initial): C:\Program Files (x86)\MySQL\Connector J 5.1\mysql-connector-java-5.1.49-bin.jar;C:\Users\Daniil\IdeaProjects\VCSapp\Backend\target\classes;C:\Users\Daniil\.m2\repository\org\postgresql\postgresql\42.2.18\postgresql-42.2.18.jar;C:\Users\Daniil\.m2\repository\org\checkerframework\checker-qual\3.5.0\checker-qual-3.5.0.jar;C:\Users\Daniil\.m2\repository\org\springframework\boot\spring-boot-starter-freemarker\2.3.1.RELEASE\spring-boot-starter-freemarker-2.3.1.RELEASE.jar;C:\Users\Daniil\.m2\repository\org\springframework\boot\spring-boot-starter\2.3.1.RELEASE\spring-boot-starter-2.3.1.RELEASE.jar;C:\Users\Daniil\.m2\repository\org\springframework\boot\spring-boot\2.3.1.RELEASE\spring-boot-2.3.1.RELEASE.jar;C:\Users\Daniil\.m2\repository\org\springframework\boot\spring-boot-autoconfigure\2.3.1.RELEASE\spring-boot-autoconfigure-2.3.1.RELEASE.jar;C:\Users\Daniil\.m2\repository\org\springframework\boot\spring-boot-starter-logging\2.3.1.RELEASE\spring-boot-starter-logging-2.3.1.RELEASE.jar;C:\Users\Daniil\.m2\repository\ch\qos\logback\logback-classic\1.2.3\logback-classic-1.2.3.jar;C:\Users\Daniil\.m2\repository\ch\qos\logback\logback-core\1.2.3\logback-core-1.2.3.jar;C:\Users\Daniil\.m2\repository\org\apache\logging\log4j\log4j-to-slf4j\2.13.3\log4j-to-slf4j-2.13.3.jar;C:\Users\Daniil\.m2\repository\org\apache\logging\log4j\log4j-api\2.13.3\log4j-api-2.13.3.jar;C:\Users\Daniil\.m2\repository\org\slf4j\jul-to-slf4j\1.7.30\jul-to-slf4j-1.7.30.jar;C:\Users\Daniil\.m2\repository\jakarta\annotation\jakarta.annotation-api\1.3.5\jakarta.annotation-api-1.3.5.jar;C:\Users\Daniil\.m2\repository\org\yaml\snakeyaml\1.26\snakeyaml-1.26.jar;C:\Users\Daniil\.m2\repository\org\freemarker\freemarker\2.3.30\freemarker-2.3.30.jar;C:\Users\Daniil\.m2\repository\org\springframework\spring-context-support\5.2.7.RELEASE\spring-context-support-5.2.7.RELEASE.jar;C:\Users\Daniil\.m2\repository\org\springframework\spring-beans\5.2.7.RELEASE\spring-beans-5.2.7.RELEASE.jar;
Launcher Type: SUN_STANDARD

[Global flags]
     intx CICompilerCount                          = 4                                         {product} {ergonomic}
     uint ConcGCThreads                            = 2                                         {product} {ergonomic}
     uint G1ConcRefinementThreads                  = 8                                         {product} {ergonomic}
   size_t G1HeapRegionSize                         = 1048576                                   {product} {ergonomic}
    uintx GCDrainStackTargetSize                   = 64                                        {product} {ergonomic}
   size_t InitialHeapSize                          = 134217728                                 {product} {ergonomic}
   size_t MarkStackSize                            = 4194304                                   {product} {ergonomic}
   size_t MaxHeapSize                              = 2124414976                                {product} {ergonomic}
   size_t MaxNewSize                               = 1274019840                                {product} {ergonomic}
   size_t MinHeapDeltaBytes                        = 1048576                                   {product} {ergonomic}
    uintx NonNMethodCodeHeapSize                   = 5835340                                {pd product} {ergonomic}
    uintx NonProfiledCodeHeapSize                  = 122911450                              {pd product} {ergonomic}
    uintx ProfiledCodeHeapSize                     = 122911450                              {pd product} {ergonomic}
    uintx ReservedCodeCacheSize                    = 251658240                              {pd product} {ergonomic}
     bool SegmentedCodeCache                       = true                                      {product} {ergonomic}
     bool UseCompressedClassPointers               = true                                 {lp64_product} {ergonomic}
     bool UseCompressedOops                        = true                                 {lp64_product} {ergonomic}
     bool UseG1GC                                  = true                                      {product} {ergonomic}
     bool UseLargePagesIndividualAllocation        = false                                  {pd product} {ergonomic}

Logging:
Log output configuration:
 #0: stdout all=warning uptime,level,tags
 #1: stderr all=off uptime,level,tags

Environment Variables:
CLASSPATH=.;
PATH=C:\Program Files\Java\jdk1.8.0_231\bin;C:\Program Files\MATLAB\R2017b\bin;C:\Program Files (x86)\CodeBlocks\MinGW\bin;C:\Users\Daniil\AppData\Local\Programs\Microsoft VS Code\bin;C:\Program Files\nodejs\;C:\Windows\System32;C:\Program Files (x86)\CodeBlocks\MinGW\bin;C:\Program Files\PostgreSQL\12\bin;C:\Users\Daniil\AppData\Local\Programs\Python\Python38-32\Scripts\;C:\Users\Daniil\AppData\Local\Programs\Python\Python38-32\;C:\Users\\AppData\Local\Programs\Python\Python37-32\Scripts\;C:\Users\\AppData\Local\Programs\Python\Python37-32\;C:\Users\\AppData\Local\Microsoft\WindowsApps;C:\Users\\AppData\Local\GitHubDesktop\bin;C:\Program Files\JetBrains\IntelliJ IDEA Community Edition 2019.2.4\bin;C:\Program Files\JetBrains\PyCharm Community Edition 2019.2.5\bin;C:\Users\Daniil\AppData\Local\GitHubDesktop\bin;C:\Program Files (x86)\CodeBlocks\MinGW\bin;C:\Users\Daniil\AppData\Local\Programs\Microsoft VS Code\bin;C:\Users\Daniil\AppData\Roaming\npm;C:\Windows\System32;;C:\Program Files\JetBrains\DataGrip 2020.3\bin;
USERNAME=Daniiil
OS=Windows_NT
PROCESSOR_IDENTIFIER=Intel64 Family 6 Model 142 Stepping 10, GenuineIntel



---------------  S Y S T E M  ---------------

OS: Windows 10 , 64 bit Build 18362 (10.0.18362.1110)

CPU:total 8 (initial active 8) (4 cores per cpu, 2 threads per core) family 6 model 142 stepping 10, cmov, cx8, fxsr, mmx, sse, sse2, sse3, ssse3, sse4.1, sse4.2, popcnt, avx, avx2, aes, clmul, erms, 3dnowpref, lzcnt, ht, tsc, tscinvbit, bmi1, bmi2, adx, fma

Memory: 4k page, system-wide physical 8101M (462M free)
TotalPageFile size 11101M (AvailPageFile size 3M)
current process WorkingSet (physical memory assigned to process): 297M, peak: 300M
current process commit charge ("private bytes"): 377M, peak: 379M

vm_info: OpenJDK 64-Bit Server VM (11.0.4+10-b304.77) for windows-amd64 JRE (11.0.4+10-b304.77), built on Oct 10 2019 15:02:36 by "" with MS VC++ 14.0 (VS2015)

END.
