#
# There is insufficient memory for the Java Runtime Environment to continue.
# Native memory allocation (malloc) failed to allocate 3869296 bytes for Chunk::new
# Possible reasons:
#   The system is out of physical RAM or swap space
#   The process is running with CompressedOops enabled, and the Java Heap may be blocking the growth of the native heap
# Possible solutions:
#   Reduce memory load on the system
#   Increase physical memory or swap space
#   Check if swap backing store is full
#   Decrease Java heap size (-Xmx/-Xms)
#   Decrease number of Java threads
#   Decrease Java thread stack sizes (-Xss)
#   Set larger code cache with -XX:ReservedCodeCacheSize=
#   JVM is running with Unscaled Compressed Oops mode in which the Java heap is
#     placed in the first 4GB address space. The Java Heap base address is the
#     maximum limit for the native heap growth. Please use -XX:HeapBaseMinAddress
#     to set the Java Heap base and to place the Java Heap above 4GB virtual address.
# This output file may be truncated or incomplete.
#
#  Out of Memory Error (c:/BuildAgent/work/5ff2f6c26000d570/src/hotspot/share/memory/arena.cpp:197), pid=2772, tid=6432
#
# JRE version: OpenJDK Runtime Environment (11.0.4+10) (build 11.0.4+10-b304.77)
# Java VM: OpenJDK 64-Bit Server VM (11.0.4+10-b304.77, mixed mode, sharing, tiered, compressed oops, g1 gc, windows-amd64)
# No core dump will be written. Minidumps are not enabled by default on client versions of Windows
#

---------------  S U M M A R Y ------------

Command Line: -agentlib:jdwp=transport=dt_socket,address=127.0.0.1:53429,suspend=y,server=n -javaagent:C:\Users\Daniil\.IdeaIC2019.2\system\captureAgent\debugger-agent.jar -Dfile.encoding=UTF-8 ru.univer.db.vcs.Application

Host: Intel(R) Core(TM) i5-8250U CPU @ 1.60GHz, 8 cores, 7G,  Windows 10 , 64 bit Build 18362 (10.0.18362.1110)
Time: Fri Dec 25 14:15:05 2020 RTZ 2 (ceia) elapsed time: 6 seconds (0d 0h 0m 6s)

---------------  T H R E A D  ---------------

Current thread (0x0000020105315800):  JavaThread "C2 CompilerThread1" daemon [_thread_in_native, id=6432, stack(0x00000025d4c00000,0x00000025d4d00000)]


Current CompileTask:
C2:   6227 3833   !   4       org.springframework.core.annotation.AnnotationsScanner::processClassHierarchy (236 bytes)

Stack: [0x00000025d4c00000,0x00000025d4d00000]
Native frames: (J=compiled Java code, j=interpreted, Vv=VM code, C=native code)
V  [jvm.dll+0x5db31a]
V  [jvm.dll+0x70c395]
V  [jvm.dll+0x70d8b8]
V  [jvm.dll+0x70df83]
V  [jvm.dll+0x23dbb8]
V  [jvm.dll+0xb91fc]
V  [jvm.dll+0xb96fc]
V  [jvm.dll+0x34f3cb]
V  [jvm.dll+0x19456c]
V  [jvm.dll+0x1f793e]
V  [jvm.dll+0x1f6a04]
V  [jvm.dll+0x17fd7c]
V  [jvm.dll+0x204d17]
V  [jvm.dll+0x2035b2]
V  [jvm.dll+0x6d956f]
V  [jvm.dll+0x6d236d]
V  [jvm.dll+0x5da5e6]
C  [ucrtbase.dll+0x210b2]
C  [KERNEL32.DLL+0x17c24]
C  [ntdll.dll+0x6d4d1]


---------------  P R O C E S S  ---------------

Threads class SMR info:
_java_thread_list=0x0000020105f127e0, length=36, elements={
0x0000020168b43000, 0x000002017fb13000, 0x000002017fb16800, 0x000002017fb33000,
0x000002017fb34000, 0x000002017fb39800, 0x000002017fb3b000, 0x000002017fb48000,
0x00000201048b0000, 0x00000201049cc000, 0x00000201049a4000, 0x00000201049a5000,
0x0000020104ba7800, 0x0000020105315800, 0x000002010b35d000, 0x000002010b35a800,
0x000002010b35d800, 0x000002010b358000, 0x000002010b35b800, 0x000002010b35e800,
0x000002010b359000, 0x000002010b35c000, 0x000002010b359800, 0x00000201132f1000,
0x00000201132f3800, 0x00000201132f5800, 0x00000201132f4800, 0x00000201132f6000,
0x00000201132f2000, 0x00000201132f7000, 0x00000201132f8800, 0x00000201132f7800,
0x00000201132f3000, 0x00000201132fe000, 0x00000201132fb000, 0x00000201132f9800
}

Java Threads: ( => current thread )
  0x0000020168b43000 JavaThread "main" [_thread_blocked, id=2412, stack(0x00000025d3a00000,0x00000025d3b00000)]
  0x000002017fb13000 JavaThread "Reference Handler" daemon [_thread_blocked, id=8060, stack(0x00000025d4100000,0x00000025d4200000)]
  0x000002017fb16800 JavaThread "Finalizer" daemon [_thread_blocked, id=14408, stack(0x00000025d4200000,0x00000025d4300000)]
  0x000002017fb33000 JavaThread "Signal Dispatcher" daemon [_thread_blocked, id=11776, stack(0x00000025d4300000,0x00000025d4400000)]
  0x000002017fb34000 JavaThread "Attach Listener" daemon [_thread_blocked, id=3240, stack(0x00000025d4400000,0x00000025d4500000)]
  0x000002017fb39800 JavaThread "C2 CompilerThread0" daemon [_thread_in_native, id=12660, stack(0x00000025d4500000,0x00000025d4600000)]
  0x000002017fb3b000 JavaThread "C1 CompilerThread0" daemon [_thread_in_native, id=9768, stack(0x00000025d4600000,0x00000025d4700000)]
  0x000002017fb48000 JavaThread "Sweeper thread" daemon [_thread_blocked, id=14304, stack(0x00000025d4700000,0x00000025d4800000)]
  0x00000201048b0000 JavaThread "Common-Cleaner" daemon [_thread_blocked, id=11784, stack(0x00000025d4800000,0x00000025d4900000)]
  0x00000201049cc000 JavaThread "JDWP Transport Listener: dt_socket" daemon [_thread_blocked, id=11744, stack(0x00000025d4900000,0x00000025d4a00000)]
  0x00000201049a4000 JavaThread "JDWP Event Helper Thread" daemon [_thread_in_native, id=10340, stack(0x00000025d4a00000,0x00000025d4b00000)]
  0x00000201049a5000 JavaThread "JDWP Command Reader" daemon [_thread_in_native, id=10704, stack(0x00000025d4b00000,0x00000025d4c00000)]
  0x0000020104ba7800 JavaThread "Service Thread" daemon [_thread_blocked, id=8760, stack(0x00000025d4d00000,0x00000025d4e00000)]
=>0x0000020105315800 JavaThread "C2 CompilerThread1" daemon [_thread_in_native, id=6432, stack(0x00000025d4c00000,0x00000025d4d00000)]
  0x000002010b35d000 JavaThread "task-1" [_thread_in_Java, id=648, stack(0x00000025d4f00000,0x00000025d5000000)]
  0x000002010b35a800 JavaThread "mysql-cj-abandoned-connection-cleanup" daemon [_thread_blocked, id=13768, stack(0x00000025d5400000,0x00000025d5500000)]
  0x000002010b35d800 JavaThread "PostgreSQL-JDBC-SharedTimer-1" daemon [_thread_blocked, id=2452, stack(0x00000025d5600000,0x00000025d5700000)]
  0x000002010b358000 JavaThread "HikariPool-1 housekeeper" daemon [_thread_blocked, id=13920, stack(0x00000025d5700000,0x00000025d5800000)]
  0x000002010b35b800 JavaThread "Catalina-utility-1" [_thread_blocked, id=7608, stack(0x00000025d5800000,0x00000025d5900000)]
  0x000002010b35e800 JavaThread "Catalina-utility-2" [_thread_blocked, id=9660, stack(0x00000025d5900000,0x00000025d5a00000)]
  0x000002010b359000 JavaThread "container-0" [_thread_blocked, id=9896, stack(0x00000025d5a00000,0x00000025d5b00000)]
  0x000002010b35c000 JavaThread "HikariPool-1 connection adder" daemon [_thread_in_native, id=9788, stack(0x00000025d5b00000,0x00000025d5c00000)]
  0x000002010b359800 JavaThread "ClassGraph-worker-0" daemon [_thread_in_Java, id=14484, stack(0x00000025d5c00000,0x00000025d5d00000)]
  0x00000201132f1000 JavaThread "ClassGraph-worker-1" daemon [_thread_in_Java, id=3092, stack(0x00000025d5d00000,0x00000025d5e00000)]
  0x00000201132f3800 JavaThread "ClassGraph-worker-2" daemon [_thread_in_native, id=14112, stack(0x00000025d5e00000,0x00000025d5f00000)]
  0x00000201132f5800 JavaThread "ClassGraph-worker-3" daemon [_thread_in_native, id=13200, stack(0x00000025d5f00000,0x00000025d6000000)]
  0x00000201132f4800 JavaThread "ClassGraph-worker-4" daemon [_thread_in_native, id=2072, stack(0x00000025d6000000,0x00000025d6100000)]
  0x00000201132f6000 JavaThread "ClassGraph-worker-5" daemon [_thread_in_native, id=9248, stack(0x00000025d6100000,0x00000025d6200000)]
  0x00000201132f2000 JavaThread "ClassGraph-worker-6" daemon [_thread_in_vm, id=13980, stack(0x00000025d6200000,0x00000025d6300000)]
  0x00000201132f7000 JavaThread "ClassGraph-worker-7" daemon [_thread_in_native, id=12268, stack(0x00000025d6300000,0x00000025d6400000)]
  0x00000201132f8800 JavaThread "ClassGraph-worker-8" daemon [_thread_in_native, id=7164, stack(0x00000025d6400000,0x00000025d6500000)]
  0x00000201132f7800 JavaThread "ClassGraph-worker-9" daemon [_thread_in_native, id=13852, stack(0x00000025d6500000,0x00000025d6600000)]
  0x00000201132f3000 JavaThread "ClassGraph-worker-10" daemon [_thread_in_Java, id=11344, stack(0x00000025d6600000,0x00000025d6700000)]
  0x00000201132fe000 JavaThread "ClassGraph-worker-11" daemon [_thread_in_native, id=1956, stack(0x00000025d6700000,0x00000025d6800000)]
  0x00000201132fb000 JavaThread "ClassGraph-worker-12" daemon [_thread_in_Java, id=14052, stack(0x00000025d6800000,0x00000025d6900000)]
  0x00000201132f9800 JavaThread "ClassGraph-worker-13" daemon [_thread_in_Java, id=9724, stack(0x00000025d6900000,0x00000025d6a00000)]

Other Threads:
  0x000002017fb10000 VMThread "VM Thread" [stack: 0x00000025d4000000,0x00000025d4100000] [id=7496]
  0x0000020104ab0800 WatcherThread [stack: 0x00000025d4e00000,0x00000025d4f00000] [id=15356]
  0x0000020168b5b800 GCTaskThread "GC Thread#0" [stack: 0x00000025d3b00000,0x00000025d3c00000] [id=4772]
  0x00000201054fb800 GCTaskThread "GC Thread#1" [stack: 0x00000025d5000000,0x00000025d5100000] [id=992]
  0x00000201051db000 GCTaskThread "GC Thread#2" [stack: 0x00000025d5100000,0x00000025d5200000] [id=6984]
  0x0000020105e3d000 GCTaskThread "GC Thread#3" [stack: 0x00000025d5300000,0x00000025d5400000] [id=3632]
  0x000002010bb96800 GCTaskThread "GC Thread#4" [stack: 0x00000025d6a00000,0x00000025d6b00000] [id=13444]
  0x000002010c683000 GCTaskThread "GC Thread#5" [stack: 0x00000025d6b00000,0x00000025d6c00000] [id=13728]
  0x0000020109311000 GCTaskThread "GC Thread#6" [stack: 0x00000025d6c00000,0x00000025d6d00000] [id=3228]
  0x000002010bcfb800 GCTaskThread "GC Thread#7" [stack: 0x00000025d6d00000,0x00000025d6e00000] [id=12332]
  0x0000020168b8b800 ConcurrentGCThread "G1 Main Marker" [stack: 0x00000025d3c00000,0x00000025d3d00000] [id=10548]
  0x0000020168b8d000 ConcurrentGCThread "G1 Conc#0" [stack: 0x00000025d3d00000,0x00000025d3e00000] [id=3204]
  0x0000020109d06000 ConcurrentGCThread "G1 Conc#1" [stack: 0x00000025d5200000,0x00000025d5300000] [id=9744]
  0x000002017f9a0800 ConcurrentGCThread "G1 Refine#0" [stack: 0x00000025d3e00000,0x00000025d3f00000] [id=6692]
  0x000002017f9a1800 ConcurrentGCThread "G1 Young RemSet Sampling" [stack: 0x00000025d3f00000,0x00000025d4000000] [id=9316]

Threads with active compile tasks:
C2 CompilerThread03829       4       org.springframework.core.annotation.AnnotationsScanner::process (49 bytes)
C1 CompilerThread04446 % !   3       io.github.classgraph.ClasspathElementZip::open @ 567 (1077 bytes)
C2 CompilerThread13833   !   4       org.springframework.core.annotation.AnnotationsScanner::processClassHierarchy (236 bytes)

VM state:not at safepoint (normal execution)

VM Mutex/Monitor currently owned by a thread: None

Heap address: 0x0000000081600000, size: 2026 MB, Compressed Oops mode: 32-bit
Narrow klass base: 0x0000000800000000, Narrow klass shift: 3
Compressed class space size: 1073741824 Address: 0x0000000840000000

Heap:
 garbage-first heap   total 157696K, used 30419K [0x0000000081600000, 0x0000000100000000)
  region size 1024K, 20 young (20480K), 12 survivors (12288K)
 Metaspace       used 45210K, capacity 46379K, committed 46672K, reserved 1089536K
  class space    used 5842K, capacity 6296K, committed 6400K, reserved 1048576K
Heap Regions: E=young(eden), S=young(survivor), O=old, HS=humongous(starts), HC=humongous(continues), CS=collection set, F=free, A=archive, TAMS=top-at-mark-start (previous, next)
|   0|0x0000000081600000, 0x0000000081700000, 0x0000000081700000|100%|HS|  |TAMS 0x0000000081700000, 0x0000000081600000| Complete 
|   1|0x0000000081700000, 0x0000000081800000, 0x0000000081800000|100%| O|  |TAMS 0x0000000081800000, 0x0000000081700000| Untracked 
|   2|0x0000000081800000, 0x0000000081900000, 0x0000000081900000|100%| O|  |TAMS 0x0000000081900000, 0x0000000081800000| Untracked 
|   3|0x0000000081900000, 0x0000000081a00000, 0x0000000081a00000|100%| O|  |TAMS 0x0000000081a00000, 0x0000000081900000| Untracked 
|   4|0x0000000081a00000, 0x0000000081b00000, 0x0000000081b00000|100%| O|  |TAMS 0x0000000081b00000, 0x0000000081a00000| Untracked 
|   5|0x0000000081b00000, 0x0000000081c00000, 0x0000000081c00000|100%| O|  |TAMS 0x0000000081c00000, 0x0000000081b00000| Untracked 
|   6|0x0000000081c00000, 0x0000000081d00000, 0x0000000081d00000|100%| O|  |TAMS 0x0000000081d00000, 0x0000000081c00000| Untracked 
|   7|0x0000000081d00000, 0x0000000081e00000, 0x0000000081e00000|100%| O|  |TAMS 0x0000000081e00000, 0x0000000081d00000| Untracked 
|   8|0x0000000081e00000, 0x0000000081f00000, 0x0000000081f00000|100%| O|  |TAMS 0x0000000081f00000, 0x0000000081e00000| Untracked 
|   9|0x0000000081f00000, 0x0000000082000000, 0x0000000082000000|100%| O|  |TAMS 0x0000000081f4dc00, 0x0000000081f00000| Untracked 
|  10|0x0000000082000000, 0x0000000082100000, 0x0000000082100000|100%| O|  |TAMS 0x0000000082000000, 0x0000000082000000| Untracked 
|  11|0x0000000082100000, 0x000000008212e200, 0x0000000082200000| 18%| O|  |TAMS 0x0000000082100000, 0x0000000082100000| Untracked 
|  12|0x0000000082200000, 0x0000000082300000, 0x0000000082300000|100%|HS|  |TAMS 0x0000000082200000, 0x0000000082200000| Complete 
|  13|0x0000000082300000, 0x0000000082300000, 0x0000000082400000|  0%| F|  |TAMS 0x0000000082300000, 0x0000000082300000| Untracked 
|  14|0x0000000082400000, 0x0000000082400000, 0x0000000082500000|  0%| F|  |TAMS 0x0000000082400000, 0x0000000082400000| Untracked 
|  15|0x0000000082500000, 0x0000000082500000, 0x0000000082600000|  0%| F|  |TAMS 0x0000000082500000, 0x0000000082500000| Untracked 
|  16|0x0000000082600000, 0x0000000082600000, 0x0000000082700000|  0%| F|  |TAMS 0x0000000082600000, 0x0000000082600000| Untracked 
|  17|0x0000000082700000, 0x0000000082700000, 0x0000000082800000|  0%| F|  |TAMS 0x0000000082700000, 0x0000000082700000| Untracked 
|  18|0x0000000082800000, 0x0000000082800000, 0x0000000082900000|  0%| F|  |TAMS 0x0000000082800000, 0x0000000082800000| Untracked 
|  19|0x0000000082900000, 0x0000000082900000, 0x0000000082a00000|  0%| F|  |TAMS 0x0000000082900000, 0x0000000082900000| Untracked 
|  20|0x0000000082a00000, 0x0000000082a00000, 0x0000000082b00000|  0%| F|  |TAMS 0x0000000082a00000, 0x0000000082a00000| Untracked 
|  21|0x0000000082b00000, 0x0000000082b00000, 0x0000000082c00000|  0%| F|  |TAMS 0x0000000082b00000, 0x0000000082b00000| Untracked 
|  22|0x0000000082c00000, 0x0000000082c00000, 0x0000000082d00000|  0%| F|  |TAMS 0x0000000082c00000, 0x0000000082c00000| Untracked 
|  23|0x0000000082d00000, 0x0000000082d00000, 0x0000000082e00000|  0%| F|  |TAMS 0x0000000082d00000, 0x0000000082d00000| Untracked 
|  24|0x0000000082e00000, 0x0000000082e00000, 0x0000000082f00000|  0%| F|  |TAMS 0x0000000082e00000, 0x0000000082e00000| Untracked 
|  25|0x0000000082f00000, 0x0000000082f00000, 0x0000000083000000|  0%| F|  |TAMS 0x0000000082f00000, 0x0000000082f00000| Untracked 
|  26|0x0000000083000000, 0x0000000083000000, 0x0000000083100000|  0%| F|  |TAMS 0x0000000083000000, 0x0000000083000000| Untracked 
|  27|0x0000000083100000, 0x0000000083100000, 0x0000000083200000|  0%| F|  |TAMS 0x0000000083100000, 0x0000000083100000| Untracked 
|  28|0x0000000083200000, 0x0000000083200000, 0x0000000083300000|  0%| F|  |TAMS 0x0000000083200000, 0x0000000083200000| Untracked 
|  29|0x0000000083300000, 0x0000000083300000, 0x0000000083400000|  0%| F|  |TAMS 0x0000000083300000, 0x0000000083300000| Untracked 
|  30|0x0000000083400000, 0x0000000083400000, 0x0000000083500000|  0%| F|  |TAMS 0x0000000083400000, 0x0000000083400000| Untracked 
|  31|0x0000000083500000, 0x0000000083500000, 0x0000000083600000|  0%| F|  |TAMS 0x0000000083500000, 0x0000000083500000| Untracked 
|  32|0x0000000083600000, 0x0000000083600000, 0x0000000083700000|  0%| F|  |TAMS 0x0000000083600000, 0x0000000083600000| Untracked 
|  33|0x0000000083700000, 0x0000000083700000, 0x0000000083800000|  0%| F|  |TAMS 0x0000000083700000, 0x0000000083700000| Untracked 
|  34|0x0000000083800000, 0x0000000083800000, 0x0000000083900000|  0%| F|  |TAMS 0x0000000083800000, 0x0000000083800000| Untracked 
|  35|0x0000000083900000, 0x0000000083900000, 0x0000000083a00000|  0%| F|  |TAMS 0x0000000083900000, 0x0000000083900000| Untracked 
|  36|0x0000000083a00000, 0x0000000083a00000, 0x0000000083b00000|  0%| F|  |TAMS 0x0000000083a00000, 0x0000000083a00000| Untracked 
|  37|0x0000000083b00000, 0x0000000083b00000, 0x0000000083c00000|  0%| F|  |TAMS 0x0000000083b00000, 0x0000000083b00000| Untracked 
|  38|0x0000000083c00000, 0x0000000083c00000, 0x0000000083d00000|  0%| F|  |TAMS 0x0000000083c00000, 0x0000000083c00000| Untracked 
|  39|0x0000000083d00000, 0x0000000083d00000, 0x0000000083e00000|  0%| F|  |TAMS 0x0000000083d00000, 0x0000000083d00000| Untracked 
|  40|0x0000000083e00000, 0x0000000083e00000, 0x0000000083f00000|  0%| F|  |TAMS 0x0000000083e00000, 0x0000000083e00000| Untracked 
|  41|0x0000000083f00000, 0x0000000083f00000, 0x0000000084000000|  0%| F|  |TAMS 0x0000000083f00000, 0x0000000083f00000| Untracked 
|  42|0x0000000084000000, 0x0000000084000000, 0x0000000084100000|  0%| F|  |TAMS 0x0000000084000000, 0x0000000084000000| Untracked 
|  43|0x0000000084100000, 0x0000000084100000, 0x0000000084200000|  0%| F|  |TAMS 0x0000000084100000, 0x0000000084100000| Untracked 
|  44|0x0000000084200000, 0x0000000084200000, 0x0000000084300000|  0%| F|  |TAMS 0x0000000084200000, 0x0000000084200000| Untracked 
|  45|0x0000000084300000, 0x0000000084300000, 0x0000000084400000|  0%| F|  |TAMS 0x0000000084300000, 0x0000000084300000| Untracked 
|  46|0x0000000084400000, 0x0000000084400000, 0x0000000084500000|  0%| F|  |TAMS 0x0000000084400000, 0x0000000084400000| Untracked 
|  47|0x0000000084500000, 0x0000000084500000, 0x0000000084600000|  0%| F|  |TAMS 0x0000000084500000, 0x0000000084500000| Untracked 
|  48|0x0000000084600000, 0x0000000084600000, 0x0000000084700000|  0%| F|  |TAMS 0x0000000084600000, 0x0000000084600000| Untracked 
|  49|0x0000000084700000, 0x0000000084700000, 0x0000000084800000|  0%| F|  |TAMS 0x0000000084700000, 0x0000000084700000| Untracked 
|  50|0x0000000084800000, 0x0000000084886a00, 0x0000000084900000| 52%| S|CS|TAMS 0x0000000084800000, 0x0000000084800000| Complete 
|  51|0x0000000084900000, 0x0000000084a00000, 0x0000000084a00000|100%| S|CS|TAMS 0x0000000084900000, 0x0000000084900000| Complete 
|  52|0x0000000084a00000, 0x0000000084b00000, 0x0000000084b00000|100%| S|CS|TAMS 0x0000000084a00000, 0x0000000084a00000| Complete 
|  53|0x0000000084b00000, 0x0000000084c00000, 0x0000000084c00000|100%| S|CS|TAMS 0x0000000084b00000, 0x0000000084b00000| Complete 
|  54|0x0000000084c00000, 0x0000000084d00000, 0x0000000084d00000|100%| S|CS|TAMS 0x0000000084c00000, 0x0000000084c00000| Complete 
|  55|0x0000000084d00000, 0x0000000084e00000, 0x0000000084e00000|100%| S|CS|TAMS 0x0000000084d00000, 0x0000000084d00000| Complete 
|  56|0x0000000084e00000, 0x0000000084f00000, 0x0000000084f00000|100%| S|CS|TAMS 0x0000000084e00000, 0x0000000084e00000| Complete 
|  57|0x0000000084f00000, 0x0000000085000000, 0x0000000085000000|100%| S|CS|TAMS 0x0000000084f00000, 0x0000000084f00000| Complete 
|  58|0x0000000085000000, 0x0000000085100000, 0x0000000085100000|100%| S|CS|TAMS 0x0000000085000000, 0x0000000085000000| Complete 
|  59|0x0000000085100000, 0x0000000085200000, 0x0000000085200000|100%| S|CS|TAMS 0x0000000085100000, 0x0000000085100000| Complete 
|  60|0x0000000085200000, 0x0000000085300000, 0x0000000085300000|100%| S|CS|TAMS 0x0000000085200000, 0x0000000085200000| Complete 
|  61|0x0000000085300000, 0x0000000085400000, 0x0000000085400000|100%| S|CS|TAMS 0x0000000085300000, 0x0000000085300000| Complete 
|  62|0x0000000085400000, 0x0000000085400000, 0x0000000085500000|  0%| F|  |TAMS 0x0000000085400000, 0x0000000085400000| Untracked 
|  63|0x0000000085500000, 0x0000000085500000, 0x0000000085600000|  0%| F|  |TAMS 0x0000000085500000, 0x0000000085500000| Untracked 
|  64|0x0000000085600000, 0x0000000085600000, 0x0000000085700000|  0%| F|  |TAMS 0x0000000085600000, 0x0000000085600000| Untracked 
|  65|0x0000000085700000, 0x0000000085700000, 0x0000000085800000|  0%| F|  |TAMS 0x0000000085700000, 0x0000000085700000| Untracked 
|  66|0x0000000085800000, 0x0000000085800000, 0x0000000085900000|  0%| F|  |TAMS 0x0000000085800000, 0x0000000085800000| Untracked 
|  67|0x0000000085900000, 0x0000000085900000, 0x0000000085a00000|  0%| F|  |TAMS 0x0000000085900000, 0x0000000085900000| Untracked 
|  68|0x0000000085a00000, 0x0000000085a00000, 0x0000000085b00000|  0%| F|  |TAMS 0x0000000085a00000, 0x0000000085a00000| Untracked 
|  69|0x0000000085b00000, 0x0000000085b00000, 0x0000000085c00000|  0%| F|  |TAMS 0x0000000085b00000, 0x0000000085b00000| Untracked 
|  70|0x0000000085c00000, 0x0000000085c00000, 0x0000000085d00000|  0%| F|  |TAMS 0x0000000085c00000, 0x0000000085c00000| Untracked 
|  71|0x0000000085d00000, 0x0000000085d00000, 0x0000000085e00000|  0%| F|  |TAMS 0x0000000085d00000, 0x0000000085d00000| Untracked 
|  72|0x0000000085e00000, 0x0000000085e00000, 0x0000000085f00000|  0%| F|  |TAMS 0x0000000085e00000, 0x0000000085e00000| Untracked 
|  73|0x0000000085f00000, 0x0000000085f00000, 0x0000000086000000|  0%| F|  |TAMS 0x0000000085f00000, 0x0000000085f00000| Untracked 
|  74|0x0000000086000000, 0x0000000086000000, 0x0000000086100000|  0%| F|  |TAMS 0x0000000086000000, 0x0000000086000000| Untracked 
|  75|0x0000000086100000, 0x0000000086100000, 0x0000000086200000|  0%| F|  |TAMS 0x0000000086100000, 0x0000000086100000| Untracked 
|  76|0x0000000086200000, 0x0000000086200000, 0x0000000086300000|  0%| F|  |TAMS 0x0000000086200000, 0x0000000086200000| Untracked 
|  77|0x0000000086300000, 0x0000000086300000, 0x0000000086400000|  0%| F|  |TAMS 0x0000000086300000, 0x0000000086300000| Untracked 
|  78|0x0000000086400000, 0x0000000086400000, 0x0000000086500000|  0%| F|  |TAMS 0x0000000086400000, 0x0000000086400000| Untracked 
|  79|0x0000000086500000, 0x0000000086500000, 0x0000000086600000|  0%| F|  |TAMS 0x0000000086500000, 0x0000000086500000| Untracked 
|  80|0x0000000086600000, 0x0000000086600000, 0x0000000086700000|  0%| F|  |TAMS 0x0000000086600000, 0x0000000086600000| Untracked 
|  81|0x0000000086700000, 0x0000000086700000, 0x0000000086800000|  0%| F|  |TAMS 0x0000000086700000, 0x0000000086700000| Untracked 
|  82|0x0000000086800000, 0x0000000086800000, 0x0000000086900000|  0%| F|  |TAMS 0x0000000086800000, 0x0000000086800000| Untracked 
|  83|0x0000000086900000, 0x0000000086900000, 0x0000000086a00000|  0%| F|  |TAMS 0x0000000086900000, 0x0000000086900000| Untracked 
|  84|0x0000000086a00000, 0x0000000086a00000, 0x0000000086b00000|  0%| F|  |TAMS 0x0000000086a00000, 0x0000000086a00000| Untracked 
|  85|0x0000000086b00000, 0x0000000086b00000, 0x0000000086c00000|  0%| F|  |TAMS 0x0000000086b00000, 0x0000000086b00000| Untracked 
|  86|0x0000000086c00000, 0x0000000086c00000, 0x0000000086d00000|  0%| F|  |TAMS 0x0000000086c00000, 0x0000000086c00000| Untracked 
|  87|0x0000000086d00000, 0x0000000086d00000, 0x0000000086e00000|  0%| F|  |TAMS 0x0000000086d00000, 0x0000000086d00000| Untracked 
|  88|0x0000000086e00000, 0x0000000086e00000, 0x0000000086f00000|  0%| F|  |TAMS 0x0000000086e00000, 0x0000000086e00000| Untracked 
|  89|0x0000000086f00000, 0x0000000086f00000, 0x0000000087000000|  0%| F|  |TAMS 0x0000000086f00000, 0x0000000086f00000| Untracked 
|  90|0x0000000087000000, 0x0000000087000000, 0x0000000087100000|  0%| F|  |TAMS 0x0000000087000000, 0x0000000087000000| Untracked 
|  91|0x0000000087100000, 0x0000000087100000, 0x0000000087200000|  0%| F|  |TAMS 0x0000000087100000, 0x0000000087100000| Untracked 
|  92|0x0000000087200000, 0x0000000087200000, 0x0000000087300000|  0%| F|  |TAMS 0x0000000087200000, 0x0000000087200000| Untracked 
|  93|0x0000000087300000, 0x0000000087300000, 0x0000000087400000|  0%| F|  |TAMS 0x0000000087300000, 0x0000000087300000| Untracked 
|  94|0x0000000087400000, 0x0000000087400000, 0x0000000087500000|  0%| F|  |TAMS 0x0000000087400000, 0x0000000087400000| Untracked 
|  95|0x0000000087500000, 0x0000000087500000, 0x0000000087600000|  0%| F|  |TAMS 0x0000000087500000, 0x0000000087500000| Untracked 
|  96|0x0000000087600000, 0x0000000087600000, 0x0000000087700000|  0%| F|  |TAMS 0x0000000087600000, 0x0000000087600000| Untracked 
|  97|0x0000000087700000, 0x0000000087700000, 0x0000000087800000|  0%| F|  |TAMS 0x0000000087700000, 0x0000000087700000| Untracked 
|  98|0x0000000087800000, 0x0000000087800000, 0x0000000087900000|  0%| F|  |TAMS 0x0000000087800000, 0x0000000087800000| Untracked 
|  99|0x0000000087900000, 0x0000000087900000, 0x0000000087a00000|  0%| F|  |TAMS 0x0000000087900000, 0x0000000087900000| Untracked 
| 100|0x0000000087a00000, 0x0000000087a00000, 0x0000000087b00000|  0%| F|  |TAMS 0x0000000087a00000, 0x0000000087a00000| Untracked 
| 101|0x0000000087b00000, 0x0000000087b00000, 0x0000000087c00000|  0%| F|  |TAMS 0x0000000087b00000, 0x0000000087b00000| Untracked 
| 102|0x0000000087c00000, 0x0000000087c00000, 0x0000000087d00000|  0%| F|  |TAMS 0x0000000087c00000, 0x0000000087c00000| Untracked 
| 103|0x0000000087d00000, 0x0000000087d00000, 0x0000000087e00000|  0%| F|  |TAMS 0x0000000087d00000, 0x0000000087d00000| Untracked 
| 104|0x0000000087e00000, 0x0000000087e00000, 0x0000000087f00000|  0%| F|  |TAMS 0x0000000087e00000, 0x0000000087e00000| Untracked 
| 105|0x0000000087f00000, 0x0000000087f00000, 0x0000000088000000|  0%| F|  |TAMS 0x0000000087f00000, 0x0000000087f00000| Untracked 
| 106|0x0000000088000000, 0x0000000088000000, 0x0000000088100000|  0%| F|  |TAMS 0x0000000088000000, 0x0000000088000000| Untracked 
| 107|0x0000000088100000, 0x0000000088100000, 0x0000000088200000|  0%| F|  |TAMS 0x0000000088100000, 0x0000000088100000| Untracked 
| 108|0x0000000088200000, 0x0000000088200000, 0x0000000088300000|  0%| F|  |TAMS 0x0000000088200000, 0x0000000088200000| Untracked 
| 109|0x0000000088300000, 0x0000000088300000, 0x0000000088400000|  0%| F|  |TAMS 0x0000000088300000, 0x0000000088300000| Untracked 
| 110|0x0000000088400000, 0x0000000088400000, 0x0000000088500000|  0%| F|  |TAMS 0x0000000088400000, 0x0000000088400000| Untracked 
| 111|0x0000000088500000, 0x0000000088500000, 0x0000000088600000|  0%| F|  |TAMS 0x0000000088500000, 0x0000000088500000| Untracked 
| 112|0x0000000088600000, 0x0000000088600000, 0x0000000088700000|  0%| F|  |TAMS 0x0000000088600000, 0x0000000088600000| Untracked 
| 113|0x0000000088700000, 0x0000000088700000, 0x0000000088800000|  0%| F|  |TAMS 0x0000000088700000, 0x0000000088700000| Untracked 
| 114|0x0000000088800000, 0x0000000088800000, 0x0000000088900000|  0%| F|  |TAMS 0x0000000088800000, 0x0000000088800000| Untracked 
| 115|0x0000000088900000, 0x0000000088900000, 0x0000000088a00000|  0%| F|  |TAMS 0x0000000088900000, 0x0000000088900000| Untracked 
| 116|0x0000000088a00000, 0x0000000088a00000, 0x0000000088b00000|  0%| F|  |TAMS 0x0000000088a00000, 0x0000000088a00000| Untracked 
| 117|0x0000000088b00000, 0x0000000088b00000, 0x0000000088c00000|  0%| F|  |TAMS 0x0000000088b00000, 0x0000000088b00000| Untracked 
| 118|0x0000000088c00000, 0x0000000088c00000, 0x0000000088d00000|  0%| F|  |TAMS 0x0000000088c00000, 0x0000000088c00000| Untracked 
| 119|0x0000000088d00000, 0x0000000088d00000, 0x0000000088e00000|  0%| F|  |TAMS 0x0000000088d00000, 0x0000000088d00000| Untracked 
| 120|0x0000000088e00000, 0x0000000088e00000, 0x0000000088f00000|  0%| F|  |TAMS 0x0000000088e00000, 0x0000000088e00000| Untracked 
| 121|0x0000000088f00000, 0x0000000088f00000, 0x0000000089000000|  0%| F|  |TAMS 0x0000000088f00000, 0x0000000088f00000| Untracked 
| 122|0x0000000089000000, 0x0000000089000000, 0x0000000089100000|  0%| F|  |TAMS 0x0000000089000000, 0x0000000089000000| Untracked 
| 123|0x0000000089100000, 0x0000000089100000, 0x0000000089200000|  0%| F|  |TAMS 0x0000000089100000, 0x0000000089100000| Untracked 
| 124|0x0000000089200000, 0x0000000089200000, 0x0000000089300000|  0%| F|  |TAMS 0x0000000089200000, 0x0000000089200000| Untracked 
| 125|0x0000000089300000, 0x0000000089300000, 0x0000000089400000|  0%| F|  |TAMS 0x0000000089300000, 0x0000000089300000| Untracked 
| 126|0x0000000089400000, 0x0000000089400000, 0x0000000089500000|  0%| F|  |TAMS 0x0000000089400000, 0x0000000089400000| Untracked 
| 127|0x0000000089500000, 0x0000000089500000, 0x0000000089600000|  0%| F|  |TAMS 0x0000000089500000, 0x0000000089500000| Untracked 
| 128|0x0000000089600000, 0x0000000089600000, 0x0000000089700000|  0%| F|  |TAMS 0x0000000089600000, 0x0000000089600000| Untracked 
| 129|0x0000000089700000, 0x0000000089700000, 0x0000000089800000|  0%| F|  |TAMS 0x0000000089700000, 0x0000000089700000| Untracked 
| 130|0x0000000089800000, 0x0000000089800000, 0x0000000089900000|  0%| F|  |TAMS 0x0000000089800000, 0x0000000089800000| Untracked 
| 131|0x0000000089900000, 0x0000000089900000, 0x0000000089a00000|  0%| F|  |TAMS 0x0000000089900000, 0x0000000089900000| Untracked 
| 132|0x0000000089a00000, 0x0000000089a00000, 0x0000000089b00000|  0%| F|  |TAMS 0x0000000089a00000, 0x0000000089a00000| Untracked 
| 133|0x0000000089b00000, 0x0000000089b00000, 0x0000000089c00000|  0%| F|  |TAMS 0x0000000089b00000, 0x0000000089b00000| Untracked 
| 134|0x0000000089c00000, 0x0000000089c00000, 0x0000000089d00000|  0%| F|  |TAMS 0x0000000089c00000, 0x0000000089c00000| Untracked 
| 135|0x0000000089d00000, 0x0000000089d00000, 0x0000000089e00000|  0%| F|  |TAMS 0x0000000089d00000, 0x0000000089d00000| Untracked 
| 136|0x0000000089e00000, 0x0000000089e00000, 0x0000000089f00000|  0%| F|  |TAMS 0x0000000089e00000, 0x0000000089e00000| Untracked 
| 137|0x0000000089f00000, 0x0000000089f00000, 0x000000008a000000|  0%| F|  |TAMS 0x0000000089f00000, 0x0000000089f00000| Untracked 
| 138|0x000000008a000000, 0x000000008a000000, 0x000000008a100000|  0%| F|  |TAMS 0x000000008a000000, 0x000000008a000000| Untracked 
| 139|0x000000008a100000, 0x000000008a100000, 0x000000008a200000|  0%| F|  |TAMS 0x000000008a100000, 0x000000008a100000| Untracked 
| 140|0x000000008a200000, 0x000000008a200000, 0x000000008a300000|  0%| F|  |TAMS 0x000000008a200000, 0x000000008a200000| Untracked 
| 141|0x000000008a300000, 0x000000008a300000, 0x000000008a400000|  0%| F|  |TAMS 0x000000008a300000, 0x000000008a300000| Untracked 
| 142|0x000000008a400000, 0x000000008a400000, 0x000000008a500000|  0%| F|  |TAMS 0x000000008a400000, 0x000000008a400000| Untracked 
| 143|0x000000008a500000, 0x000000008a500000, 0x000000008a600000|  0%| F|  |TAMS 0x000000008a500000, 0x000000008a500000| Untracked 
| 144|0x000000008a600000, 0x000000008a600000, 0x000000008a700000|  0%| F|  |TAMS 0x000000008a600000, 0x000000008a600000| Untracked 
| 145|0x000000008a700000, 0x000000008a7ade18, 0x000000008a800000| 67%| E|  |TAMS 0x000000008a700000, 0x000000008a700000| Complete 
| 146|0x000000008a800000, 0x000000008a900000, 0x000000008a900000|100%| E|CS|TAMS 0x000000008a800000, 0x000000008a800000| Complete 
| 147|0x000000008a900000, 0x000000008aa00000, 0x000000008aa00000|100%| E|CS|TAMS 0x000000008a900000, 0x000000008a900000| Complete 
| 148|0x000000008aa00000, 0x000000008ab00000, 0x000000008ab00000|100%| E|CS|TAMS 0x000000008aa00000, 0x000000008aa00000| Complete 
| 149|0x000000008ab00000, 0x000000008ac00000, 0x000000008ac00000|100%| E|  |TAMS 0x000000008ab00000, 0x000000008ab00000| Complete 
| 150|0x000000008ac00000, 0x000000008ad00000, 0x000000008ad00000|100%| E|CS|TAMS 0x000000008ac00000, 0x000000008ac00000| Complete 
| 151|0x000000008ad00000, 0x000000008ae00000, 0x000000008ae00000|100%| E|CS|TAMS 0x000000008ad00000, 0x000000008ad00000| Complete 
| 152|0x000000008ae00000, 0x000000008af00000, 0x000000008af00000|100%| E|CS|TAMS 0x000000008ae00000, 0x000000008ae00000| Complete 
| 153|0x000000008af00000, 0x000000008b000000, 0x000000008b000000|100%| E|CS|TAMS 0x000000008af00000, 0x000000008af00000| Complete 

Card table byte_map: [0x000002017c8b0000,0x000002017ccb0000] _byte_map_base: 0x000002017c4a5000

Marking Bits (Prev, Next): (CMBitMap*) 0x0000020168b82e38, (CMBitMap*) 0x0000020168b82e70
 Prev Bits: [0x000002017d0b0000, 0x000002017f058000)
 Next Bits: [0x0000020100000000, 0x0000020101fa8000)

Polling page: 0x0000020167160000

Metaspace:

Usage:
  Non-class:     39.14 MB capacity,    38.47 MB ( 98%) used,   548.84 KB (  1%) free+waste,   141.75 KB ( <1%) overhead. 
      Class:      6.15 MB capacity,     5.71 MB ( 93%) used,   381.63 KB (  6%) free+waste,    66.56 KB (  1%) overhead. 
       Both:     45.29 MB capacity,    44.18 MB ( 98%) used,   930.47 KB (  2%) free+waste,   208.31 KB ( <1%) overhead. 

Virtual space:
  Non-class space:       40.00 MB reserved,      39.33 MB ( 98%) committed 
      Class space:        1.00 GB reserved,       6.25 MB ( <1%) committed 
             Both:        1.04 GB reserved,      45.58 MB (  4%) committed 

Chunk freelists:
   Non-Class:  61.00 KB
       Class:  8.00 KB
        Both:  69.00 KB

CodeHeap 'non-profiled nmethods': size=120000Kb used=2383Kb max_used=2383Kb free=117617Kb
 bounds [0x0000020174500000, 0x0000020174770000, 0x000002017ba30000]
CodeHeap 'profiled nmethods': size=120000Kb used=10453Kb max_used=10453Kb free=109546Kb
 bounds [0x000002016cfd0000, 0x000002016da10000, 0x0000020174500000]
CodeHeap 'non-nmethods': size=5760Kb used=1275Kb max_used=1304Kb free=4484Kb
 bounds [0x000002016ca30000, 0x000002016cca0000, 0x000002016cfd0000]
 total_blobs=5828 nmethods=4257 adapters=455
 compilation: enabled
              stopped_count=0, restarted_count=0
 full_count=0

Compilation events (10 events):
Event: 6.218 Thread 0x000002017fb3b000 4381  s    2       java.io.ExpiringCache::put (70 bytes)
Event: 6.219 Thread 0x000002017fb3b000 nmethod 4381 0x000002016d9ddb10 code [0x000002016d9ddd00, 0x000002016d9de250]
Event: 6.219 Thread 0x000002017fb3b000 4382       2       java.io.ExpiringCache$1::removeEldestEntry (20 bytes)
Event: 6.219 Thread 0x000002017fb3b000 nmethod 4382 0x000002016d9de410 code [0x000002016d9de5c0, 0x000002016d9de758]
Event: 6.219 Thread 0x000002017fb3b000 4383       2       java.io.File::<init> (20 bytes)
Event: 6.219 Thread 0x000002017fb3b000 nmethod 4383 0x000002016d9de810 code [0x000002016d9de9c0, 0x000002016d9debb8]
Event: 6.223 Thread 0x000002017fb3b000 4384       2       java.io.File::hashCode (8 bytes)
Event: 6.223 Thread 0x000002017fb3b000 nmethod 4384 0x000002016d9dec90 code [0x000002016d9dee60, 0x000002016d9df0b0]
Event: 6.223 Thread 0x000002017fb3b000 4385       2       java.io.WinNTFileSystem::hashCode (17 bytes)
Event: 6.224 Thread 0x000002017fb3b000 nmethod 4385 0x000002016d9df210 code [0x000002016d9df3e0, 0x000002016d9df630]

GC Heap History (10 events):
Event: 1.614 GC heap before
{Heap before GC invocations=1 (full 0):
 garbage-first heap   total 131072K, used 80814K [0x0000000081600000, 0x0000000100000000)
  region size 1024K, 76 young (77824K), 3 survivors (3072K)
 Metaspace       used 14743K, capacity 15247K, committed 15488K, reserved 1062912K
  class space    used 1937K, capacity 2140K, committed 2176K, reserved 1048576K
}
Event: 1.630 GC heap after
{Heap after GC invocations=2 (full 0):
 garbage-first heap   total 131072K, used 9841K [0x0000000081600000, 0x0000000100000000)
  region size 1024K, 6 young (6144K), 6 survivors (6144K)
 Metaspace       used 14743K, capacity 15247K, committed 15488K, reserved 1062912K
  class space    used 1937K, capacity 2140K, committed 2176K, reserved 1048576K
}
Event: 2.010 GC heap before
{Heap before GC invocations=2 (full 0):
 garbage-first heap   total 131072K, used 80497K [0x0000000081600000, 0x0000000100000000)
  region size 1024K, 76 young (77824K), 6 survivors (6144K)
 Metaspace       used 19046K, capacity 19621K, committed 19840K, reserved 1067008K
  class space    used 2432K, capacity 2661K, committed 2688K, reserved 1048576K
}
Event: 2.019 GC heap after
{Heap after GC invocations=3 (full 0):
 garbage-first heap   total 131072K, used 11388K [0x0000000081600000, 0x0000000100000000)
  region size 1024K, 5 young (5120K), 5 survivors (5120K)
 Metaspace       used 19046K, capacity 19621K, committed 19840K, reserved 1067008K
  class space    used 2432K, capacity 2661K, committed 2688K, reserved 1048576K
}
Event: 2.470 GC heap before
{Heap before GC invocations=3 (full 0):
 garbage-first heap   total 131072K, used 75900K [0x0000000081600000, 0x0000000100000000)
  region size 1024K, 69 young (70656K), 5 survivors (5120K)
 Metaspace       used 20537K, capacity 21164K, committed 21296K, reserved 1067008K
  class space    used 2588K, capacity 2865K, committed 2944K, reserved 1048576K
}
Event: 2.478 GC heap after
{Heap after GC invocations=4 (full 0):
 garbage-first heap   total 131072K, used 11962K [0x0000000081600000, 0x0000000100000000)
  region size 1024K, 5 young (5120K), 5 survivors (5120K)
 Metaspace       used 20537K, capacity 21164K, committed 21296K, reserved 1067008K
  class space    used 2588K, capacity 2865K, committed 2944K, reserved 1048576K
}
Event: 4.255 GC heap before
{Heap before GC invocations=5 (full 0):
 garbage-first heap   total 131072K, used 83642K [0x0000000081600000, 0x0000000100000000)
  region size 1024K, 76 young (77824K), 5 survivors (5120K)
 Metaspace       used 29652K, capacity 30593K, committed 30640K, reserved 1075200K
  class space    used 3737K, capacity 4073K, committed 4096K, reserved 1048576K
}
Event: 4.280 GC heap after
{Heap after GC invocations=6 (full 0):
 garbage-first heap   total 157696K, used 15785K [0x0000000081600000, 0x0000000100000000)
  region size 1024K, 9 young (9216K), 9 survivors (9216K)
 Metaspace       used 29652K, capacity 30593K, committed 30640K, reserved 1075200K
  class space    used 3737K, capacity 4073K, committed 4096K, reserved 1048576K
}
Event: 5.316 GC heap before
{Heap before GC invocations=6 (full 0):
 garbage-first heap   total 157696K, used 87465K [0x0000000081600000, 0x0000000100000000)
  region size 1024K, 81 young (82944K), 9 survivors (9216K)
 Metaspace       used 34802K, capacity 35749K, committed 35920K, reserved 1081344K
  class space    used 4366K, capacity 4766K, committed 4864K, reserved 1048576K
}
Event: 5.347 GC heap after
{Heap after GC invocations=7 (full 0):
 garbage-first heap   total 157696K, used 17719K [0x0000000081600000, 0x0000000100000000)
  region size 1024K, 8 young (8192K), 8 survivors (8192K)
 Metaspace       used 34802K, capacity 35749K, committed 35920K, reserved 1081344K
  class space    used 4366K, capacity 4766K, committed 4864K, reserved 1048576K
}

Deoptimization events (10 events):
Event: 6.210 Thread 0x000002010b35d000 DEOPT PACKING pc=0x000002016d137d84 sp=0x00000025d4ffcdd0
Event: 6.210 Thread 0x000002010b35d000 DEOPT UNPACKING pc=0x000002016ca6d6ce sp=0x00000025d4ffc288 mode 1
Event: 6.210 Thread 0x000002010b35d000 DEOPT PACKING pc=0x0000020174694474 sp=0x00000025d4ffd850
Event: 6.210 Thread 0x000002010b35d000 DEOPT UNPACKING pc=0x000002016ca6d6ce sp=0x00000025d4ffcce0 mode 1
Event: 6.211 Thread 0x000002010b35d000 DEOPT PACKING pc=0x000002016d1458dc sp=0x00000025d4ffcd00
Event: 6.211 Thread 0x000002010b35d000 DEOPT UNPACKING pc=0x000002016ca6d6ce sp=0x00000025d4ffc198 mode 1
Event: 6.211 Thread 0x000002010b35d000 DEOPT PACKING pc=0x000002016d137d84 sp=0x00000025d4ffcdd0
Event: 6.211 Thread 0x000002010b35d000 DEOPT UNPACKING pc=0x000002016ca6d6ce sp=0x00000025d4ffc288 mode 1
Event: 6.211 Thread 0x000002010b35d000 DEOPT PACKING pc=0x0000020174694474 sp=0x00000025d4ffd850
Event: 6.211 Thread 0x000002010b35d000 DEOPT UNPACKING pc=0x000002016ca6d6ce sp=0x00000025d4ffcce0 mode 1

Classes redefined (0 events):
No events

Internal exceptions (10 events):
Event: 5.760 Thread 0x0000020168b43000 Exception <a 'java/lang/ClassNotFoundException'{0x00000000890951f8}: org/springframework/boot/autoconfigure/web/servlet/WebMvcAutoConfiguration$EnableWebMvcConfigurationCustomizer> (0x00000000890951f8) thrown at [c:/BuildAgent/work/5ff2f6c26000d570/src/ho
Event: 5.761 Thread 0x0000020168b43000 Exception <a 'java/lang/ClassNotFoundException'{0x00000000890b17a8}: org/springframework/context/ResourceLoaderAwareCustomizer> (0x00000000890b17a8) thrown at [c:/BuildAgent/work/5ff2f6c26000d570/src/hotspot/share/classfile/systemDictionary.cpp, line 231]
Event: 5.762 Thread 0x0000020168b43000 Exception <a 'java/lang/ClassNotFoundException'{0x00000000890c0748}: org/springframework/beans/factory/AwareCustomizer> (0x00000000890c0748) thrown at [c:/BuildAgent/work/5ff2f6c26000d570/src/hotspot/share/classfile/systemDictionary.cpp, line 231]
Event: 5.763 Thread 0x0000020168b43000 Exception <a 'java/lang/ClassNotFoundException'{0x00000000890d0878}: org/springframework/context/ApplicationContextAwareCustomizer> (0x00000000890d0878) thrown at [c:/BuildAgent/work/5ff2f6c26000d570/src/hotspot/share/classfile/systemDictionary.cpp, line 
Event: 5.763 Thread 0x0000020168b43000 Exception <a 'java/lang/ClassNotFoundException'{0x00000000890dfd70}: org/springframework/beans/factory/AwareCustomizer> (0x00000000890dfd70) thrown at [c:/BuildAgent/work/5ff2f6c26000d570/src/hotspot/share/classfile/systemDictionary.cpp, line 231]
Event: 5.764 Thread 0x0000020168b43000 Exception <a 'java/lang/ClassNotFoundException'{0x00000000890efeb8}: org/springframework/web/context/ServletContextAwareCustomizer> (0x00000000890efeb8) thrown at [c:/BuildAgent/work/5ff2f6c26000d570/src/hotspot/share/classfile/systemDictionary.cpp, line 
Event: 5.765 Thread 0x0000020168b43000 Exception <a 'java/lang/ClassNotFoundException'{0x0000000088f02bb0}: org/springframework/beans/factory/AwareCustomizer> (0x0000000088f02bb0) thrown at [c:/BuildAgent/work/5ff2f6c26000d570/src/hotspot/share/classfile/systemDictionary.cpp, line 231]
Event: 6.076 Thread 0x000002010b35d000 Exception <a 'java/lang/NoSuchMethodError'{0x0000000087235ae8}: 'java.lang.Object java.lang.invoke.DirectMethodHandle$Holder.newInvokeSpecial(java.lang.Object, java.lang.Object, int, java.lang.Object, java.lang.Object)'> (0x0000000087235ae8) thrown at [c:
Event: 6.081 Thread 0x0000020168b43000 Exception <a 'java/lang/NoSuchMethodError'{0x00000000872a06f0}: 'java.lang.Object java.lang.invoke.DirectMethodHandle$Holder.invokeInterface(java.lang.Object, java.lang.Object, java.lang.Object)'> (0x00000000872a06f0) thrown at [c:/BuildAgent/work/5ff2f6c
Event: 6.082 Thread 0x0000020168b43000 Exception <a 'java/lang/IncompatibleClassChangeError'{0x00000000872a3678}: Found class java.lang.Object, but interface was expected> (0x00000000872a3678) thrown at [c:/BuildAgent/work/5ff2f6c26000d570/src/hotspot/share/interpreter/linkResolver.cpp, line 8

Events (10 events):
Event: 6.220 loading class org/hibernate/metamodel/model/domain/spi/DomainTypeDescriptor done
Event: 6.222 Thread 0x00000201132fb000 Thread added: 0x00000201132fb000
Event: 6.223 loading class nonapi/io/github/classgraph/fastzipfilereader/PhysicalZipFile
Event: 6.223 loading class nonapi/io/github/classgraph/fastzipfilereader/PhysicalZipFile done
Event: 6.223 loading class org/hibernate/metamodel/model/domain/spi/EntityTypeDescriptor
Event: 6.223 loading class org/hibernate/metamodel/model/domain/spi/EntityTypeDescriptor done
Event: 6.223 loading class org/hibernate/metamodel/model/domain/EntityDomainType
Event: 6.223 loading class org/hibernate/metamodel/model/domain/EntityDomainType done
Event: 6.224 loading class nonapi/io/github/classgraph/fileslice/Slice$1
Event: 6.224 loading class nonapi/io/github/classgraph/fileslice/Slice$1 done


Dynamic libraries:
0x00007ff6e1600000 - 0x00007ff6e1647000 	C:\Program Files\JetBrains\IntelliJ IDEA Community Edition 2019.2.4\jbr\bin\java.exe
0x00007ff925b00000 - 0x00007ff925cf0000 	C:\Windows\SYSTEM32\ntdll.dll
0x00007ff8f63b0000 - 0x00007ff8f63c2000 	C:\Program Files\AVAST Software\Avast\aswhook.dll
0x00007ff923dd0000 - 0x00007ff923e82000 	C:\Windows\System32\KERNEL32.DLL
0x00007ff922ee0000 - 0x00007ff923185000 	C:\Windows\System32\KERNELBASE.dll
0x00007ff923bb0000 - 0x00007ff923d44000 	C:\Windows\System32\USER32.dll
0x00007ff923940000 - 0x00007ff923961000 	C:\Windows\System32\win32u.dll
0x00007ff924580000 - 0x00007ff9245a6000 	C:\Windows\System32\GDI32.dll
0x00007ff922a70000 - 0x00007ff922c06000 	C:\Windows\System32\gdi32full.dll
0x00007ff9239c0000 - 0x00007ff923a5e000 	C:\Windows\System32\msvcp_win.dll
0x00007ff922de0000 - 0x00007ff922eda000 	C:\Windows\System32\ucrtbase.dll
0x00007ff9090e0000 - 0x00007ff909364000 	C:\Windows\WinSxS\amd64_microsoft.windows.common-controls_6595b64144ccf1df_6.0.18362.1256_none_9e7e379be45e40e2\COMCTL32.dll
0x00007ff924ac0000 - 0x00007ff924b5e000 	C:\Windows\System32\msvcrt.dll
0x00007ff924ce0000 - 0x00007ff925016000 	C:\Windows\System32\combase.dll
0x00007ff9259a0000 - 0x00007ff925ac0000 	C:\Windows\System32\RPCRT4.dll
0x00007ff922d20000 - 0x00007ff922da1000 	C:\Windows\System32\bcryptPrimitives.dll
0x00007ff9250c0000 - 0x00007ff9250ee000 	C:\Windows\System32\IMM32.DLL
0x00007ff909560000 - 0x00007ff909577000 	C:\Program Files\JetBrains\IntelliJ IDEA Community Edition 2019.2.4\jbr\bin\vcruntime140.dll
0x00007ff8dc2f0000 - 0x00007ff8dc38d000 	C:\Program Files\JetBrains\IntelliJ IDEA Community Edition 2019.2.4\jbr\bin\msvcp140.dll
0x00007ff8cff90000 - 0x00007ff8d0a48000 	C:\Program Files\JetBrains\IntelliJ IDEA Community Edition 2019.2.4\jbr\bin\server\jvm.dll
0x00007ff924c30000 - 0x00007ff924cd3000 	C:\Windows\System32\ADVAPI32.dll
0x00007ff925020000 - 0x00007ff9250b7000 	C:\Windows\System32\sechost.dll
0x00007ff924bc0000 - 0x00007ff924bc8000 	C:\Windows\System32\PSAPI.DLL
0x00007ff90e200000 - 0x00007ff90e209000 	C:\Windows\SYSTEM32\WSOCK32.dll
0x00007ff924a50000 - 0x00007ff924abf000 	C:\Windows\System32\WS2_32.dll
0x00007ff920220000 - 0x00007ff920244000 	C:\Windows\SYSTEM32\WINMM.dll
0x00007ff91e110000 - 0x00007ff91e11a000 	C:\Windows\SYSTEM32\VERSION.dll
0x00007ff9200c0000 - 0x00007ff9200ed000 	C:\Windows\SYSTEM32\WINMMBASE.dll
0x00007ff923970000 - 0x00007ff9239ba000 	C:\Windows\System32\cfgmgr32.dll
0x00007ff9229b0000 - 0x00007ff9229c1000 	C:\Windows\System32\kernel.appcore.dll
0x00007ff8df440000 - 0x00007ff8df451000 	C:\Program Files\JetBrains\IntelliJ IDEA Community Edition 2019.2.4\jbr\bin\verify.dll
0x00007ff9212a0000 - 0x00007ff921494000 	C:\Windows\SYSTEM32\DBGHELP.DLL
0x00007ff91bb30000 - 0x00007ff91bb5a000 	C:\Windows\SYSTEM32\dbgcore.DLL
0x00007ff8df3d0000 - 0x00007ff8df3f9000 	C:\Program Files\JetBrains\IntelliJ IDEA Community Edition 2019.2.4\jbr\bin\java.dll
0x00007ff91c050000 - 0x00007ff91c088000 	C:\Program Files\JetBrains\IntelliJ IDEA Community Edition 2019.2.4\jbr\bin\jdwp.dll
0x00007ff91b880000 - 0x00007ff91b8b4000 	C:\Program Files\JetBrains\IntelliJ IDEA Community Edition 2019.2.4\jbr\bin\instrument.dll
0x00007ff8df420000 - 0x00007ff8df437000 	C:\Program Files\JetBrains\IntelliJ IDEA Community Edition 2019.2.4\jbr\bin\zip.dll
0x00007ff908ea0000 - 0x00007ff908eab000 	C:\Program Files\JetBrains\IntelliJ IDEA Community Edition 2019.2.4\jbr\bin\jimage.dll
0x00007ff923e90000 - 0x00007ff924577000 	C:\Windows\System32\SHELL32.dll
0x00007ff9252a0000 - 0x00007ff925349000 	C:\Windows\System32\shcore.dll
0x00007ff923190000 - 0x00007ff923911000 	C:\Windows\System32\windows.storage.dll
0x00007ff9229f0000 - 0x00007ff922a13000 	C:\Windows\System32\profapi.dll
0x00007ff922a20000 - 0x00007ff922a6a000 	C:\Windows\System32\powrprof.dll
0x00007ff9229a0000 - 0x00007ff9229b0000 	C:\Windows\System32\UMPDC.dll
0x00007ff924b60000 - 0x00007ff924bb2000 	C:\Windows\System32\shlwapi.dll
0x00007ff923920000 - 0x00007ff923937000 	C:\Windows\System32\cryptsp.dll
0x00007ff91e2e0000 - 0x00007ff91e2eb000 	C:\Program Files\JetBrains\IntelliJ IDEA Community Edition 2019.2.4\jbr\bin\dt_socket.dll
0x00007ff9221f0000 - 0x00007ff922257000 	C:\Windows\system32\mswsock.dll
0x00007ff8df3b0000 - 0x00007ff8df3ca000 	C:\Program Files\JetBrains\IntelliJ IDEA Community Edition 2019.2.4\jbr\bin\net.dll
0x00007ff919130000 - 0x00007ff919220000 	C:\Windows\SYSTEM32\WINHTTP.dll
0x00007ff915f80000 - 0x00007ff916156000 	C:\Windows\SYSTEM32\urlmon.dll
0x00007ff916c90000 - 0x00007ff916f37000 	C:\Windows\SYSTEM32\iertutil.dll
0x00007ff9223c0000 - 0x00007ff9223cc000 	C:\Windows\SYSTEM32\CRYPTBASE.DLL
0x00007ff8df390000 - 0x00007ff8df3a4000 	C:\Program Files\JetBrains\IntelliJ IDEA Community Edition 2019.2.4\jbr\bin\nio.dll
0x00007ff908db0000 - 0x00007ff908dba000 	C:\Program Files\JetBrains\IntelliJ IDEA Community Edition 2019.2.4\jbr\bin\management.dll
0x00007ff908c70000 - 0x00007ff908c7c000 	C:\Program Files\JetBrains\IntelliJ IDEA Community Edition 2019.2.4\jbr\bin\management_ext.dll
0x00007ff905270000 - 0x00007ff905286000 	C:\Windows\system32\napinsp.dll
0x00007ff9041d0000 - 0x00007ff9041ea000 	C:\Windows\system32\pnrpnsp.dll
0x00007ff921f40000 - 0x00007ff92200b000 	C:\Windows\SYSTEM32\DNSAPI.dll
0x00007ff923dc0000 - 0x00007ff923dc8000 	C:\Windows\System32\NSI.dll
0x00007ff921f00000 - 0x00007ff921f3a000 	C:\Windows\SYSTEM32\IPHLPAPI.DLL
0x00007ff904180000 - 0x00007ff90418e000 	C:\Windows\System32\winrnr.dll
0x00007ff91e870000 - 0x00007ff91e88c000 	C:\Windows\system32\NLAapi.dll
0x00007ff904120000 - 0x00007ff904135000 	C:\Windows\system32\wshbth.dll
0x00007ff919ba0000 - 0x00007ff919baa000 	C:\Windows\System32\rasadhlp.dll
0x00007ff91a250000 - 0x00007ff91a2c7000 	C:\Windows\System32\fwpuclnt.dll
0x00007ff922db0000 - 0x00007ff922dd6000 	C:\Windows\System32\bcrypt.dll
0x00007ff921d60000 - 0x00007ff921d93000 	C:\Windows\system32\rsaenh.dll
0x00007ff9228c0000 - 0x00007ff9228e5000 	C:\Windows\SYSTEM32\USERENV.dll
0x00007ff91cad0000 - 0x00007ff91cae6000 	C:\Windows\SYSTEM32\dhcpcsvc6.DLL
0x00007ff91cab0000 - 0x00007ff91cacc000 	C:\Windows\SYSTEM32\dhcpcsvc.DLL

dbghelp: loaded successfully - version: 4.0.5 - missing functions: none
symbol engine: initialized successfully - sym options: 0x614 - pdb path: .;C:\Program Files\JetBrains\IntelliJ IDEA Community Edition 2019.2.4\jbr\bin;C:\Windows\SYSTEM32;C:\Program Files\AVAST Software\Avast;C:\Windows\WinSxS\amd64_microsoft.windows.common-controls_6595b64144ccf1df_6.0.18362.1256_none_9e7e379be45e40e2;C:\Program Files\JetBrains\IntelliJ IDEA Community Edition 2019.2.4\jbr\bin\server

VM Arguments:
jvm_args: -agentlib:jdwp=transport=dt_socket,address=127.0.0.1:53429,suspend=y,server=n -javaagent:C:\Users\Daniil\.IdeaIC2019.2\system\captureAgent\debugger-agent.jar -Dfile.encoding=UTF-8 
java_command: ru.univer.db.vcs.Application
java_class_path (initial): C:\Program Files (x86)\MySQL\Connector J 5.1\mysql-connector-java-5.1.49-bin.jar;C:\Users\Daniil\IdeaProjects\VCSapp\Backend\target\classes;C:\Users\Daniil\.m2\repository\org\postgresql\postgresql\42.2.18\postgresql-42.2.18.jar;C:\Users\Daniil\.m2\repository\org\checkerframework\checker-qual\3.5.0\checker-qual-3.5.0.jar;C:\Users\Daniil\.m2\repository\org\springframework\boot\spring-boot-starter-freemarker\2.3.1.RELEASE\spring-boot-starter-freemarker-2.3.1.RELEASE.jar;C:\Users\Daniil\.m2\repository\org\springframework\boot\spring-boot-starter\2.3.1.RELEASE\spring-boot-starter-2.3.1.RELEASE.jar;C:\Users\Daniil\.m2\repository\org\springframework\boot\spring-boot\2.3.1.RELEASE\spring-boot-2.3.1.RELEASE.jar;C:\Users\Daniil\.m2\repository\org\springframework\boot\spring-boot-autoconfigure\2.3.1.RELEASE\spring-boot-autoconfigure-2.3.1.RELEASE.jar;C:\Users\Daniil\.m2\repository\org\springframework\boot\spring-boot-starter-logging\2.3.1.RELEASE\spring-boot-starter-logging-2.3.1.RELEASE.jar;C:\Users\Daniil\.m2\repository\ch\qos\logback\logback-classic\1.2.3\logback-classic-1.2.3.jar;C:\Users\Daniil\.m2\repository\ch\qos\logback\logback-core\1.2.3\logback-core-1.2.3.jar;C:\Users\Daniil\.m2\repository\org\apache\logging\log4j\log4j-to-slf4j\2.13.3\log4j-to-slf4j-2.13.3.jar;C:\Users\Daniil\.m2\repository\org\apache\logging\log4j\log4j-api\2.13.3\log4j-api-2.13.3.jar;C:\Users\Daniil\.m2\repository\org\slf4j\jul-to-slf4j\1.7.30\jul-to-slf4j-1.7.30.jar;C:\Users\Daniil\.m2\repository\jakarta\annotation\jakarta.annotation-api\1.3.5\jakarta.annotation-api-1.3.5.jar;C:\Users\Daniil\.m2\repository\org\yaml\snakeyaml\1.26\snakeyaml-1.26.jar;C:\Users\Daniil\.m2\repository\org\freemarker\freemarker\2.3.30\freemarker-2.3.30.jar;C:\Users\Daniil\.m2\repository\org\springframework\spring-context-support\5.2.7.RELEASE\spring-context-support-5.2.7.RELEASE.jar;C:\Users\Daniil\.m2\repository\org\springframework\spring-beans\5.2.7.RELEASE\spring-beans-5.2.7.RELEASE.jar;
Launcher Type: SUN_STANDARD

[Global flags]
     intx CICompilerCount                          = 4                                         {product} {ergonomic}
     uint ConcGCThreads                            = 2                                         {product} {ergonomic}
     uint G1ConcRefinementThreads                  = 8                                         {product} {ergonomic}
   size_t G1HeapRegionSize                         = 1048576                                   {product} {ergonomic}
    uintx GCDrainStackTargetSize                   = 64                                        {product} {ergonomic}
   size_t InitialHeapSize                          = 134217728                                 {product} {ergonomic}
   size_t MarkStackSize                            = 4194304                                   {product} {ergonomic}
   size_t MaxHeapSize                              = 2124414976                                {product} {ergonomic}
   size_t MaxNewSize                               = 1274019840                                {product} {ergonomic}
   size_t MinHeapDeltaBytes                        = 1048576                                   {product} {ergonomic}
    uintx NonNMethodCodeHeapSize                   = 5835340                                {pd product} {ergonomic}
    uintx NonProfiledCodeHeapSize                  = 122911450                              {pd product} {ergonomic}
    uintx ProfiledCodeHeapSize                     = 122911450                              {pd product} {ergonomic}
    uintx ReservedCodeCacheSize                    = 251658240                              {pd product} {ergonomic}
     bool SegmentedCodeCache                       = true                                      {product} {ergonomic}
     bool UseCompressedClassPointers               = true                                 {lp64_product} {ergonomic}
     bool UseCompressedOops                        = true                                 {lp64_product} {ergonomic}
     bool UseG1GC                                  = true                                      {product} {ergonomic}
     bool UseLargePagesIndividualAllocation        = false                                  {pd product} {ergonomic}

Logging:
Log output configuration:
 #0: stdout all=warning uptime,level,tags
 #1: stderr all=off uptime,level,tags

Environment Variables:
CLASSPATH=.;
PATH=C:\Program Files\Java\jdk1.8.0_231\bin;C:\Program Files\MATLAB\R2017b\bin;C:\Program Files (x86)\CodeBlocks\MinGW\bin;C:\Users\Daniil\AppData\Local\Programs\Microsoft VS Code\bin;C:\Program Files\nodejs\;C:\Windows\System32;C:\Program Files (x86)\CodeBlocks\MinGW\bin;C:\Program Files\PostgreSQL\12\bin;C:\Users\Daniil\AppData\Local\Programs\Python\Python38-32\Scripts\;C:\Users\Daniil\AppData\Local\Programs\Python\Python38-32\;C:\Users\\AppData\Local\Programs\Python\Python37-32\Scripts\;C:\Users\\AppData\Local\Programs\Python\Python37-32\;C:\Users\\AppData\Local\Microsoft\WindowsApps;C:\Users\\AppData\Local\GitHubDesktop\bin;C:\Program Files\JetBrains\IntelliJ IDEA Community Edition 2019.2.4\bin;C:\Program Files\JetBrains\PyCharm Community Edition 2019.2.5\bin;C:\Users\Daniil\AppData\Local\GitHubDesktop\bin;C:\Program Files (x86)\CodeBlocks\MinGW\bin;C:\Users\Daniil\AppData\Local\Programs\Microsoft VS Code\bin;C:\Users\Daniil\AppData\Roaming\npm;C:\Windows\System32;;C:\Program Files\JetBrains\DataGrip 2020.3\bin;
USERNAME=Daniiil
OS=Windows_NT
PROCESSOR_IDENTIFIER=Intel64 Family 6 Model 142 Stepping 10, GenuineIntel



---------------  S Y S T E M  ---------------

OS: Windows 10 , 64 bit Build 18362 (10.0.18362.1110)

CPU:total 8 (initial active 8) (4 cores per cpu, 2 threads per core) family 6 model 142 stepping 10, cmov, cx8, fxsr, mmx, sse, sse2, sse3, ssse3, sse4.1, sse4.2, popcnt, avx, avx2, aes, clmul, erms, 3dnowpref, lzcnt, ht, tsc, tscinvbit, bmi1, bmi2, adx, fma

Memory: 4k page, system-wide physical 8101M (429M free)
TotalPageFile size 11101M (AvailPageFile size 5M)
current process WorkingSet (physical memory assigned to process): 411M, peak: 411M
current process commit charge ("private bytes"): 486M, peak: 486M

vm_info: OpenJDK 64-Bit Server VM (11.0.4+10-b304.77) for windows-amd64 JRE (11.0.4+10-b304.77), built on Oct 10 2019 15:02:36 by "" with MS VC++ 14.0 (VS2015)

END.
