#
# There is insufficient memory for the Java Runtime Environment to continue.
# Native memory allocation (malloc) failed to allocate 32744 bytes for ChunkPool::allocate
# Possible reasons:
#   The system is out of physical RAM or swap space
#   The process is running with CompressedOops enabled, and the Java Heap may be blocking the growth of the native heap
# Possible solutions:
#   Reduce memory load on the system
#   Increase physical memory or swap space
#   Check if swap backing store is full
#   Decrease Java heap size (-Xmx/-Xms)
#   Decrease number of Java threads
#   Decrease Java thread stack sizes (-Xss)
#   Set larger code cache with -XX:ReservedCodeCacheSize=
#   JVM is running with Unscaled Compressed Oops mode in which the Java heap is
#     placed in the first 4GB address space. The Java Heap base address is the
#     maximum limit for the native heap growth. Please use -XX:HeapBaseMinAddress
#     to set the Java Heap base and to place the Java Heap above 4GB virtual address.
# This output file may be truncated or incomplete.
#
#  Out of Memory Error (c:/BuildAgent/work/5ff2f6c26000d570/src/hotspot/share/memory/arena.cpp:81), pid=7320, tid=14008
#
# JRE version: OpenJDK Runtime Environment (11.0.4+10) (build 11.0.4+10-b304.77)
# Java VM: OpenJDK 64-Bit Server VM (11.0.4+10-b304.77, mixed mode, sharing, tiered, compressed oops, g1 gc, windows-amd64)
# No core dump will be written. Minidumps are not enabled by default on client versions of Windows
#

---------------  S U M M A R Y ------------

Command Line: -agentlib:jdwp=transport=dt_socket,address=127.0.0.1:58965,suspend=y,server=n -javaagent:C:\Users\Daniil\.IdeaIC2019.2\system\captureAgent\debugger-agent.jar -Dfile.encoding=UTF-8 ru.univer.db.vcs.Application

Host: Intel(R) Core(TM) i5-8250U CPU @ 1.60GHz, 8 cores, 7G,  Windows 10 , 64 bit Build 18362 (10.0.18362.1110)
Time: Tue Dec 29 17:43:55 2020 RTZ 2 (ceia) elapsed time: 6 seconds (0d 0h 0m 6s)

---------------  T H R E A D  ---------------

Current thread (0x000002571d376000):  JavaThread "C2 CompilerThread0" daemon [_thread_in_native, id=14008, stack(0x0000005b0b700000,0x0000005b0b800000)]


Current CompileTask:
C2:   6491 3949       4       org.springframework.core.annotation.TypeMappedAnnotations::get (52 bytes)

Stack: [0x0000005b0b700000,0x0000005b0b800000]
Native frames: (J=compiled Java code, j=interpreted, Vv=VM code, C=native code)
V  [jvm.dll+0x5db31a]
V  [jvm.dll+0x70c395]
V  [jvm.dll+0x70d8b8]
V  [jvm.dll+0x70df83]
V  [jvm.dll+0x23dbb8]
V  [jvm.dll+0xb944b]
V  [jvm.dll+0xb96fc]
V  [jvm.dll+0x35492c]
V  [jvm.dll+0x4e58ce]
V  [jvm.dll+0x4e4ce3]
V  [jvm.dll+0x4e54b6]
V  [jvm.dll+0x194781]
V  [jvm.dll+0x1f793e]
V  [jvm.dll+0x1f6a04]
V  [jvm.dll+0x17fd7c]
V  [jvm.dll+0x204d17]
V  [jvm.dll+0x2035b2]
V  [jvm.dll+0x6d956f]
V  [jvm.dll+0x6d236d]
V  [jvm.dll+0x5da5e6]
C  [ucrtbase.dll+0x210b2]
C  [KERNEL32.DLL+0x17c24]
C  [ntdll.dll+0x6d4d1]


---------------  P R O C E S S  ---------------

Threads class SMR info:
_java_thread_list=0x000002572522cf40, length=38, elements={
0x0000025702c03000, 0x000002571d353000, 0x000002571d357000, 0x000002571d371000,
0x000002571d374800, 0x000002571d376000, 0x000002571d37f000, 0x000002571d38b000,
0x000002571dd5d800, 0x000002571dddb800, 0x000002571df11800, 0x000002571df2d000,
0x000002571ded2000, 0x000002571dd5c000, 0x0000025720a7a800, 0x000002571dd5b000,
0x000002571dd5d000, 0x000002572029c800, 0x000002572029d800, 0x0000025720299000,
0x000002572029e000, 0x000002572029a000, 0x000002572029f000, 0x000002572029f800,
0x000002572029b000, 0x00000257202a0800, 0x00000257202a1800, 0x000002572029b800,
0x00000257202a6800, 0x00000257202a7000, 0x00000257202a5800, 0x00000257202a8000,
0x00000257202a2000, 0x00000257202a4800, 0x00000257202a3000, 0x00000257202a4000,
0x0000025720a14800, 0x0000025720a15800
}

Java Threads: ( => current thread )
  0x0000025702c03000 JavaThread "main" [_thread_blocked, id=7832, stack(0x0000005b0ac00000,0x0000005b0ad00000)]
  0x000002571d353000 JavaThread "Reference Handler" daemon [_thread_blocked, id=3820, stack(0x0000005b0b300000,0x0000005b0b400000)]
  0x000002571d357000 JavaThread "Finalizer" daemon [_thread_blocked, id=1792, stack(0x0000005b0b400000,0x0000005b0b500000)]
  0x000002571d371000 JavaThread "Signal Dispatcher" daemon [_thread_blocked, id=5192, stack(0x0000005b0b500000,0x0000005b0b600000)]
  0x000002571d374800 JavaThread "Attach Listener" daemon [_thread_blocked, id=12760, stack(0x0000005b0b600000,0x0000005b0b700000)]
=>0x000002571d376000 JavaThread "C2 CompilerThread0" daemon [_thread_in_native, id=14008, stack(0x0000005b0b700000,0x0000005b0b800000)]
  0x000002571d37f000 JavaThread "C1 CompilerThread0" daemon [_thread_in_native, id=1980, stack(0x0000005b0b800000,0x0000005b0b900000)]
  0x000002571d38b000 JavaThread "Sweeper thread" daemon [_thread_blocked, id=10148, stack(0x0000005b0b900000,0x0000005b0ba00000)]
  0x000002571dd5d800 JavaThread "Common-Cleaner" daemon [_thread_blocked, id=3112, stack(0x0000005b0ba00000,0x0000005b0bb00000)]
  0x000002571dddb800 JavaThread "C2 CompilerThread1" daemon [_thread_in_native, id=2984, stack(0x0000005b0bb00000,0x0000005b0bc00000)]
  0x000002571df11800 JavaThread "JDWP Transport Listener: dt_socket" daemon [_thread_blocked, id=3668, stack(0x0000005b0bc00000,0x0000005b0bd00000)]
  0x000002571df2d000 JavaThread "JDWP Event Helper Thread" daemon [_thread_blocked, id=12772, stack(0x0000005b0bd00000,0x0000005b0be00000)]
  0x000002571ded2000 JavaThread "JDWP Command Reader" daemon [_thread_in_native, id=12388, stack(0x0000005b0be00000,0x0000005b0bf00000)]
  0x000002571dd5c000 JavaThread "Service Thread" daemon [_thread_blocked, id=8960, stack(0x0000005b0bf00000,0x0000005b0c000000)]
  0x0000025720a7a800 JavaThread "C2 CompilerThread2" daemon [_thread_in_native, id=14864, stack(0x0000005b0c500000,0x0000005b0c600000)]
  0x000002571dd5b000 JavaThread "task-1" [_thread_blocked, id=13028, stack(0x0000005b0c600000,0x0000005b0c700000)]
  0x000002571dd5d000 JavaThread "mysql-cj-abandoned-connection-cleanup" daemon [_thread_blocked, id=13652, stack(0x0000005b0c700000,0x0000005b0c800000)]
  0x000002572029c800 JavaThread "PostgreSQL-JDBC-SharedTimer-1" daemon [_thread_blocked, id=4180, stack(0x0000005b0c900000,0x0000005b0ca00000)]
  0x000002572029d800 JavaThread "HikariPool-1 housekeeper" daemon [_thread_blocked, id=4048, stack(0x0000005b0ca00000,0x0000005b0cb00000)]
  0x0000025720299000 JavaThread "HikariPool-1 connection adder" daemon [_thread_blocked, id=3256, stack(0x0000005b0cb00000,0x0000005b0cc00000)]
  0x000002572029e000 JavaThread "Catalina-utility-1" [_thread_blocked, id=2508, stack(0x0000005b0cc00000,0x0000005b0cd00000)]
  0x000002572029a000 JavaThread "Catalina-utility-2" [_thread_blocked, id=13244, stack(0x0000005b0cd00000,0x0000005b0ce00000)]
  0x000002572029f000 JavaThread "container-0" [_thread_blocked, id=13768, stack(0x0000005b0ce00000,0x0000005b0cf00000)]
  0x000002572029f800 JavaThread "task-2" [_thread_blocked, id=100, stack(0x0000005b0cf00000,0x0000005b0d000000)]
  0x000002572029b000 JavaThread "ClassGraph-worker-84" daemon [_thread_blocked, id=15012, stack(0x0000005b0d000000,0x0000005b0d100000)]
  0x00000257202a0800 JavaThread "ClassGraph-worker-85" daemon [_thread_blocked, id=10300, stack(0x0000005b0d100000,0x0000005b0d200000)]
  0x00000257202a1800 JavaThread "ClassGraph-worker-86" daemon [_thread_blocked, id=5596, stack(0x0000005b0d200000,0x0000005b0d300000)]
  0x000002572029b800 JavaThread "ClassGraph-worker-87" daemon [_thread_blocked, id=14480, stack(0x0000005b0d300000,0x0000005b0d400000)]
  0x00000257202a6800 JavaThread "ClassGraph-worker-88" daemon [_thread_blocked, id=12524, stack(0x0000005b0d400000,0x0000005b0d500000)]
  0x00000257202a7000 JavaThread "ClassGraph-worker-89" daemon [_thread_blocked, id=11316, stack(0x0000005b0d500000,0x0000005b0d600000)]
  0x00000257202a5800 JavaThread "ClassGraph-worker-90" daemon [_thread_blocked, id=3184, stack(0x0000005b0d600000,0x0000005b0d700000)]
  0x00000257202a8000 JavaThread "ClassGraph-worker-91" daemon [_thread_blocked, id=9724, stack(0x0000005b0d700000,0x0000005b0d800000)]
  0x00000257202a2000 JavaThread "ClassGraph-worker-92" daemon [_thread_blocked, id=10900, stack(0x0000005b0d800000,0x0000005b0d900000)]
  0x00000257202a4800 JavaThread "ClassGraph-worker-93" daemon [_thread_blocked, id=9628, stack(0x0000005b0d900000,0x0000005b0da00000)]
  0x00000257202a3000 JavaThread "ClassGraph-worker-94" daemon [_thread_blocked, id=13808, stack(0x0000005b0da00000,0x0000005b0db00000)]
  0x00000257202a4000 JavaThread "ClassGraph-worker-95" daemon [_thread_blocked, id=11080, stack(0x0000005b0db00000,0x0000005b0dc00000)]
  0x0000025720a14800 JavaThread "ClassGraph-worker-96" daemon [_thread_blocked, id=2240, stack(0x0000005b0dc00000,0x0000005b0dd00000)]
  0x0000025720a15800 JavaThread "ClassGraph-worker-97" daemon [_thread_blocked, id=10276, stack(0x0000005b0e100000,0x0000005b0e200000)]

Other Threads:
  0x000002571d350800 VMThread "VM Thread" [stack: 0x0000005b0b200000,0x0000005b0b300000] [id=14012]
  0x000002571e1f8800 WatcherThread [stack: 0x0000005b0c000000,0x0000005b0c100000] [id=11520]
  0x0000025702c1b800 GCTaskThread "GC Thread#0" [stack: 0x0000005b0ad00000,0x0000005b0ae00000] [id=10744]
  0x000002571eac6800 GCTaskThread "GC Thread#1" [stack: 0x0000005b0c100000,0x0000005b0c200000] [id=2012]
  0x000002571eb81800 GCTaskThread "GC Thread#2" [stack: 0x0000005b0c200000,0x0000005b0c300000] [id=12356]
  0x000002571efe4800 GCTaskThread "GC Thread#3" [stack: 0x0000005b0c400000,0x0000005b0c500000] [id=13180]
  0x0000025724604000 GCTaskThread "GC Thread#4" [stack: 0x0000005b0dd00000,0x0000005b0de00000] [id=11680]
  0x0000025728d34800 GCTaskThread "GC Thread#5" [stack: 0x0000005b0de00000,0x0000005b0df00000] [id=8204]
  0x0000025721ba2800 GCTaskThread "GC Thread#6" [stack: 0x0000005b0df00000,0x0000005b0e000000] [id=4580]
  0x000002572058d000 GCTaskThread "GC Thread#7" [stack: 0x0000005b0e000000,0x0000005b0e100000] [id=9380]
  0x0000025702c4b800 ConcurrentGCThread "G1 Main Marker" [stack: 0x0000005b0ae00000,0x0000005b0af00000] [id=12884]
  0x0000025702c4d000 ConcurrentGCThread "G1 Conc#0" [stack: 0x0000005b0af00000,0x0000005b0b000000] [id=13104]
  0x000002571f701800 ConcurrentGCThread "G1 Conc#1" [stack: 0x0000005b0c300000,0x0000005b0c400000] [id=4952]
  0x000002571d1e0800 ConcurrentGCThread "G1 Refine#0" [stack: 0x0000005b0b000000,0x0000005b0b100000] [id=14884]
  0x000002571d1e1000 ConcurrentGCThread "G1 Young RemSet Sampling" [stack: 0x0000005b0b100000,0x0000005b0b200000] [id=14304]

Threads with active compile tasks:
C2 CompilerThread03949       4       org.springframework.core.annotation.TypeMappedAnnotations::get (52 bytes)
C1 CompilerThread04677 % !   3       nonapi.io.github.classgraph.fastzipfilereader.LogicalZipFile::readCentralDirectory @ 1344 (3097 bytes)
C2 CompilerThread13915   !   4       org.springframework.core.annotation.AnnotationsScanner::processClassHierarchy (236 bytes)
C2 CompilerThread23821       4       org.springframework.core.annotation.AnnotationsScanner::process (49 bytes)

VM state:at safepoint (normal execution)

VM Mutex/Monitor currently owned by a thread:  ([mutex/lock_event])
[0x0000025702c01800] Threads_lock - owner thread: 0x000002571d350800

Heap address: 0x0000000081600000, size: 2026 MB, Compressed Oops mode: 32-bit
Narrow klass base: 0x0000000800000000, Narrow klass shift: 3
Compressed class space size: 1073741824 Address: 0x0000000840000000

Heap:
 garbage-first heap   total 157696K, used 98290K [0x0000000081600000, 0x0000000100000000)
  region size 1024K, 85 young (87040K), 11 survivors (11264K)
 Metaspace       used 45773K, capacity 46940K, committed 47184K, reserved 1089536K
  class space    used 5904K, capacity 6397K, committed 6400K, reserved 1048576K
Heap Regions: E=young(eden), S=young(survivor), O=old, HS=humongous(starts), HC=humongous(continues), CS=collection set, F=free, A=archive, TAMS=top-at-mark-start (previous, next)
|   0|0x0000000081600000, 0x0000000081700000, 0x0000000081700000|100%|HS|  |TAMS 0x0000000081700000, 0x0000000081600000| Complete 
|   1|0x0000000081700000, 0x0000000081800000, 0x0000000081800000|100%| O|  |TAMS 0x0000000081800000, 0x0000000081700000| Untracked 
|   2|0x0000000081800000, 0x0000000081900000, 0x0000000081900000|100%| O|  |TAMS 0x0000000081900000, 0x0000000081800000| Untracked 
|   3|0x0000000081900000, 0x0000000081a00000, 0x0000000081a00000|100%| O|  |TAMS 0x0000000081a00000, 0x0000000081900000| Untracked 
|   4|0x0000000081a00000, 0x0000000081b00000, 0x0000000081b00000|100%| O|  |TAMS 0x0000000081b00000, 0x0000000081a00000| Untracked 
|   5|0x0000000081b00000, 0x0000000081c00000, 0x0000000081c00000|100%| O|  |TAMS 0x0000000081c00000, 0x0000000081b00000| Untracked 
|   6|0x0000000081c00000, 0x0000000081d00000, 0x0000000081d00000|100%| O|  |TAMS 0x0000000081d00000, 0x0000000081c00000| Untracked 
|   7|0x0000000081d00000, 0x0000000081e00000, 0x0000000081e00000|100%| O|  |TAMS 0x0000000081e00000, 0x0000000081d00000| Untracked 
|   8|0x0000000081e00000, 0x0000000081f00000, 0x0000000081f00000|100%| O|  |TAMS 0x0000000081f00000, 0x0000000081e00000| Untracked 
|   9|0x0000000081f00000, 0x0000000082000000, 0x0000000082000000|100%| O|  |TAMS 0x0000000081f41a00, 0x0000000081f00000| Untracked 
|  10|0x0000000082000000, 0x00000000820fca00, 0x0000000082100000| 98%| O|  |TAMS 0x0000000082000000, 0x0000000082000000| Untracked 
|  11|0x0000000082100000, 0x0000000082200000, 0x0000000082200000|100%|HS|  |TAMS 0x0000000082100000, 0x0000000082100000| Complete 
|  12|0x0000000082200000, 0x0000000082300000, 0x0000000082300000|100%|HS|  |TAMS 0x0000000082200000, 0x0000000082200000| Complete 
|  13|0x0000000082300000, 0x0000000082300000, 0x0000000082400000|  0%| F|  |TAMS 0x0000000082300000, 0x0000000082300000| Untracked 
|  14|0x0000000082400000, 0x0000000082400000, 0x0000000082500000|  0%| F|  |TAMS 0x0000000082400000, 0x0000000082400000| Untracked 
|  15|0x0000000082500000, 0x0000000082500000, 0x0000000082600000|  0%| F|  |TAMS 0x0000000082500000, 0x0000000082500000| Untracked 
|  16|0x0000000082600000, 0x0000000082600000, 0x0000000082700000|  0%| F|  |TAMS 0x0000000082600000, 0x0000000082600000| Untracked 
|  17|0x0000000082700000, 0x0000000082700000, 0x0000000082800000|  0%| F|  |TAMS 0x0000000082700000, 0x0000000082700000| Untracked 
|  18|0x0000000082800000, 0x0000000082800000, 0x0000000082900000|  0%| F|  |TAMS 0x0000000082800000, 0x0000000082800000| Untracked 
|  19|0x0000000082900000, 0x0000000082900000, 0x0000000082a00000|  0%| F|  |TAMS 0x0000000082900000, 0x0000000082900000| Untracked 
|  20|0x0000000082a00000, 0x0000000082a00000, 0x0000000082b00000|  0%| F|  |TAMS 0x0000000082a00000, 0x0000000082a00000| Untracked 
|  21|0x0000000082b00000, 0x0000000082b00000, 0x0000000082c00000|  0%| F|  |TAMS 0x0000000082b00000, 0x0000000082b00000| Untracked 
|  22|0x0000000082c00000, 0x0000000082c00000, 0x0000000082d00000|  0%| F|  |TAMS 0x0000000082c00000, 0x0000000082c00000| Untracked 
|  23|0x0000000082d00000, 0x0000000082d00000, 0x0000000082e00000|  0%| F|  |TAMS 0x0000000082d00000, 0x0000000082d00000| Untracked 
|  24|0x0000000082e00000, 0x0000000082e00000, 0x0000000082f00000|  0%| F|  |TAMS 0x0000000082e00000, 0x0000000082e00000| Untracked 
|  25|0x0000000082f00000, 0x0000000082f00000, 0x0000000083000000|  0%| F|  |TAMS 0x0000000082f00000, 0x0000000082f00000| Untracked 
|  26|0x0000000083000000, 0x0000000083000000, 0x0000000083100000|  0%| F|  |TAMS 0x0000000083000000, 0x0000000083000000| Untracked 
|  27|0x0000000083100000, 0x0000000083100000, 0x0000000083200000|  0%| F|  |TAMS 0x0000000083100000, 0x0000000083100000| Untracked 
|  28|0x0000000083200000, 0x0000000083200000, 0x0000000083300000|  0%| F|  |TAMS 0x0000000083200000, 0x0000000083200000| Untracked 
|  29|0x0000000083300000, 0x0000000083300000, 0x0000000083400000|  0%| F|  |TAMS 0x0000000083300000, 0x0000000083300000| Untracked 
|  30|0x0000000083400000, 0x0000000083400000, 0x0000000083500000|  0%| F|  |TAMS 0x0000000083400000, 0x0000000083400000| Untracked 
|  31|0x0000000083500000, 0x0000000083500000, 0x0000000083600000|  0%| F|  |TAMS 0x0000000083500000, 0x0000000083500000| Untracked 
|  32|0x0000000083600000, 0x0000000083600000, 0x0000000083700000|  0%| F|  |TAMS 0x0000000083600000, 0x0000000083600000| Untracked 
|  33|0x0000000083700000, 0x0000000083700000, 0x0000000083800000|  0%| F|  |TAMS 0x0000000083700000, 0x0000000083700000| Untracked 
|  34|0x0000000083800000, 0x0000000083800000, 0x0000000083900000|  0%| F|  |TAMS 0x0000000083800000, 0x0000000083800000| Untracked 
|  35|0x0000000083900000, 0x0000000083900000, 0x0000000083a00000|  0%| F|  |TAMS 0x0000000083900000, 0x0000000083900000| Untracked 
|  36|0x0000000083a00000, 0x0000000083a00000, 0x0000000083b00000|  0%| F|  |TAMS 0x0000000083a00000, 0x0000000083a00000| Untracked 
|  37|0x0000000083b00000, 0x0000000083b00000, 0x0000000083c00000|  0%| F|  |TAMS 0x0000000083b00000, 0x0000000083b00000| Untracked 
|  38|0x0000000083c00000, 0x0000000083c00000, 0x0000000083d00000|  0%| F|  |TAMS 0x0000000083c00000, 0x0000000083c00000| Untracked 
|  39|0x0000000083d00000, 0x0000000083d00000, 0x0000000083e00000|  0%| F|  |TAMS 0x0000000083d00000, 0x0000000083d00000| Untracked 
|  40|0x0000000083e00000, 0x0000000083e00000, 0x0000000083f00000|  0%| F|  |TAMS 0x0000000083e00000, 0x0000000083e00000| Untracked 
|  41|0x0000000083f00000, 0x0000000083f00000, 0x0000000084000000|  0%| F|  |TAMS 0x0000000083f00000, 0x0000000083f00000| Untracked 
|  42|0x0000000084000000, 0x0000000084000000, 0x0000000084100000|  0%| F|  |TAMS 0x0000000084000000, 0x0000000084000000| Untracked 
|  43|0x0000000084100000, 0x0000000084100000, 0x0000000084200000|  0%| F|  |TAMS 0x0000000084100000, 0x0000000084100000| Untracked 
|  44|0x0000000084200000, 0x0000000084200000, 0x0000000084300000|  0%| F|  |TAMS 0x0000000084200000, 0x0000000084200000| Untracked 
|  45|0x0000000084300000, 0x0000000084300000, 0x0000000084400000|  0%| F|  |TAMS 0x0000000084300000, 0x0000000084300000| Untracked 
|  46|0x0000000084400000, 0x0000000084400000, 0x0000000084500000|  0%| F|  |TAMS 0x0000000084400000, 0x0000000084400000| Untracked 
|  47|0x0000000084500000, 0x0000000084500000, 0x0000000084600000|  0%| F|  |TAMS 0x0000000084500000, 0x0000000084500000| Untracked 
|  48|0x0000000084600000, 0x0000000084600000, 0x0000000084700000|  0%| F|  |TAMS 0x0000000084600000, 0x0000000084600000| Untracked 
|  49|0x0000000084700000, 0x0000000084700000, 0x0000000084800000|  0%| F|  |TAMS 0x0000000084700000, 0x0000000084700000| Untracked 
|  50|0x0000000084800000, 0x0000000084800000, 0x0000000084900000|  0%| F|  |TAMS 0x0000000084800000, 0x0000000084800000| Untracked 
|  51|0x0000000084900000, 0x0000000084a00000, 0x0000000084a00000|100%| S|CS|TAMS 0x0000000084900000, 0x0000000084900000| Complete 
|  52|0x0000000084a00000, 0x0000000084b00000, 0x0000000084b00000|100%| S|CS|TAMS 0x0000000084a00000, 0x0000000084a00000| Complete 
|  53|0x0000000084b00000, 0x0000000084c00000, 0x0000000084c00000|100%| S|CS|TAMS 0x0000000084b00000, 0x0000000084b00000| Complete 
|  54|0x0000000084c00000, 0x0000000084d00000, 0x0000000084d00000|100%| S|CS|TAMS 0x0000000084c00000, 0x0000000084c00000| Complete 
|  55|0x0000000084d00000, 0x0000000084e00000, 0x0000000084e00000|100%| S|CS|TAMS 0x0000000084d00000, 0x0000000084d00000| Complete 
|  56|0x0000000084e00000, 0x0000000084f00000, 0x0000000084f00000|100%| S|CS|TAMS 0x0000000084e00000, 0x0000000084e00000| Complete 
|  57|0x0000000084f00000, 0x0000000085000000, 0x0000000085000000|100%| S|CS|TAMS 0x0000000084f00000, 0x0000000084f00000| Complete 
|  58|0x0000000085000000, 0x0000000085100000, 0x0000000085100000|100%| S|CS|TAMS 0x0000000085000000, 0x0000000085000000| Complete 
|  59|0x0000000085100000, 0x0000000085200000, 0x0000000085200000|100%| S|CS|TAMS 0x0000000085100000, 0x0000000085100000| Complete 
|  60|0x0000000085200000, 0x0000000085300000, 0x0000000085300000|100%| S|CS|TAMS 0x0000000085200000, 0x0000000085200000| Complete 
|  61|0x0000000085300000, 0x0000000085400000, 0x0000000085400000|100%| S|CS|TAMS 0x0000000085300000, 0x0000000085300000| Complete 
|  62|0x0000000085400000, 0x0000000085400000, 0x0000000085500000|  0%| F|  |TAMS 0x0000000085400000, 0x0000000085400000| Untracked 
|  63|0x0000000085500000, 0x0000000085500000, 0x0000000085600000|  0%| F|  |TAMS 0x0000000085500000, 0x0000000085500000| Untracked 
|  64|0x0000000085600000, 0x0000000085600000, 0x0000000085700000|  0%| F|  |TAMS 0x0000000085600000, 0x0000000085600000| Untracked 
|  65|0x0000000085700000, 0x0000000085700000, 0x0000000085800000|  0%| F|  |TAMS 0x0000000085700000, 0x0000000085700000| Untracked 
|  66|0x0000000085800000, 0x0000000085800000, 0x0000000085900000|  0%| F|  |TAMS 0x0000000085800000, 0x0000000085800000| Untracked 
|  67|0x0000000085900000, 0x0000000085900000, 0x0000000085a00000|  0%| F|  |TAMS 0x0000000085900000, 0x0000000085900000| Untracked 
|  68|0x0000000085a00000, 0x0000000085a00000, 0x0000000085b00000|  0%| F|  |TAMS 0x0000000085a00000, 0x0000000085a00000| Untracked 
|  69|0x0000000085b00000, 0x0000000085b00000, 0x0000000085c00000|  0%| F|  |TAMS 0x0000000085b00000, 0x0000000085b00000| Untracked 
|  70|0x0000000085c00000, 0x0000000085c00000, 0x0000000085d00000|  0%| F|  |TAMS 0x0000000085c00000, 0x0000000085c00000| Untracked 
|  71|0x0000000085d00000, 0x0000000085d00000, 0x0000000085e00000|  0%| F|  |TAMS 0x0000000085d00000, 0x0000000085d00000| Untracked 
|  72|0x0000000085e00000, 0x0000000085e00000, 0x0000000085f00000|  0%| F|  |TAMS 0x0000000085e00000, 0x0000000085e00000| Untracked 
|  73|0x0000000085f00000, 0x0000000085f00000, 0x0000000086000000|  0%| F|  |TAMS 0x0000000085f00000, 0x0000000085f00000| Untracked 
|  74|0x0000000086000000, 0x0000000086000000, 0x0000000086100000|  0%| F|  |TAMS 0x0000000086000000, 0x0000000086000000| Untracked 
|  75|0x0000000086100000, 0x0000000086100000, 0x0000000086200000|  0%| F|  |TAMS 0x0000000086100000, 0x0000000086100000| Untracked 
|  76|0x0000000086200000, 0x0000000086200000, 0x0000000086300000|  0%| F|  |TAMS 0x0000000086200000, 0x0000000086200000| Untracked 
|  77|0x0000000086300000, 0x0000000086300000, 0x0000000086400000|  0%| F|  |TAMS 0x0000000086300000, 0x0000000086300000| Untracked 
|  78|0x0000000086400000, 0x0000000086400000, 0x0000000086500000|  0%| F|  |TAMS 0x0000000086400000, 0x0000000086400000| Untracked 
|  79|0x0000000086500000, 0x0000000086500000, 0x0000000086600000|  0%| F|  |TAMS 0x0000000086500000, 0x0000000086500000| Untracked 
|  80|0x0000000086600000, 0x00000000866b3bb0, 0x0000000086700000| 70%| E|  |TAMS 0x0000000086600000, 0x0000000086600000| Complete 
|  81|0x0000000086700000, 0x0000000086800000, 0x0000000086800000|100%| E|CS|TAMS 0x0000000086700000, 0x0000000086700000| Complete 
|  82|0x0000000086800000, 0x0000000086900000, 0x0000000086900000|100%| E|CS|TAMS 0x0000000086800000, 0x0000000086800000| Complete 
|  83|0x0000000086900000, 0x0000000086a00000, 0x0000000086a00000|100%| E|CS|TAMS 0x0000000086900000, 0x0000000086900000| Complete 
|  84|0x0000000086a00000, 0x0000000086b00000, 0x0000000086b00000|100%| E|CS|TAMS 0x0000000086a00000, 0x0000000086a00000| Complete 
|  85|0x0000000086b00000, 0x0000000086c00000, 0x0000000086c00000|100%| E|CS|TAMS 0x0000000086b00000, 0x0000000086b00000| Complete 
|  86|0x0000000086c00000, 0x0000000086d00000, 0x0000000086d00000|100%| E|CS|TAMS 0x0000000086c00000, 0x0000000086c00000| Complete 
|  87|0x0000000086d00000, 0x0000000086e00000, 0x0000000086e00000|100%| E|CS|TAMS 0x0000000086d00000, 0x0000000086d00000| Complete 
|  88|0x0000000086e00000, 0x0000000086f00000, 0x0000000086f00000|100%| E|CS|TAMS 0x0000000086e00000, 0x0000000086e00000| Complete 
|  89|0x0000000086f00000, 0x0000000087000000, 0x0000000087000000|100%| E|CS|TAMS 0x0000000086f00000, 0x0000000086f00000| Complete 
|  90|0x0000000087000000, 0x0000000087100000, 0x0000000087100000|100%| E|CS|TAMS 0x0000000087000000, 0x0000000087000000| Complete 
|  91|0x0000000087100000, 0x0000000087200000, 0x0000000087200000|100%| E|  |TAMS 0x0000000087100000, 0x0000000087100000| Complete 
|  92|0x0000000087200000, 0x0000000087300000, 0x0000000087300000|100%| E|CS|TAMS 0x0000000087200000, 0x0000000087200000| Complete 
|  93|0x0000000087300000, 0x0000000087400000, 0x0000000087400000|100%| E|CS|TAMS 0x0000000087300000, 0x0000000087300000| Complete 
|  94|0x0000000087400000, 0x0000000087500000, 0x0000000087500000|100%| E|CS|TAMS 0x0000000087400000, 0x0000000087400000| Complete 
|  95|0x0000000087500000, 0x0000000087600000, 0x0000000087600000|100%| E|CS|TAMS 0x0000000087500000, 0x0000000087500000| Complete 
|  96|0x0000000087600000, 0x0000000087700000, 0x0000000087700000|100%| E|CS|TAMS 0x0000000087600000, 0x0000000087600000| Complete 
|  97|0x0000000087700000, 0x0000000087800000, 0x0000000087800000|100%| E|CS|TAMS 0x0000000087700000, 0x0000000087700000| Complete 
|  98|0x0000000087800000, 0x0000000087900000, 0x0000000087900000|100%| E|CS|TAMS 0x0000000087800000, 0x0000000087800000| Complete 
|  99|0x0000000087900000, 0x0000000087a00000, 0x0000000087a00000|100%| E|CS|TAMS 0x0000000087900000, 0x0000000087900000| Complete 
| 100|0x0000000087a00000, 0x0000000087b00000, 0x0000000087b00000|100%| E|CS|TAMS 0x0000000087a00000, 0x0000000087a00000| Complete 
| 101|0x0000000087b00000, 0x0000000087c00000, 0x0000000087c00000|100%| E|CS|TAMS 0x0000000087b00000, 0x0000000087b00000| Complete 
| 102|0x0000000087c00000, 0x0000000087d00000, 0x0000000087d00000|100%| E|CS|TAMS 0x0000000087c00000, 0x0000000087c00000| Complete 
| 103|0x0000000087d00000, 0x0000000087e00000, 0x0000000087e00000|100%| E|CS|TAMS 0x0000000087d00000, 0x0000000087d00000| Complete 
| 104|0x0000000087e00000, 0x0000000087f00000, 0x0000000087f00000|100%| E|CS|TAMS 0x0000000087e00000, 0x0000000087e00000| Complete 
| 105|0x0000000087f00000, 0x0000000088000000, 0x0000000088000000|100%| E|CS|TAMS 0x0000000087f00000, 0x0000000087f00000| Complete 
| 106|0x0000000088000000, 0x0000000088100000, 0x0000000088100000|100%| E|CS|TAMS 0x0000000088000000, 0x0000000088000000| Complete 
| 107|0x0000000088100000, 0x0000000088200000, 0x0000000088200000|100%| E|CS|TAMS 0x0000000088100000, 0x0000000088100000| Complete 
| 108|0x0000000088200000, 0x0000000088300000, 0x0000000088300000|100%| E|CS|TAMS 0x0000000088200000, 0x0000000088200000| Complete 
| 109|0x0000000088300000, 0x0000000088400000, 0x0000000088400000|100%| E|CS|TAMS 0x0000000088300000, 0x0000000088300000| Complete 
| 110|0x0000000088400000, 0x0000000088500000, 0x0000000088500000|100%| E|CS|TAMS 0x0000000088400000, 0x0000000088400000| Complete 
| 111|0x0000000088500000, 0x0000000088600000, 0x0000000088600000|100%| E|CS|TAMS 0x0000000088500000, 0x0000000088500000| Complete 
| 112|0x0000000088600000, 0x0000000088700000, 0x0000000088700000|100%| E|CS|TAMS 0x0000000088600000, 0x0000000088600000| Complete 
| 113|0x0000000088700000, 0x0000000088800000, 0x0000000088800000|100%| E|CS|TAMS 0x0000000088700000, 0x0000000088700000| Complete 
| 114|0x0000000088800000, 0x0000000088900000, 0x0000000088900000|100%| E|CS|TAMS 0x0000000088800000, 0x0000000088800000| Complete 
| 115|0x0000000088900000, 0x0000000088a00000, 0x0000000088a00000|100%| E|CS|TAMS 0x0000000088900000, 0x0000000088900000| Complete 
| 116|0x0000000088a00000, 0x0000000088b00000, 0x0000000088b00000|100%| E|CS|TAMS 0x0000000088a00000, 0x0000000088a00000| Complete 
| 117|0x0000000088b00000, 0x0000000088c00000, 0x0000000088c00000|100%| E|CS|TAMS 0x0000000088b00000, 0x0000000088b00000| Complete 
| 118|0x0000000088c00000, 0x0000000088d00000, 0x0000000088d00000|100%| E|CS|TAMS 0x0000000088c00000, 0x0000000088c00000| Complete 
| 119|0x0000000088d00000, 0x0000000088e00000, 0x0000000088e00000|100%| E|CS|TAMS 0x0000000088d00000, 0x0000000088d00000| Complete 
| 120|0x0000000088e00000, 0x0000000088f00000, 0x0000000088f00000|100%| E|CS|TAMS 0x0000000088e00000, 0x0000000088e00000| Complete 
| 121|0x0000000088f00000, 0x0000000089000000, 0x0000000089000000|100%| E|CS|TAMS 0x0000000088f00000, 0x0000000088f00000| Complete 
| 122|0x0000000089000000, 0x0000000089100000, 0x0000000089100000|100%| E|CS|TAMS 0x0000000089000000, 0x0000000089000000| Complete 
| 123|0x0000000089100000, 0x0000000089200000, 0x0000000089200000|100%| E|CS|TAMS 0x0000000089100000, 0x0000000089100000| Complete 
| 124|0x0000000089200000, 0x0000000089300000, 0x0000000089300000|100%| E|CS|TAMS 0x0000000089200000, 0x0000000089200000| Complete 
| 125|0x0000000089300000, 0x0000000089400000, 0x0000000089400000|100%| E|CS|TAMS 0x0000000089300000, 0x0000000089300000| Complete 
| 126|0x0000000089400000, 0x0000000089500000, 0x0000000089500000|100%| E|CS|TAMS 0x0000000089400000, 0x0000000089400000| Complete 
| 127|0x0000000089500000, 0x0000000089600000, 0x0000000089600000|100%| E|CS|TAMS 0x0000000089500000, 0x0000000089500000| Complete 
| 128|0x0000000089600000, 0x0000000089700000, 0x0000000089700000|100%| E|CS|TAMS 0x0000000089600000, 0x0000000089600000| Complete 
| 129|0x0000000089700000, 0x0000000089800000, 0x0000000089800000|100%| E|CS|TAMS 0x0000000089700000, 0x0000000089700000| Complete 
| 130|0x0000000089800000, 0x0000000089900000, 0x0000000089900000|100%| E|CS|TAMS 0x0000000089800000, 0x0000000089800000| Complete 
| 131|0x0000000089900000, 0x0000000089a00000, 0x0000000089a00000|100%| E|CS|TAMS 0x0000000089900000, 0x0000000089900000| Complete 
| 132|0x0000000089a00000, 0x0000000089b00000, 0x0000000089b00000|100%| E|CS|TAMS 0x0000000089a00000, 0x0000000089a00000| Complete 
| 133|0x0000000089b00000, 0x0000000089c00000, 0x0000000089c00000|100%| E|CS|TAMS 0x0000000089b00000, 0x0000000089b00000| Complete 
| 134|0x0000000089c00000, 0x0000000089d00000, 0x0000000089d00000|100%| E|CS|TAMS 0x0000000089c00000, 0x0000000089c00000| Complete 
| 135|0x0000000089d00000, 0x0000000089e00000, 0x0000000089e00000|100%| E|CS|TAMS 0x0000000089d00000, 0x0000000089d00000| Complete 
| 136|0x0000000089e00000, 0x0000000089f00000, 0x0000000089f00000|100%| E|CS|TAMS 0x0000000089e00000, 0x0000000089e00000| Complete 
| 137|0x0000000089f00000, 0x000000008a000000, 0x000000008a000000|100%| E|CS|TAMS 0x0000000089f00000, 0x0000000089f00000| Complete 
| 138|0x000000008a000000, 0x000000008a100000, 0x000000008a100000|100%| E|CS|TAMS 0x000000008a000000, 0x000000008a000000| Complete 
| 139|0x000000008a100000, 0x000000008a200000, 0x000000008a200000|100%| E|CS|TAMS 0x000000008a100000, 0x000000008a100000| Complete 
| 140|0x000000008a200000, 0x000000008a300000, 0x000000008a300000|100%| E|CS|TAMS 0x000000008a200000, 0x000000008a200000| Complete 
| 141|0x000000008a300000, 0x000000008a400000, 0x000000008a400000|100%| E|CS|TAMS 0x000000008a300000, 0x000000008a300000| Complete 
| 142|0x000000008a400000, 0x000000008a500000, 0x000000008a500000|100%| E|CS|TAMS 0x000000008a400000, 0x000000008a400000| Complete 
| 143|0x000000008a500000, 0x000000008a600000, 0x000000008a600000|100%| E|CS|TAMS 0x000000008a500000, 0x000000008a500000| Complete 
| 144|0x000000008a600000, 0x000000008a700000, 0x000000008a700000|100%| E|CS|TAMS 0x000000008a600000, 0x000000008a600000| Complete 
| 145|0x000000008a700000, 0x000000008a800000, 0x000000008a800000|100%| E|CS|TAMS 0x000000008a700000, 0x000000008a700000| Complete 
| 146|0x000000008a800000, 0x000000008a900000, 0x000000008a900000|100%| E|CS|TAMS 0x000000008a800000, 0x000000008a800000| Complete 
| 147|0x000000008a900000, 0x000000008aa00000, 0x000000008aa00000|100%| E|CS|TAMS 0x000000008a900000, 0x000000008a900000| Complete 
| 148|0x000000008aa00000, 0x000000008ab00000, 0x000000008ab00000|100%| E|CS|TAMS 0x000000008aa00000, 0x000000008aa00000| Complete 
| 149|0x000000008ab00000, 0x000000008ac00000, 0x000000008ac00000|100%| E|CS|TAMS 0x000000008ab00000, 0x000000008ab00000| Complete 
| 150|0x000000008ac00000, 0x000000008ad00000, 0x000000008ad00000|100%| E|CS|TAMS 0x000000008ac00000, 0x000000008ac00000| Complete 
| 151|0x000000008ad00000, 0x000000008ae00000, 0x000000008ae00000|100%| E|CS|TAMS 0x000000008ad00000, 0x000000008ad00000| Complete 
| 152|0x000000008ae00000, 0x000000008af00000, 0x000000008af00000|100%| E|CS|TAMS 0x000000008ae00000, 0x000000008ae00000| Complete 
| 153|0x000000008af00000, 0x000000008b000000, 0x000000008b000000|100%| E|CS|TAMS 0x000000008af00000, 0x000000008af00000| Complete 

Card table byte_map: [0x00000257161d0000,0x00000257165d0000] _byte_map_base: 0x0000025715dc5000

Marking Bits (Prev, Next): (CMBitMap*) 0x0000025702c42e38, (CMBitMap*) 0x0000025702c42e70
 Prev Bits: [0x00000257169d0000, 0x0000025718978000)
 Next Bits: [0x0000025718980000, 0x000002571a928000)

Polling page: 0x0000025702300000

Metaspace:

Usage:
  Non-class:     39.59 MB capacity,    38.93 MB ( 98%) used,   530.84 KB (  1%) free+waste,   142.94 KB ( <1%) overhead. 
      Class:      6.25 MB capacity,     5.77 MB ( 92%) used,   425.80 KB (  7%) free+waste,    67.06 KB (  1%) overhead. 
       Both:     45.84 MB capacity,    44.70 MB ( 98%) used,   956.64 KB (  2%) free+waste,   210.00 KB ( <1%) overhead. 

Virtual space:
  Non-class space:       40.00 MB reserved,      39.83 MB (>99%) committed 
      Class space:        1.00 GB reserved,       6.25 MB ( <1%) committed 
             Both:        1.04 GB reserved,      46.08 MB (  4%) committed 

Chunk freelists:
   Non-Class:  49.00 KB
       Class:  3.00 KB
        Both:  52.00 KB

CodeHeap 'non-profiled nmethods': size=120000Kb used=2444Kb max_used=2504Kb free=117555Kb
 bounds [0x000002570e570000, 0x000002570e7f0000, 0x0000025715aa0000]
CodeHeap 'profiled nmethods': size=120000Kb used=10295Kb max_used=11064Kb free=109704Kb
 bounds [0x0000025707040000, 0x0000025707b10000, 0x000002570e570000]
CodeHeap 'non-nmethods': size=5760Kb used=1276Kb max_used=1310Kb free=4483Kb
 bounds [0x0000025706aa0000, 0x0000025706d10000, 0x0000025707040000]
 total_blobs=6059 nmethods=4229 adapters=456
 compilation: enabled
              stopped_count=0, restarted_count=0
 full_count=0

Compilation events (10 events):
Event: 6.442 Thread 0x000002571d37f000 nmethod 4669 0x00000257070aab10 code [0x00000257070aacc0, 0x00000257070aae70]
Event: 6.442 Thread 0x000002571d37f000 4671       2       java.io.RandomAccessFile::<init> (263 bytes)
Event: 6.443 Thread 0x000002571d37f000 nmethod 4671 0x00000257070eff90 code [0x00000257070f02a0, 0x00000257070f0e50]
Event: 6.443 Thread 0x000002571d37f000 4670       2       java.util.concurrent.atomic.AtomicInteger::decrementAndGet (14 bytes)
Event: 6.443 Thread 0x000002571d37f000 nmethod 4670 0x00000257070d5290 code [0x00000257070d5440, 0x00000257070d55d8]
Event: 6.445 Thread 0x000002571d37f000 4672       2       java.util.concurrent.ConcurrentLinkedQueue::<init> (21 bytes)
Event: 6.445 Thread 0x000002571d37f000 nmethod 4672 0x00000257070e5410 code [0x00000257070e55c0, 0x00000257070e5878]
Event: 6.447 Thread 0x000002571d37f000 4673       2       java.util.ComparableTimSort::countRunAndMakeAscending (123 bytes)
Event: 6.448 Thread 0x000002571d37f000 nmethod 4673 0x00000257070ea790 code [0x00000257070ea9c0, 0x00000257070eb170]
Event: 6.448 Thread 0x000002571d37f000 4677 % !   3       nonapi.io.github.classgraph.fastzipfilereader.LogicalZipFile::readCentralDirectory @ 1344 (3097 bytes)

GC Heap History (10 events):
Event: 1.827 GC heap before
{Heap before GC invocations=2 (full 0):
 garbage-first heap   total 131072K, used 80487K [0x0000000081600000, 0x0000000100000000)
  region size 1024K, 76 young (77824K), 6 survivors (6144K)
 Metaspace       used 19082K, capacity 19619K, committed 19840K, reserved 1067008K
  class space    used 2436K, capacity 2660K, committed 2688K, reserved 1048576K
}
Event: 1.836 GC heap after
{Heap after GC invocations=3 (full 0):
 garbage-first heap   total 131072K, used 11066K [0x0000000081600000, 0x0000000100000000)
  region size 1024K, 4 young (4096K), 4 survivors (4096K)
 Metaspace       used 19082K, capacity 19619K, committed 19840K, reserved 1067008K
  class space    used 2436K, capacity 2660K, committed 2688K, reserved 1048576K
}
Event: 2.227 GC heap before
{Heap before GC invocations=3 (full 0):
 garbage-first heap   total 131072K, used 78650K [0x0000000081600000, 0x0000000100000000)
  region size 1024K, 71 young (72704K), 4 survivors (4096K)
 Metaspace       used 20535K, capacity 21151K, committed 21296K, reserved 1067008K
  class space    used 2587K, capacity 2861K, committed 2944K, reserved 1048576K
}
Event: 2.233 GC heap after
{Heap after GC invocations=4 (full 0):
 garbage-first heap   total 131072K, used 12072K [0x0000000081600000, 0x0000000100000000)
  region size 1024K, 5 young (5120K), 5 survivors (5120K)
 Metaspace       used 20535K, capacity 21151K, committed 21296K, reserved 1067008K
  class space    used 2587K, capacity 2861K, committed 2944K, reserved 1048576K
}
Event: 3.704 GC heap before
{Heap before GC invocations=5 (full 0):
 garbage-first heap   total 131072K, used 83752K [0x0000000081600000, 0x0000000100000000)
  region size 1024K, 76 young (77824K), 5 survivors (5120K)
 Metaspace       used 29653K, capacity 30588K, committed 30640K, reserved 1075200K
  class space    used 3739K, capacity 4072K, committed 4096K, reserved 1048576K
}
Event: 3.724 GC heap after
{Heap after GC invocations=6 (full 0):
 garbage-first heap   total 157696K, used 15733K [0x0000000081600000, 0x0000000100000000)
  region size 1024K, 9 young (9216K), 9 survivors (9216K)
 Metaspace       used 29653K, capacity 30588K, committed 30640K, reserved 1075200K
  class space    used 3739K, capacity 4072K, committed 4096K, reserved 1048576K
}
Event: 4.863 GC heap before
{Heap before GC invocations=6 (full 0):
 garbage-first heap   total 157696K, used 87413K [0x0000000081600000, 0x0000000100000000)
  region size 1024K, 81 young (82944K), 9 survivors (9216K)
 Metaspace       used 34801K, capacity 35745K, committed 35920K, reserved 1081344K
  class space    used 4363K, capacity 4765K, committed 4864K, reserved 1048576K
}
Event: 4.904 GC heap after
{Heap after GC invocations=7 (full 0):
 garbage-first heap   total 157696K, used 17008K [0x0000000081600000, 0x0000000100000000)
  region size 1024K, 8 young (8192K), 8 survivors (8192K)
 Metaspace       used 34801K, capacity 35745K, committed 35920K, reserved 1081344K
  class space    used 4363K, capacity 4765K, committed 4864K, reserved 1048576K
}
Event: 6.095 GC heap before
{Heap before GC invocations=8 (full 0):
 garbage-first heap   total 157696K, used 102000K [0x0000000081600000, 0x0000000100000000)
  region size 1024K, 92 young (94208K), 8 survivors (8192K)
 Metaspace       used 44813K, capacity 45908K, committed 46032K, reserved 1089536K
  class space    used 5796K, capacity 6224K, committed 6272K, reserved 1048576K
}
Event: 6.119 GC heap after
{Heap after GC invocations=9 (full 0):
 garbage-first heap   total 157696K, used 22514K [0x0000000081600000, 0x0000000100000000)
  region size 1024K, 11 young (11264K), 11 survivors (11264K)
 Metaspace       used 44813K, capacity 45908K, committed 46032K, reserved 1089536K
  class space    used 5796K, capacity 6224K, committed 6272K, reserved 1048576K
}

Deoptimization events (10 events):
Event: 6.399 Thread 0x0000025702c03000 DEOPT PACKING pc=0x0000025707a3bf4c sp=0x0000005b0acfca30
Event: 6.399 Thread 0x0000025702c03000 DEOPT UNPACKING pc=0x0000025706add6ce sp=0x0000005b0acfc048 mode 1
Event: 6.399 Thread 0x0000025702c03000 DEOPT PACKING pc=0x0000025707a3429c sp=0x0000005b0acfc960
Event: 6.399 Thread 0x0000025702c03000 DEOPT UNPACKING pc=0x0000025706add6ce sp=0x0000005b0acfbe70 mode 1
Event: 6.399 Thread 0x0000025702c03000 DEOPT PACKING pc=0x0000025707a3bf4c sp=0x0000005b0acfca30
Event: 6.399 Thread 0x0000025702c03000 DEOPT UNPACKING pc=0x0000025706add6ce sp=0x0000005b0acfc048 mode 1
Event: 6.400 Thread 0x0000025702c03000 DEOPT PACKING pc=0x0000025707a41be8 sp=0x0000005b0acfca70
Event: 6.400 Thread 0x0000025702c03000 DEOPT UNPACKING pc=0x0000025706add6ce sp=0x0000005b0acfbf78 mode 0
Event: 6.400 Thread 0x0000025702c03000 DEOPT PACKING pc=0x0000025707a41be8 sp=0x0000005b0acfcb60
Event: 6.400 Thread 0x0000025702c03000 DEOPT UNPACKING pc=0x0000025706add6ce sp=0x0000005b0acfc068 mode 0

Classes redefined (0 events):
No events

Internal exceptions (10 events):
Event: 5.522 Thread 0x0000025702c03000 Exception <a 'java/lang/ClassNotFoundException'{0x00000000891d6990}: org/springframework/beans/factory/AwareCustomizer> (0x00000000891d6990) thrown at [c:/BuildAgent/work/5ff2f6c26000d570/src/hotspot/share/classfile/systemDictionary.cpp, line 231]
Event: 5.524 Thread 0x0000025702c03000 Exception <a 'java/lang/ClassNotFoundException'{0x00000000891e6ac0}: org/springframework/context/ApplicationContextAwareCustomizer> (0x00000000891e6ac0) thrown at [c:/BuildAgent/work/5ff2f6c26000d570/src/hotspot/share/classfile/systemDictionary.cpp, line 
Event: 5.526 Thread 0x0000025702c03000 Exception <a 'java/lang/ClassNotFoundException'{0x00000000891f5fb8}: org/springframework/beans/factory/AwareCustomizer> (0x00000000891f5fb8) thrown at [c:/BuildAgent/work/5ff2f6c26000d570/src/hotspot/share/classfile/systemDictionary.cpp, line 231]
Event: 5.527 Thread 0x0000025702c03000 Exception <a 'java/lang/ClassNotFoundException'{0x00000000890065b8}: org/springframework/web/context/ServletContextAwareCustomizer> (0x00000000890065b8) thrown at [c:/BuildAgent/work/5ff2f6c26000d570/src/hotspot/share/classfile/systemDictionary.cpp, line 
Event: 5.529 Thread 0x0000025702c03000 Exception <a 'java/lang/ClassNotFoundException'{0x00000000890159c0}: org/springframework/beans/factory/AwareCustomizer> (0x00000000890159c0) thrown at [c:/BuildAgent/work/5ff2f6c26000d570/src/hotspot/share/classfile/systemDictionary.cpp, line 231]
Event: 5.939 Thread 0x0000025702c03000 Exception <a 'java/lang/NoSuchMethodError'{0x00000000872cbfd0}: 'java.lang.Object java.lang.invoke.DirectMethodHandle$Holder.invokeInterface(java.lang.Object, java.lang.Object, java.lang.Object)'> (0x00000000872cbfd0) thrown at [c:/BuildAgent/work/5ff2f6c
Event: 5.939 Thread 0x0000025702c03000 Exception <a 'java/lang/IncompatibleClassChangeError'{0x00000000872cef58}: Found class java.lang.Object, but interface was expected> (0x00000000872cef58) thrown at [c:/BuildAgent/work/5ff2f6c26000d570/src/hotspot/share/interpreter/linkResolver.cpp, line 8
Event: 5.952 Thread 0x000002571dd5b000 Exception <a 'java/lang/NoSuchMethodError'{0x00000000871da9b8}: 'java.lang.Object java.lang.invoke.DirectMethodHandle$Holder.newInvokeSpecial(java.lang.Object, java.lang.Object, int, java.lang.Object, java.lang.Object)'> (0x00000000871da9b8) thrown at [c:
Event: 6.182 Thread 0x000002571dd5b000 Exception <a 'java/lang/NoSuchMethodError'{0x000000008a5e6b20}: 'void java.lang.invoke.DirectMethodHandle$Holder.invokeInterface(java.lang.Object, java.lang.Object)'> (0x000000008a5e6b20) thrown at [c:/BuildAgent/work/5ff2f6c26000d570/src/hotspot/share/in
Event: 6.307 Thread 0x000002572029f800 Implicit null exception at 0x000002570e75d3f2 to 0x000002570e75d4b2

Events (10 events):
Event: 6.403 Thread 0x00000257202a2000 Thread added: 0x00000257202a2000
Event: 6.403 Thread 0x00000257202a4800 Thread added: 0x00000257202a4800
Event: 6.403 Thread 0x00000257202a3000 Thread added: 0x00000257202a3000
Event: 6.403 Thread 0x00000257202a4000 Thread added: 0x00000257202a4000
Event: 6.403 Thread 0x0000025720a14800 Thread added: 0x0000025720a14800
Event: 6.403 Thread 0x0000025720a15800 Thread added: 0x0000025720a15800
Event: 6.406 Executing VM operation: RevokeBias
Event: 6.407 Executing VM operation: RevokeBias done
Event: 6.413 Executing VM operation: RevokeBias
Event: 6.413 Executing VM operation: RevokeBias done


Dynamic libraries:
0x00007ff695bd0000 - 0x00007ff695c17000 	C:\Program Files\JetBrains\IntelliJ IDEA Community Edition 2019.2.4\jbr\bin\java.exe
0x00007ff9abde0000 - 0x00007ff9abfd0000 	C:\Windows\SYSTEM32\ntdll.dll
0x00007ff978960000 - 0x00007ff978972000 	C:\Program Files\AVAST Software\Avast\aswhook.dll
0x00007ff9ab9a0000 - 0x00007ff9aba52000 	C:\Windows\System32\KERNEL32.DLL
0x00007ff9a91d0000 - 0x00007ff9a9475000 	C:\Windows\System32\KERNELBASE.dll
0x00007ff9a9f20000 - 0x00007ff9aa0b4000 	C:\Windows\System32\USER32.dll
0x00007ff9a9e60000 - 0x00007ff9a9e81000 	C:\Windows\System32\win32u.dll
0x00007ff9aa1f0000 - 0x00007ff9aa216000 	C:\Windows\System32\GDI32.dll
0x00007ff9a94a0000 - 0x00007ff9a9636000 	C:\Windows\System32\gdi32full.dll
0x00007ff9a90a0000 - 0x00007ff9a913e000 	C:\Windows\System32\msvcp_win.dll
0x00007ff9a8da0000 - 0x00007ff9a8e9a000 	C:\Windows\System32\ucrtbase.dll
0x00007ff98f420000 - 0x00007ff98f6a4000 	C:\Windows\WinSxS\amd64_microsoft.windows.common-controls_6595b64144ccf1df_6.0.18362.1256_none_9e7e379be45e40e2\COMCTL32.dll
0x00007ff9abca0000 - 0x00007ff9abd3e000 	C:\Windows\System32\msvcrt.dll
0x00007ff9aa360000 - 0x00007ff9aa696000 	C:\Windows\System32\combase.dll
0x00007ff9aa0d0000 - 0x00007ff9aa1f0000 	C:\Windows\System32\RPCRT4.dll
0x00007ff9a9640000 - 0x00007ff9a96c1000 	C:\Windows\System32\bcryptPrimitives.dll
0x00007ff9abc10000 - 0x00007ff9abc3e000 	C:\Windows\System32\IMM32.DLL
0x00007ff9a4490000 - 0x00007ff9a44a7000 	C:\Program Files\JetBrains\IntelliJ IDEA Community Edition 2019.2.4\jbr\bin\vcruntime140.dll
0x00007ff98e900000 - 0x00007ff98e99d000 	C:\Program Files\JetBrains\IntelliJ IDEA Community Edition 2019.2.4\jbr\bin\msvcp140.dll
0x00007ff941020000 - 0x00007ff941ad8000 	C:\Program Files\JetBrains\IntelliJ IDEA Community Edition 2019.2.4\jbr\bin\server\jvm.dll
0x00007ff9ab220000 - 0x00007ff9ab2c3000 	C:\Windows\System32\ADVAPI32.dll
0x00007ff9ab740000 - 0x00007ff9ab7d7000 	C:\Windows\System32\sechost.dll
0x00007ff9aa0c0000 - 0x00007ff9aa0c8000 	C:\Windows\System32\PSAPI.DLL
0x00007ff993c90000 - 0x00007ff993c99000 	C:\Windows\SYSTEM32\WSOCK32.dll
0x00007ff9ab800000 - 0x00007ff9ab86f000 	C:\Windows\System32\WS2_32.dll
0x00007ff9a6540000 - 0x00007ff9a6564000 	C:\Windows\SYSTEM32\WINMM.dll
0x00007ff9a40f0000 - 0x00007ff9a40fa000 	C:\Windows\SYSTEM32\VERSION.dll
0x00007ff9a6510000 - 0x00007ff9a653d000 	C:\Windows\SYSTEM32\WINMMBASE.dll
0x00007ff9a8d50000 - 0x00007ff9a8d9a000 	C:\Windows\System32\cfgmgr32.dll
0x00007ff9a8ce0000 - 0x00007ff9a8cf1000 	C:\Windows\System32\kernel.appcore.dll
0x00007ff9a41b0000 - 0x00007ff9a41c1000 	C:\Program Files\JetBrains\IntelliJ IDEA Community Edition 2019.2.4\jbr\bin\verify.dll
0x00007ff9a7580000 - 0x00007ff9a7774000 	C:\Windows\SYSTEM32\DBGHELP.DLL
0x00007ff9a1110000 - 0x00007ff9a113a000 	C:\Windows\SYSTEM32\dbgcore.DLL
0x00007ff995b00000 - 0x00007ff995b29000 	C:\Program Files\JetBrains\IntelliJ IDEA Community Edition 2019.2.4\jbr\bin\java.dll
0x00007ff98eee0000 - 0x00007ff98ef18000 	C:\Program Files\JetBrains\IntelliJ IDEA Community Edition 2019.2.4\jbr\bin\jdwp.dll
0x00007ff98ecd0000 - 0x00007ff98ed04000 	C:\Program Files\JetBrains\IntelliJ IDEA Community Edition 2019.2.4\jbr\bin\instrument.dll
0x00007ff97b720000 - 0x00007ff97b737000 	C:\Program Files\JetBrains\IntelliJ IDEA Community Edition 2019.2.4\jbr\bin\zip.dll
0x00007ff9a4e50000 - 0x00007ff9a4e5b000 	C:\Program Files\JetBrains\IntelliJ IDEA Community Edition 2019.2.4\jbr\bin\jimage.dll
0x00007ff9aa760000 - 0x00007ff9aae47000 	C:\Windows\System32\SHELL32.dll
0x00007ff9ab010000 - 0x00007ff9ab0b9000 	C:\Windows\System32\shcore.dll
0x00007ff9a96d0000 - 0x00007ff9a9e51000 	C:\Windows\System32\windows.storage.dll
0x00007ff9a8d20000 - 0x00007ff9a8d43000 	C:\Windows\System32\profapi.dll
0x00007ff9a8c90000 - 0x00007ff9a8cda000 	C:\Windows\System32\powrprof.dll
0x00007ff9a8c80000 - 0x00007ff9a8c90000 	C:\Windows\System32\UMPDC.dll
0x00007ff9abd40000 - 0x00007ff9abd92000 	C:\Windows\System32\shlwapi.dll
0x00007ff9a9480000 - 0x00007ff9a9497000 	C:\Windows\System32\cryptsp.dll
0x00007ff9a4760000 - 0x00007ff9a476b000 	C:\Program Files\JetBrains\IntelliJ IDEA Community Edition 2019.2.4\jbr\bin\dt_socket.dll
0x00007ff9a84d0000 - 0x00007ff9a8537000 	C:\Windows\system32\mswsock.dll
0x00007ff97aee0000 - 0x00007ff97aefa000 	C:\Program Files\JetBrains\IntelliJ IDEA Community Edition 2019.2.4\jbr\bin\net.dll
0x00007ff99efd0000 - 0x00007ff99f0c0000 	C:\Windows\SYSTEM32\WINHTTP.dll
0x00007ff995f20000 - 0x00007ff9960f6000 	C:\Windows\SYSTEM32\urlmon.dll
0x00007ff999e30000 - 0x00007ff99a0d7000 	C:\Windows\SYSTEM32\iertutil.dll
0x00007ff9a86a0000 - 0x00007ff9a86ac000 	C:\Windows\SYSTEM32\CRYPTBASE.DLL
0x00007ff97adb0000 - 0x00007ff97adc4000 	C:\Program Files\JetBrains\IntelliJ IDEA Community Edition 2019.2.4\jbr\bin\nio.dll
0x00007ff995810000 - 0x00007ff99581a000 	C:\Program Files\JetBrains\IntelliJ IDEA Community Edition 2019.2.4\jbr\bin\management.dll
0x00007ff98d9d0000 - 0x00007ff98d9dc000 	C:\Program Files\JetBrains\IntelliJ IDEA Community Edition 2019.2.4\jbr\bin\management_ext.dll
0x00007ff98b520000 - 0x00007ff98b536000 	C:\Windows\system32\napinsp.dll
0x00007ff98ab60000 - 0x00007ff98ab7a000 	C:\Windows\system32\pnrpnsp.dll
0x00007ff9a8220000 - 0x00007ff9a82eb000 	C:\Windows\SYSTEM32\DNSAPI.dll
0x00007ff9aa750000 - 0x00007ff9aa758000 	C:\Windows\System32\NSI.dll
0x00007ff9a81e0000 - 0x00007ff9a821a000 	C:\Windows\SYSTEM32\IPHLPAPI.DLL
0x00007ff98aaf0000 - 0x00007ff98aafe000 	C:\Windows\System32\winrnr.dll
0x00007ff9a4e60000 - 0x00007ff9a4e7c000 	C:\Windows\system32\NLAapi.dll
0x00007ff98a580000 - 0x00007ff98a595000 	C:\Windows\system32\wshbth.dll
0x00007ff9a0e10000 - 0x00007ff9a0e1a000 	C:\Windows\System32\rasadhlp.dll
0x00007ff9a0f10000 - 0x00007ff9a0f87000 	C:\Windows\System32\fwpuclnt.dll
0x00007ff9a9140000 - 0x00007ff9a9166000 	C:\Windows\System32\bcrypt.dll
0x00007ff9a8040000 - 0x00007ff9a8073000 	C:\Windows\system32\rsaenh.dll
0x00007ff9a8ba0000 - 0x00007ff9a8bc5000 	C:\Windows\SYSTEM32\USERENV.dll
0x00007ff9a3510000 - 0x00007ff9a3526000 	C:\Windows\SYSTEM32\dhcpcsvc6.DLL
0x00007ff9a25d0000 - 0x00007ff9a25ec000 	C:\Windows\SYSTEM32\dhcpcsvc.DLL

dbghelp: loaded successfully - version: 4.0.5 - missing functions: none
symbol engine: initialized successfully - sym options: 0x614 - pdb path: .;C:\Program Files\JetBrains\IntelliJ IDEA Community Edition 2019.2.4\jbr\bin;C:\Windows\SYSTEM32;C:\Program Files\AVAST Software\Avast;C:\Windows\WinSxS\amd64_microsoft.windows.common-controls_6595b64144ccf1df_6.0.18362.1256_none_9e7e379be45e40e2;C:\Program Files\JetBrains\IntelliJ IDEA Community Edition 2019.2.4\jbr\bin\server

VM Arguments:
jvm_args: -agentlib:jdwp=transport=dt_socket,address=127.0.0.1:58965,suspend=y,server=n -javaagent:C:\Users\Daniil\.IdeaIC2019.2\system\captureAgent\debugger-agent.jar -Dfile.encoding=UTF-8 
java_command: ru.univer.db.vcs.Application
java_class_path (initial): C:\Program Files (x86)\MySQL\Connector J 5.1\mysql-connector-java-5.1.49-bin.jar;C:\Users\Daniil\IdeaProjects\VCSapp\Backend\target\classes;C:\Users\Daniil\.m2\repository\org\postgresql\postgresql\42.2.18\postgresql-42.2.18.jar;C:\Users\Daniil\.m2\repository\org\checkerframework\checker-qual\3.5.0\checker-qual-3.5.0.jar;C:\Users\Daniil\.m2\repository\org\springframework\boot\spring-boot-starter-freemarker\2.3.1.RELEASE\spring-boot-starter-freemarker-2.3.1.RELEASE.jar;C:\Users\Daniil\.m2\repository\org\springframework\boot\spring-boot-starter\2.3.1.RELEASE\spring-boot-starter-2.3.1.RELEASE.jar;C:\Users\Daniil\.m2\repository\org\springframework\boot\spring-boot\2.3.1.RELEASE\spring-boot-2.3.1.RELEASE.jar;C:\Users\Daniil\.m2\repository\org\springframework\boot\spring-boot-autoconfigure\2.3.1.RELEASE\spring-boot-autoconfigure-2.3.1.RELEASE.jar;C:\Users\Daniil\.m2\repository\org\springframework\boot\spring-boot-starter-logging\2.3.1.RELEASE\spring-boot-starter-logging-2.3.1.RELEASE.jar;C:\Users\Daniil\.m2\repository\ch\qos\logback\logback-classic\1.2.3\logback-classic-1.2.3.jar;C:\Users\Daniil\.m2\repository\ch\qos\logback\logback-core\1.2.3\logback-core-1.2.3.jar;C:\Users\Daniil\.m2\repository\org\apache\logging\log4j\log4j-to-slf4j\2.13.3\log4j-to-slf4j-2.13.3.jar;C:\Users\Daniil\.m2\repository\org\apache\logging\log4j\log4j-api\2.13.3\log4j-api-2.13.3.jar;C:\Users\Daniil\.m2\repository\org\slf4j\jul-to-slf4j\1.7.30\jul-to-slf4j-1.7.30.jar;C:\Users\Daniil\.m2\repository\jakarta\annotation\jakarta.annotation-api\1.3.5\jakarta.annotation-api-1.3.5.jar;C:\Users\Daniil\.m2\repository\org\yaml\snakeyaml\1.26\snakeyaml-1.26.jar;C:\Users\Daniil\.m2\repository\org\freemarker\freemarker\2.3.30\freemarker-2.3.30.jar;C:\Users\Daniil\.m2\repository\org\springframework\spring-context-support\5.2.7.RELEASE\spring-context-support-5.2.7.RELEASE.jar;C:\Users\Daniil\.m2\repository\org\springframework\spring-beans\5.2.7.RELEASE\spring-beans-5.2.7.RELEASE.jar;
Launcher Type: SUN_STANDARD

[Global flags]
     intx CICompilerCount                          = 4                                         {product} {ergonomic}
     uint ConcGCThreads                            = 2                                         {product} {ergonomic}
     uint G1ConcRefinementThreads                  = 8                                         {product} {ergonomic}
   size_t G1HeapRegionSize                         = 1048576                                   {product} {ergonomic}
    uintx GCDrainStackTargetSize                   = 64                                        {product} {ergonomic}
   size_t InitialHeapSize                          = 134217728                                 {product} {ergonomic}
   size_t MarkStackSize                            = 4194304                                   {product} {ergonomic}
   size_t MaxHeapSize                              = 2124414976                                {product} {ergonomic}
   size_t MaxNewSize                               = 1274019840                                {product} {ergonomic}
   size_t MinHeapDeltaBytes                        = 1048576                                   {product} {ergonomic}
    uintx NonNMethodCodeHeapSize                   = 5835340                                {pd product} {ergonomic}
    uintx NonProfiledCodeHeapSize                  = 122911450                              {pd product} {ergonomic}
    uintx ProfiledCodeHeapSize                     = 122911450                              {pd product} {ergonomic}
    uintx ReservedCodeCacheSize                    = 251658240                              {pd product} {ergonomic}
     bool SegmentedCodeCache                       = true                                      {product} {ergonomic}
     bool UseCompressedClassPointers               = true                                 {lp64_product} {ergonomic}
     bool UseCompressedOops                        = true                                 {lp64_product} {ergonomic}
     bool UseG1GC                                  = true                                      {product} {ergonomic}
     bool UseLargePagesIndividualAllocation        = false                                  {pd product} {ergonomic}

Logging:
Log output configuration:
 #0: stdout all=warning uptime,level,tags
 #1: stderr all=off uptime,level,tags

Environment Variables:
CLASSPATH=.;
PATH=C:\Program Files\Java\jdk1.8.0_231\bin;C:\Program Files\MATLAB\R2017b\bin;C:\Program Files (x86)\CodeBlocks\MinGW\bin;C:\Users\Daniil\AppData\Local\Programs\Microsoft VS Code\bin;C:\Program Files\nodejs\;C:\Windows\System32;C:\Program Files (x86)\CodeBlocks\MinGW\bin;C:\Program Files\PostgreSQL\12\bin;C:\Users\Daniil\AppData\Local\Programs\Python\Python38-32\Scripts\;C:\Users\Daniil\AppData\Local\Programs\Python\Python38-32\;C:\Users\\AppData\Local\Programs\Python\Python37-32\Scripts\;C:\Users\\AppData\Local\Programs\Python\Python37-32\;C:\Users\\AppData\Local\Microsoft\WindowsApps;C:\Users\\AppData\Local\GitHubDesktop\bin;C:\Program Files\JetBrains\IntelliJ IDEA Community Edition 2019.2.4\bin;C:\Program Files\JetBrains\PyCharm Community Edition 2019.2.5\bin;C:\Users\Daniil\AppData\Local\GitHubDesktop\bin;C:\Program Files (x86)\CodeBlocks\MinGW\bin;C:\Users\Daniil\AppData\Local\Programs\Microsoft VS Code\bin;C:\Users\Daniil\AppData\Roaming\npm;C:\Windows\System32;;C:\Program Files\JetBrains\DataGrip 2020.3\bin;
USERNAME=Daniiil
OS=Windows_NT
PROCESSOR_IDENTIFIER=Intel64 Family 6 Model 142 Stepping 10, GenuineIntel



---------------  S Y S T E M  ---------------

OS: Windows 10 , 64 bit Build 18362 (10.0.18362.1110)

CPU:total 8 (initial active 8) (4 cores per cpu, 2 threads per core) family 6 model 142 stepping 10, cmov, cx8, fxsr, mmx, sse, sse2, sse3, ssse3, sse4.1, sse4.2, popcnt, avx, avx2, aes, clmul, erms, 3dnowpref, lzcnt, ht, tsc, tscinvbit, bmi1, bmi2, adx, fma

Memory: 4k page, system-wide physical 8101M (570M free)
TotalPageFile size 11101M (AvailPageFile size 5M)
current process WorkingSet (physical memory assigned to process): 518M, peak: 518M
current process commit charge ("private bytes"): 593M, peak: 593M

vm_info: OpenJDK 64-Bit Server VM (11.0.4+10-b304.77) for windows-amd64 JRE (11.0.4+10-b304.77), built on Oct 10 2019 15:02:36 by "" with MS VC++ 14.0 (VS2015)

END.
