#
# There is insufficient memory for the Java Runtime Environment to continue.
# Native memory allocation (malloc) failed to allocate 1400976 bytes for Chunk::new
# Possible reasons:
#   The system is out of physical RAM or swap space
#   The process is running with CompressedOops enabled, and the Java Heap may be blocking the growth of the native heap
# Possible solutions:
#   Reduce memory load on the system
#   Increase physical memory or swap space
#   Check if swap backing store is full
#   Decrease Java heap size (-Xmx/-Xms)
#   Decrease number of Java threads
#   Decrease Java thread stack sizes (-Xss)
#   Set larger code cache with -XX:ReservedCodeCacheSize=
#   JVM is running with Unscaled Compressed Oops mode in which the Java heap is
#     placed in the first 4GB address space. The Java Heap base address is the
#     maximum limit for the native heap growth. Please use -XX:HeapBaseMinAddress
#     to set the Java Heap base and to place the Java Heap above 4GB virtual address.
# This output file may be truncated or incomplete.
#
#  Out of Memory Error (c:/BuildAgent/work/5ff2f6c26000d570/src/hotspot/share/memory/arena.cpp:197), pid=13772, tid=13288
#
# JRE version: OpenJDK Runtime Environment (11.0.4+10) (build 11.0.4+10-b304.77)
# Java VM: OpenJDK 64-Bit Server VM (11.0.4+10-b304.77, mixed mode, sharing, tiered, compressed oops, g1 gc, windows-amd64)
# No core dump will be written. Minidumps are not enabled by default on client versions of Windows
#

---------------  S U M M A R Y ------------

Command Line: -agentlib:jdwp=transport=dt_socket,address=127.0.0.1:53320,suspend=y,server=n -javaagent:C:\Users\Daniil\.IdeaIC2019.2\system\captureAgent\debugger-agent.jar -Dfile.encoding=UTF-8 ru.univer.db.vcs.Application

Host: Intel(R) Core(TM) i5-8250U CPU @ 1.60GHz, 8 cores, 7G,  Windows 10 , 64 bit Build 18362 (10.0.18362.1110)
Time: Fri Dec 25 14:12:53 2020 RTZ 2 (ceia) elapsed time: 6 seconds (0d 0h 0m 6s)

---------------  T H R E A D  ---------------

Current thread (0x000001a01a82e000):  JavaThread "C2 CompilerThread1" daemon [_thread_in_native, id=13288, stack(0x000000380b400000,0x000000380b500000)]


Current CompileTask:
C2:   6035 3587   !   4       java.net.URL::<init> (543 bytes)

Stack: [0x000000380b400000,0x000000380b500000]
Native frames: (J=compiled Java code, j=interpreted, Vv=VM code, C=native code)
V  [jvm.dll+0x5db31a]
V  [jvm.dll+0x70c395]
V  [jvm.dll+0x70d8b8]
V  [jvm.dll+0x70df83]
V  [jvm.dll+0x23dbb8]
V  [jvm.dll+0xb91fc]
V  [jvm.dll+0xb96fc]
V  [jvm.dll+0x34f3cb]
V  [jvm.dll+0x19456c]
V  [jvm.dll+0x1f793e]
V  [jvm.dll+0x1f6a04]
V  [jvm.dll+0x17fd7c]
V  [jvm.dll+0x204d17]
V  [jvm.dll+0x2035b2]
V  [jvm.dll+0x6d956f]
V  [jvm.dll+0x6d236d]
V  [jvm.dll+0x5da5e6]
C  [ucrtbase.dll+0x210b2]
C  [KERNEL32.DLL+0x17c24]
C  [ntdll.dll+0x6d4d1]


---------------  P R O C E S S  ---------------

Threads class SMR info:
_java_thread_list=0x000001a01d6a53f0, length=14, elements={
0x000001a07f333000, 0x000001a019b64000, 0x000001a019b68000, 0x000001a019b83000,
0x000001a019b86000, 0x000001a019b87800, 0x000001a019b8c800, 0x000001a019b99800,
0x000001a01a575800, 0x000001a01a64f000, 0x000001a01a63e000, 0x000001a01a68b800,
0x000001a01a573000, 0x000001a01a82e000
}

Java Threads: ( => current thread )
  0x000001a07f333000 JavaThread "main" [_thread_in_vm, id=512, stack(0x000000380a200000,0x000000380a300000)]
  0x000001a019b64000 JavaThread "Reference Handler" daemon [_thread_blocked, id=3616, stack(0x000000380a900000,0x000000380aa00000)]
  0x000001a019b68000 JavaThread "Finalizer" daemon [_thread_blocked, id=1412, stack(0x000000380aa00000,0x000000380ab00000)]
  0x000001a019b83000 JavaThread "Signal Dispatcher" daemon [_thread_blocked, id=15132, stack(0x000000380ab00000,0x000000380ac00000)]
  0x000001a019b86000 JavaThread "Attach Listener" daemon [_thread_blocked, id=2772, stack(0x000000380ac00000,0x000000380ad00000)]
  0x000001a019b87800 JavaThread "C2 CompilerThread0" daemon [_thread_in_native, id=3984, stack(0x000000380ad00000,0x000000380ae00000)]
  0x000001a019b8c800 JavaThread "C1 CompilerThread0" daemon [_thread_blocked, id=4252, stack(0x000000380ae00000,0x000000380af00000)]
  0x000001a019b99800 JavaThread "Sweeper thread" daemon [_thread_blocked, id=3240, stack(0x000000380af00000,0x000000380b000000)]
  0x000001a01a575800 JavaThread "Common-Cleaner" daemon [_thread_blocked, id=1600, stack(0x000000380b000000,0x000000380b100000)]
  0x000001a01a64f000 JavaThread "JDWP Transport Listener: dt_socket" daemon [_thread_blocked, id=14448, stack(0x000000380b100000,0x000000380b200000)]
  0x000001a01a63e000 JavaThread "JDWP Event Helper Thread" daemon [_thread_blocked, id=7316, stack(0x000000380b200000,0x000000380b300000)]
  0x000001a01a68b800 JavaThread "JDWP Command Reader" daemon [_thread_in_native, id=12380, stack(0x000000380b300000,0x000000380b400000)]
  0x000001a01a573000 JavaThread "Service Thread" daemon [_thread_blocked, id=5636, stack(0x000000380b500000,0x000000380b600000)]
=>0x000001a01a82e000 JavaThread "C2 CompilerThread1" daemon [_thread_in_native, id=13288, stack(0x000000380b400000,0x000000380b500000)]

Other Threads:
  0x000001a019b5f800 VMThread "VM Thread" [stack: 0x000000380a800000,0x000000380a900000] [id=6492]
  0x000001a01aa54800 WatcherThread [stack: 0x000000380b600000,0x000000380b700000] [id=3888]
  0x000001a07f34b800 GCTaskThread "GC Thread#0" [stack: 0x000000380a300000,0x000000380a400000] [id=14920]
  0x000001a01b337000 GCTaskThread "GC Thread#1" [stack: 0x000000380b800000,0x000000380b900000] [id=13432]
  0x000001a01ae78000 GCTaskThread "GC Thread#2" [stack: 0x000000380b900000,0x000000380ba00000] [id=13268]
  0x000001a01d4bc800 GCTaskThread "GC Thread#3" [stack: 0x000000380bb00000,0x000000380bc00000] [id=14904]
  0x000001a07f37b800 ConcurrentGCThread "G1 Main Marker" [stack: 0x000000380a400000,0x000000380a500000] [id=12572]
  0x000001a07f37d000 ConcurrentGCThread "G1 Conc#0" [stack: 0x000000380a500000,0x000000380a600000] [id=12588]
  0x000001a01e4a2800 ConcurrentGCThread "G1 Conc#1" [stack: 0x000000380ba00000,0x000000380bb00000] [id=14488]
  0x000001a0199f0800 ConcurrentGCThread "G1 Refine#0" [stack: 0x000000380a600000,0x000000380a700000] [id=11592]
  0x000001a0199f1000 ConcurrentGCThread "G1 Young RemSet Sampling" [stack: 0x000000380a700000,0x000000380a800000] [id=12144]

Threads with active compile tasks:
C2 CompilerThread03654       4       org.springframework.boot.context.properties.source.ConfigurationPropertyName$ElementsParser::parse (234 bytes)
C2 CompilerThread13587   !   4       java.net.URL::<init> (543 bytes)

VM state:not at safepoint (normal execution)

VM Mutex/Monitor currently owned by a thread: None

Heap address: 0x0000000081600000, size: 2026 MB, Compressed Oops mode: 32-bit
Narrow klass base: 0x0000000800000000, Narrow klass shift: 3
Compressed class space size: 1073741824 Address: 0x0000000840000000

Heap:
 garbage-first heap   total 157696K, used 67741K [0x0000000081600000, 0x0000000100000000)
  region size 1024K, 62 young (63488K), 9 survivors (9216K)
 Metaspace       used 31506K, capacity 32543K, committed 32816K, reserved 1077248K
  class space    used 3965K, capacity 4400K, committed 4480K, reserved 1048576K
Heap Regions: E=young(eden), S=young(survivor), O=old, HS=humongous(starts), HC=humongous(continues), CS=collection set, F=free, A=archive, TAMS=top-at-mark-start (previous, next)
|   0|0x0000000081600000, 0x0000000081700000, 0x0000000081700000|100%|HS|  |TAMS 0x0000000081700000, 0x0000000081600000| Complete 
|   1|0x0000000081700000, 0x0000000081800000, 0x0000000081800000|100%| O|  |TAMS 0x0000000081800000, 0x0000000081700000| Untracked 
|   2|0x0000000081800000, 0x0000000081900000, 0x0000000081900000|100%| O|  |TAMS 0x0000000081900000, 0x0000000081800000| Untracked 
|   3|0x0000000081900000, 0x0000000081a00000, 0x0000000081a00000|100%| O|  |TAMS 0x0000000081a00000, 0x0000000081900000| Untracked 
|   4|0x0000000081a00000, 0x0000000081b00000, 0x0000000081b00000|100%| O|  |TAMS 0x0000000081b00000, 0x0000000081a00000| Untracked 
|   5|0x0000000081b00000, 0x0000000081c00000, 0x0000000081c00000|100%| O|  |TAMS 0x0000000081c00000, 0x0000000081b00000| Untracked 
|   6|0x0000000081c00000, 0x0000000081ce1600, 0x0000000081d00000| 88%| O|  |TAMS 0x0000000081ce1600, 0x0000000081c00000| Untracked 
|   7|0x0000000081d00000, 0x0000000081d00000, 0x0000000081e00000|  0%| F|  |TAMS 0x0000000081d00000, 0x0000000081d00000| Untracked 
|   8|0x0000000081e00000, 0x0000000081e00000, 0x0000000081f00000|  0%| F|  |TAMS 0x0000000081e00000, 0x0000000081e00000| Untracked 
|   9|0x0000000081f00000, 0x0000000081f00000, 0x0000000082000000|  0%| F|  |TAMS 0x0000000081f00000, 0x0000000081f00000| Untracked 
|  10|0x0000000082000000, 0x0000000082000000, 0x0000000082100000|  0%| F|  |TAMS 0x0000000082000000, 0x0000000082000000| Untracked 
|  11|0x0000000082100000, 0x0000000082100000, 0x0000000082200000|  0%| F|  |TAMS 0x0000000082100000, 0x0000000082100000| Untracked 
|  12|0x0000000082200000, 0x0000000082200000, 0x0000000082300000|  0%| F|  |TAMS 0x0000000082200000, 0x0000000082200000| Untracked 
|  13|0x0000000082300000, 0x0000000082300000, 0x0000000082400000|  0%| F|  |TAMS 0x0000000082300000, 0x0000000082300000| Untracked 
|  14|0x0000000082400000, 0x0000000082400000, 0x0000000082500000|  0%| F|  |TAMS 0x0000000082400000, 0x0000000082400000| Untracked 
|  15|0x0000000082500000, 0x0000000082500000, 0x0000000082600000|  0%| F|  |TAMS 0x0000000082500000, 0x0000000082500000| Untracked 
|  16|0x0000000082600000, 0x0000000082600000, 0x0000000082700000|  0%| F|  |TAMS 0x0000000082600000, 0x0000000082600000| Untracked 
|  17|0x0000000082700000, 0x0000000082700000, 0x0000000082800000|  0%| F|  |TAMS 0x0000000082700000, 0x0000000082700000| Untracked 
|  18|0x0000000082800000, 0x0000000082800000, 0x0000000082900000|  0%| F|  |TAMS 0x0000000082800000, 0x0000000082800000| Untracked 
|  19|0x0000000082900000, 0x0000000082900000, 0x0000000082a00000|  0%| F|  |TAMS 0x0000000082900000, 0x0000000082900000| Untracked 
|  20|0x0000000082a00000, 0x0000000082a00000, 0x0000000082b00000|  0%| F|  |TAMS 0x0000000082a00000, 0x0000000082a00000| Untracked 
|  21|0x0000000082b00000, 0x0000000082b00000, 0x0000000082c00000|  0%| F|  |TAMS 0x0000000082b00000, 0x0000000082b00000| Untracked 
|  22|0x0000000082c00000, 0x0000000082c00000, 0x0000000082d00000|  0%| F|  |TAMS 0x0000000082c00000, 0x0000000082c00000| Untracked 
|  23|0x0000000082d00000, 0x0000000082d00000, 0x0000000082e00000|  0%| F|  |TAMS 0x0000000082d00000, 0x0000000082d00000| Untracked 
|  24|0x0000000082e00000, 0x0000000082e00000, 0x0000000082f00000|  0%| F|  |TAMS 0x0000000082e00000, 0x0000000082e00000| Untracked 
|  25|0x0000000082f00000, 0x0000000082f00000, 0x0000000083000000|  0%| F|  |TAMS 0x0000000082f00000, 0x0000000082f00000| Untracked 
|  26|0x0000000083000000, 0x0000000083000000, 0x0000000083100000|  0%| F|  |TAMS 0x0000000083000000, 0x0000000083000000| Untracked 
|  27|0x0000000083100000, 0x0000000083100000, 0x0000000083200000|  0%| F|  |TAMS 0x0000000083100000, 0x0000000083100000| Untracked 
|  28|0x0000000083200000, 0x0000000083200000, 0x0000000083300000|  0%| F|  |TAMS 0x0000000083200000, 0x0000000083200000| Untracked 
|  29|0x0000000083300000, 0x0000000083300000, 0x0000000083400000|  0%| F|  |TAMS 0x0000000083300000, 0x0000000083300000| Untracked 
|  30|0x0000000083400000, 0x0000000083400000, 0x0000000083500000|  0%| F|  |TAMS 0x0000000083400000, 0x0000000083400000| Untracked 
|  31|0x0000000083500000, 0x0000000083500000, 0x0000000083600000|  0%| F|  |TAMS 0x0000000083500000, 0x0000000083500000| Untracked 
|  32|0x0000000083600000, 0x0000000083600000, 0x0000000083700000|  0%| F|  |TAMS 0x0000000083600000, 0x0000000083600000| Untracked 
|  33|0x0000000083700000, 0x0000000083700000, 0x0000000083800000|  0%| F|  |TAMS 0x0000000083700000, 0x0000000083700000| Untracked 
|  34|0x0000000083800000, 0x0000000083800000, 0x0000000083900000|  0%| F|  |TAMS 0x0000000083800000, 0x0000000083800000| Untracked 
|  35|0x0000000083900000, 0x0000000083900000, 0x0000000083a00000|  0%| F|  |TAMS 0x0000000083900000, 0x0000000083900000| Untracked 
|  36|0x0000000083a00000, 0x0000000083a00000, 0x0000000083b00000|  0%| F|  |TAMS 0x0000000083a00000, 0x0000000083a00000| Untracked 
|  37|0x0000000083b00000, 0x0000000083b00000, 0x0000000083c00000|  0%| F|  |TAMS 0x0000000083b00000, 0x0000000083b00000| Untracked 
|  38|0x0000000083c00000, 0x0000000083c00000, 0x0000000083d00000|  0%| F|  |TAMS 0x0000000083c00000, 0x0000000083c00000| Untracked 
|  39|0x0000000083d00000, 0x0000000083d00000, 0x0000000083e00000|  0%| F|  |TAMS 0x0000000083d00000, 0x0000000083d00000| Untracked 
|  40|0x0000000083e00000, 0x0000000083e00000, 0x0000000083f00000|  0%| F|  |TAMS 0x0000000083e00000, 0x0000000083e00000| Untracked 
|  41|0x0000000083f00000, 0x0000000083f00000, 0x0000000084000000|  0%| F|  |TAMS 0x0000000083f00000, 0x0000000083f00000| Untracked 
|  42|0x0000000084000000, 0x0000000084000000, 0x0000000084100000|  0%| F|  |TAMS 0x0000000084000000, 0x0000000084000000| Untracked 
|  43|0x0000000084100000, 0x0000000084146158, 0x0000000084200000| 27%| S|CS|TAMS 0x0000000084100000, 0x0000000084100000| Complete 
|  44|0x0000000084200000, 0x0000000084300000, 0x0000000084300000|100%| S|CS|TAMS 0x0000000084200000, 0x0000000084200000| Complete 
|  45|0x0000000084300000, 0x0000000084400000, 0x0000000084400000|100%| S|CS|TAMS 0x0000000084300000, 0x0000000084300000| Complete 
|  46|0x0000000084400000, 0x0000000084500000, 0x0000000084500000|100%| S|CS|TAMS 0x0000000084400000, 0x0000000084400000| Complete 
|  47|0x0000000084500000, 0x0000000084600000, 0x0000000084600000|100%| S|CS|TAMS 0x0000000084500000, 0x0000000084500000| Complete 
|  48|0x0000000084600000, 0x0000000084700000, 0x0000000084700000|100%| S|CS|TAMS 0x0000000084600000, 0x0000000084600000| Complete 
|  49|0x0000000084700000, 0x0000000084800000, 0x0000000084800000|100%| S|CS|TAMS 0x0000000084700000, 0x0000000084700000| Complete 
|  50|0x0000000084800000, 0x0000000084900000, 0x0000000084900000|100%| S|CS|TAMS 0x0000000084800000, 0x0000000084800000| Complete 
|  51|0x0000000084900000, 0x0000000084a00000, 0x0000000084a00000|100%| S|CS|TAMS 0x0000000084900000, 0x0000000084900000| Complete 
|  52|0x0000000084a00000, 0x0000000084a00000, 0x0000000084b00000|  0%| F|  |TAMS 0x0000000084a00000, 0x0000000084a00000| Untracked 
|  53|0x0000000084b00000, 0x0000000084b00000, 0x0000000084c00000|  0%| F|  |TAMS 0x0000000084b00000, 0x0000000084b00000| Untracked 
|  54|0x0000000084c00000, 0x0000000084c00000, 0x0000000084d00000|  0%| F|  |TAMS 0x0000000084c00000, 0x0000000084c00000| Untracked 
|  55|0x0000000084d00000, 0x0000000084d00000, 0x0000000084e00000|  0%| F|  |TAMS 0x0000000084d00000, 0x0000000084d00000| Untracked 
|  56|0x0000000084e00000, 0x0000000084e00000, 0x0000000084f00000|  0%| F|  |TAMS 0x0000000084e00000, 0x0000000084e00000| Untracked 
|  57|0x0000000084f00000, 0x0000000084f00000, 0x0000000085000000|  0%| F|  |TAMS 0x0000000084f00000, 0x0000000084f00000| Untracked 
|  58|0x0000000085000000, 0x0000000085000000, 0x0000000085100000|  0%| F|  |TAMS 0x0000000085000000, 0x0000000085000000| Untracked 
|  59|0x0000000085100000, 0x0000000085100000, 0x0000000085200000|  0%| F|  |TAMS 0x0000000085100000, 0x0000000085100000| Untracked 
|  60|0x0000000085200000, 0x0000000085200000, 0x0000000085300000|  0%| F|  |TAMS 0x0000000085200000, 0x0000000085200000| Untracked 
|  61|0x0000000085300000, 0x0000000085300000, 0x0000000085400000|  0%| F|  |TAMS 0x0000000085300000, 0x0000000085300000| Untracked 
|  62|0x0000000085400000, 0x0000000085400000, 0x0000000085500000|  0%| F|  |TAMS 0x0000000085400000, 0x0000000085400000| Untracked 
|  63|0x0000000085500000, 0x0000000085500000, 0x0000000085600000|  0%| F|  |TAMS 0x0000000085500000, 0x0000000085500000| Untracked 
|  64|0x0000000085600000, 0x0000000085600000, 0x0000000085700000|  0%| F|  |TAMS 0x0000000085600000, 0x0000000085600000| Untracked 
|  65|0x0000000085700000, 0x0000000085700000, 0x0000000085800000|  0%| F|  |TAMS 0x0000000085700000, 0x0000000085700000| Untracked 
|  66|0x0000000085800000, 0x0000000085800000, 0x0000000085900000|  0%| F|  |TAMS 0x0000000085800000, 0x0000000085800000| Untracked 
|  67|0x0000000085900000, 0x0000000085900000, 0x0000000085a00000|  0%| F|  |TAMS 0x0000000085900000, 0x0000000085900000| Untracked 
|  68|0x0000000085a00000, 0x0000000085a00000, 0x0000000085b00000|  0%| F|  |TAMS 0x0000000085a00000, 0x0000000085a00000| Untracked 
|  69|0x0000000085b00000, 0x0000000085b00000, 0x0000000085c00000|  0%| F|  |TAMS 0x0000000085b00000, 0x0000000085b00000| Untracked 
|  70|0x0000000085c00000, 0x0000000085c00000, 0x0000000085d00000|  0%| F|  |TAMS 0x0000000085c00000, 0x0000000085c00000| Untracked 
|  71|0x0000000085d00000, 0x0000000085d00000, 0x0000000085e00000|  0%| F|  |TAMS 0x0000000085d00000, 0x0000000085d00000| Untracked 
|  72|0x0000000085e00000, 0x0000000085e00000, 0x0000000085f00000|  0%| F|  |TAMS 0x0000000085e00000, 0x0000000085e00000| Untracked 
|  73|0x0000000085f00000, 0x0000000085f00000, 0x0000000086000000|  0%| F|  |TAMS 0x0000000085f00000, 0x0000000085f00000| Untracked 
|  74|0x0000000086000000, 0x0000000086000000, 0x0000000086100000|  0%| F|  |TAMS 0x0000000086000000, 0x0000000086000000| Untracked 
|  75|0x0000000086100000, 0x0000000086100000, 0x0000000086200000|  0%| F|  |TAMS 0x0000000086100000, 0x0000000086100000| Untracked 
|  76|0x0000000086200000, 0x0000000086200000, 0x0000000086300000|  0%| F|  |TAMS 0x0000000086200000, 0x0000000086200000| Untracked 
|  77|0x0000000086300000, 0x0000000086300000, 0x0000000086400000|  0%| F|  |TAMS 0x0000000086300000, 0x0000000086300000| Untracked 
|  78|0x0000000086400000, 0x0000000086400000, 0x0000000086500000|  0%| F|  |TAMS 0x0000000086400000, 0x0000000086400000| Untracked 
|  79|0x0000000086500000, 0x0000000086500000, 0x0000000086600000|  0%| F|  |TAMS 0x0000000086500000, 0x0000000086500000| Untracked 
|  80|0x0000000086600000, 0x0000000086600000, 0x0000000086700000|  0%| F|  |TAMS 0x0000000086600000, 0x0000000086600000| Untracked 
|  81|0x0000000086700000, 0x0000000086700000, 0x0000000086800000|  0%| F|  |TAMS 0x0000000086700000, 0x0000000086700000| Untracked 
|  82|0x0000000086800000, 0x0000000086800000, 0x0000000086900000|  0%| F|  |TAMS 0x0000000086800000, 0x0000000086800000| Untracked 
|  83|0x0000000086900000, 0x0000000086900000, 0x0000000086a00000|  0%| F|  |TAMS 0x0000000086900000, 0x0000000086900000| Untracked 
|  84|0x0000000086a00000, 0x0000000086a00000, 0x0000000086b00000|  0%| F|  |TAMS 0x0000000086a00000, 0x0000000086a00000| Untracked 
|  85|0x0000000086b00000, 0x0000000086b00000, 0x0000000086c00000|  0%| F|  |TAMS 0x0000000086b00000, 0x0000000086b00000| Untracked 
|  86|0x0000000086c00000, 0x0000000086c00000, 0x0000000086d00000|  0%| F|  |TAMS 0x0000000086c00000, 0x0000000086c00000| Untracked 
|  87|0x0000000086d00000, 0x0000000086d00000, 0x0000000086e00000|  0%| F|  |TAMS 0x0000000086d00000, 0x0000000086d00000| Untracked 
|  88|0x0000000086e00000, 0x0000000086e00000, 0x0000000086f00000|  0%| F|  |TAMS 0x0000000086e00000, 0x0000000086e00000| Untracked 
|  89|0x0000000086f00000, 0x0000000086f00000, 0x0000000087000000|  0%| F|  |TAMS 0x0000000086f00000, 0x0000000086f00000| Untracked 
|  90|0x0000000087000000, 0x0000000087000000, 0x0000000087100000|  0%| F|  |TAMS 0x0000000087000000, 0x0000000087000000| Untracked 
|  91|0x0000000087100000, 0x0000000087100000, 0x0000000087200000|  0%| F|  |TAMS 0x0000000087100000, 0x0000000087100000| Untracked 
|  92|0x0000000087200000, 0x0000000087200000, 0x0000000087300000|  0%| F|  |TAMS 0x0000000087200000, 0x0000000087200000| Untracked 
|  93|0x0000000087300000, 0x0000000087300000, 0x0000000087400000|  0%| F|  |TAMS 0x0000000087300000, 0x0000000087300000| Untracked 
|  94|0x0000000087400000, 0x0000000087400000, 0x0000000087500000|  0%| F|  |TAMS 0x0000000087400000, 0x0000000087400000| Untracked 
|  95|0x0000000087500000, 0x0000000087500000, 0x0000000087600000|  0%| F|  |TAMS 0x0000000087500000, 0x0000000087500000| Untracked 
|  96|0x0000000087600000, 0x0000000087600000, 0x0000000087700000|  0%| F|  |TAMS 0x0000000087600000, 0x0000000087600000| Untracked 
|  97|0x0000000087700000, 0x0000000087700000, 0x0000000087800000|  0%| F|  |TAMS 0x0000000087700000, 0x0000000087700000| Untracked 
|  98|0x0000000087800000, 0x0000000087800000, 0x0000000087900000|  0%| F|  |TAMS 0x0000000087800000, 0x0000000087800000| Untracked 
|  99|0x0000000087900000, 0x0000000087900000, 0x0000000087a00000|  0%| F|  |TAMS 0x0000000087900000, 0x0000000087900000| Untracked 
| 100|0x0000000087a00000, 0x0000000087a00000, 0x0000000087b00000|  0%| F|  |TAMS 0x0000000087a00000, 0x0000000087a00000| Untracked 
| 101|0x0000000087b00000, 0x0000000087c00000, 0x0000000087c00000|100%| E|  |TAMS 0x0000000087b00000, 0x0000000087b00000| Complete 
| 102|0x0000000087c00000, 0x0000000087d00000, 0x0000000087d00000|100%| E|CS|TAMS 0x0000000087c00000, 0x0000000087c00000| Complete 
| 103|0x0000000087d00000, 0x0000000087e00000, 0x0000000087e00000|100%| E|CS|TAMS 0x0000000087d00000, 0x0000000087d00000| Complete 
| 104|0x0000000087e00000, 0x0000000087f00000, 0x0000000087f00000|100%| E|CS|TAMS 0x0000000087e00000, 0x0000000087e00000| Complete 
| 105|0x0000000087f00000, 0x0000000088000000, 0x0000000088000000|100%| E|CS|TAMS 0x0000000087f00000, 0x0000000087f00000| Complete 
| 106|0x0000000088000000, 0x0000000088100000, 0x0000000088100000|100%| E|CS|TAMS 0x0000000088000000, 0x0000000088000000| Complete 
| 107|0x0000000088100000, 0x0000000088200000, 0x0000000088200000|100%| E|CS|TAMS 0x0000000088100000, 0x0000000088100000| Complete 
| 108|0x0000000088200000, 0x0000000088300000, 0x0000000088300000|100%| E|CS|TAMS 0x0000000088200000, 0x0000000088200000| Complete 
| 109|0x0000000088300000, 0x0000000088400000, 0x0000000088400000|100%| E|CS|TAMS 0x0000000088300000, 0x0000000088300000| Complete 
| 110|0x0000000088400000, 0x0000000088500000, 0x0000000088500000|100%| E|CS|TAMS 0x0000000088400000, 0x0000000088400000| Complete 
| 111|0x0000000088500000, 0x0000000088600000, 0x0000000088600000|100%| E|CS|TAMS 0x0000000088500000, 0x0000000088500000| Complete 
| 112|0x0000000088600000, 0x0000000088700000, 0x0000000088700000|100%| E|CS|TAMS 0x0000000088600000, 0x0000000088600000| Complete 
| 113|0x0000000088700000, 0x0000000088800000, 0x0000000088800000|100%| E|CS|TAMS 0x0000000088700000, 0x0000000088700000| Complete 
| 114|0x0000000088800000, 0x0000000088900000, 0x0000000088900000|100%| E|CS|TAMS 0x0000000088800000, 0x0000000088800000| Complete 
| 115|0x0000000088900000, 0x0000000088a00000, 0x0000000088a00000|100%| E|CS|TAMS 0x0000000088900000, 0x0000000088900000| Complete 
| 116|0x0000000088a00000, 0x0000000088b00000, 0x0000000088b00000|100%| E|CS|TAMS 0x0000000088a00000, 0x0000000088a00000| Complete 
| 117|0x0000000088b00000, 0x0000000088c00000, 0x0000000088c00000|100%| E|CS|TAMS 0x0000000088b00000, 0x0000000088b00000| Complete 
| 118|0x0000000088c00000, 0x0000000088d00000, 0x0000000088d00000|100%| E|CS|TAMS 0x0000000088c00000, 0x0000000088c00000| Complete 
| 119|0x0000000088d00000, 0x0000000088e00000, 0x0000000088e00000|100%| E|CS|TAMS 0x0000000088d00000, 0x0000000088d00000| Complete 
| 120|0x0000000088e00000, 0x0000000088f00000, 0x0000000088f00000|100%| E|CS|TAMS 0x0000000088e00000, 0x0000000088e00000| Complete 
| 121|0x0000000088f00000, 0x0000000089000000, 0x0000000089000000|100%| E|CS|TAMS 0x0000000088f00000, 0x0000000088f00000| Complete 
| 122|0x0000000089000000, 0x0000000089100000, 0x0000000089100000|100%| E|CS|TAMS 0x0000000089000000, 0x0000000089000000| Complete 
| 123|0x0000000089100000, 0x0000000089200000, 0x0000000089200000|100%| E|CS|TAMS 0x0000000089100000, 0x0000000089100000| Complete 
| 124|0x0000000089200000, 0x0000000089300000, 0x0000000089300000|100%| E|CS|TAMS 0x0000000089200000, 0x0000000089200000| Complete 
| 125|0x0000000089300000, 0x0000000089400000, 0x0000000089400000|100%| E|CS|TAMS 0x0000000089300000, 0x0000000089300000| Complete 
| 126|0x0000000089400000, 0x0000000089500000, 0x0000000089500000|100%| E|CS|TAMS 0x0000000089400000, 0x0000000089400000| Complete 
| 127|0x0000000089500000, 0x0000000089600000, 0x0000000089600000|100%| E|CS|TAMS 0x0000000089500000, 0x0000000089500000| Complete 
| 128|0x0000000089600000, 0x0000000089700000, 0x0000000089700000|100%| E|  |TAMS 0x0000000089600000, 0x0000000089600000| Complete 
| 129|0x0000000089700000, 0x0000000089800000, 0x0000000089800000|100%| E|CS|TAMS 0x0000000089700000, 0x0000000089700000| Complete 
| 130|0x0000000089800000, 0x0000000089900000, 0x0000000089900000|100%| E|CS|TAMS 0x0000000089800000, 0x0000000089800000| Complete 
| 131|0x0000000089900000, 0x0000000089a00000, 0x0000000089a00000|100%| E|CS|TAMS 0x0000000089900000, 0x0000000089900000| Complete 
| 132|0x0000000089a00000, 0x0000000089b00000, 0x0000000089b00000|100%| E|CS|TAMS 0x0000000089a00000, 0x0000000089a00000| Complete 
| 133|0x0000000089b00000, 0x0000000089c00000, 0x0000000089c00000|100%| E|CS|TAMS 0x0000000089b00000, 0x0000000089b00000| Complete 
| 134|0x0000000089c00000, 0x0000000089d00000, 0x0000000089d00000|100%| E|CS|TAMS 0x0000000089c00000, 0x0000000089c00000| Complete 
| 135|0x0000000089d00000, 0x0000000089e00000, 0x0000000089e00000|100%| E|CS|TAMS 0x0000000089d00000, 0x0000000089d00000| Complete 
| 136|0x0000000089e00000, 0x0000000089f00000, 0x0000000089f00000|100%| E|CS|TAMS 0x0000000089e00000, 0x0000000089e00000| Complete 
| 137|0x0000000089f00000, 0x000000008a000000, 0x000000008a000000|100%| E|CS|TAMS 0x0000000089f00000, 0x0000000089f00000| Complete 
| 138|0x000000008a000000, 0x000000008a100000, 0x000000008a100000|100%| E|CS|TAMS 0x000000008a000000, 0x000000008a000000| Complete 
| 139|0x000000008a100000, 0x000000008a200000, 0x000000008a200000|100%| E|CS|TAMS 0x000000008a100000, 0x000000008a100000| Complete 
| 140|0x000000008a200000, 0x000000008a300000, 0x000000008a300000|100%| E|CS|TAMS 0x000000008a200000, 0x000000008a200000| Complete 
| 141|0x000000008a300000, 0x000000008a400000, 0x000000008a400000|100%| E|CS|TAMS 0x000000008a300000, 0x000000008a300000| Complete 
| 142|0x000000008a400000, 0x000000008a500000, 0x000000008a500000|100%| E|CS|TAMS 0x000000008a400000, 0x000000008a400000| Complete 
| 143|0x000000008a500000, 0x000000008a600000, 0x000000008a600000|100%| E|CS|TAMS 0x000000008a500000, 0x000000008a500000| Complete 
| 144|0x000000008a600000, 0x000000008a700000, 0x000000008a700000|100%| E|CS|TAMS 0x000000008a600000, 0x000000008a600000| Complete 
| 145|0x000000008a700000, 0x000000008a800000, 0x000000008a800000|100%| E|CS|TAMS 0x000000008a700000, 0x000000008a700000| Complete 
| 146|0x000000008a800000, 0x000000008a900000, 0x000000008a900000|100%| E|CS|TAMS 0x000000008a800000, 0x000000008a800000| Complete 
| 147|0x000000008a900000, 0x000000008aa00000, 0x000000008aa00000|100%| E|CS|TAMS 0x000000008a900000, 0x000000008a900000| Complete 
| 148|0x000000008aa00000, 0x000000008ab00000, 0x000000008ab00000|100%| E|CS|TAMS 0x000000008aa00000, 0x000000008aa00000| Complete 
| 149|0x000000008ab00000, 0x000000008ac00000, 0x000000008ac00000|100%| E|CS|TAMS 0x000000008ab00000, 0x000000008ab00000| Complete 
| 150|0x000000008ac00000, 0x000000008ad00000, 0x000000008ad00000|100%| E|CS|TAMS 0x000000008ac00000, 0x000000008ac00000| Complete 
| 151|0x000000008ad00000, 0x000000008ae00000, 0x000000008ae00000|100%| E|CS|TAMS 0x000000008ad00000, 0x000000008ad00000| Complete 
| 152|0x000000008ae00000, 0x000000008af00000, 0x000000008af00000|100%| E|CS|TAMS 0x000000008ae00000, 0x000000008ae00000| Complete 
| 153|0x000000008af00000, 0x000000008b000000, 0x000000008b000000|100%| E|CS|TAMS 0x000000008af00000, 0x000000008af00000| Complete 

Card table byte_map: [0x000001a07fb20000,0x000001a07ff20000] _byte_map_base: 0x000001a07f715000

Marking Bits (Prev, Next): (CMBitMap*) 0x000001a07f372e70, (CMBitMap*) 0x000001a07f372e38
 Prev Bits: [0x000001a015190000, 0x000001a017138000)
 Next Bits: [0x000001a0131e0000, 0x000001a015188000)

Polling page: 0x000001a07ea80000

Metaspace:

Usage:
  Non-class:     27.48 MB capacity,    26.90 MB ( 98%) used,   481.88 KB (  2%) free+waste,   114.00 KB ( <1%) overhead. 
      Class:      4.30 MB capacity,     3.87 MB ( 90%) used,   378.63 KB (  9%) free+waste,    54.56 KB (  1%) overhead. 
       Both:     31.78 MB capacity,    30.78 MB ( 97%) used,   860.51 KB (  3%) free+waste,   168.56 KB ( <1%) overhead. 

Virtual space:
  Non-class space:       28.00 MB reserved,      27.67 MB ( 99%) committed 
      Class space:        1.00 GB reserved,       4.38 MB ( <1%) committed 
             Both:        1.03 GB reserved,      32.05 MB (  3%) committed 

Chunk freelists:
   Non-Class:  1.00 KB
       Class:  16.00 KB
        Both:  17.00 KB

CodeHeap 'non-profiled nmethods': size=120000Kb used=2046Kb max_used=2046Kb free=117953Kb
 bounds [0x000001a00b8b0000, 0x000001a00bb20000, 0x000001a012de0000]
CodeHeap 'profiled nmethods': size=120000Kb used=9105Kb max_used=9105Kb free=110894Kb
 bounds [0x000001a004380000, 0x000001a004c70000, 0x000001a00b8b0000]
CodeHeap 'non-nmethods': size=5760Kb used=1243Kb max_used=1309Kb free=4516Kb
 bounds [0x000001a003de0000, 0x000001a004050000, 0x000001a004380000]
 total_blobs=5103 nmethods=3670 adapters=407
 compilation: enabled
              stopped_count=0, restarted_count=0
 full_count=0

Compilation events (10 events):
Event: 5.965 Thread 0x000001a019b8c800 3800       3       java.lang.Integer::hashCode (2 bytes)
Event: 5.965 Thread 0x000001a019b8c800 nmethod 3800 0x000001a004c5c510 code [0x000001a004c5c6c0, 0x000001a004c5c7f8]
Event: 5.979 Thread 0x000001a019b8c800 3801       3       org.springframework.beans.factory.annotation.AutowiredAnnotationBeanPostProcessor$$Lambda$349/0x0000000840362c40::doWith (13 bytes)
Event: 5.979 Thread 0x000001a019b8c800 nmethod 3801 0x000001a004c5c890 code [0x000001a004c5ca40, 0x000001a004c5cc10]
Event: 5.979 Thread 0x000001a019b8c800 3802       3       org.springframework.beans.factory.annotation.AutowiredAnnotationBeanPostProcessor::lambda$buildAutowiringMetadata$1 (87 bytes)
Event: 5.981 Thread 0x000001a019b8c800 nmethod 3802 0x000001a004c5cd10 code [0x000001a004c5d060, 0x000001a004c5e660]
Event: 5.989 Thread 0x000001a019b8c800 3803       1       org.springframework.beans.factory.config.InstantiationAwareBeanPostProcessorAdapter::postProcessBeforeInstantiation (2 bytes)
Event: 5.990 Thread 0x000001a019b8c800 nmethod 3803 0x000001a00baaef90 code [0x000001a00baaf140, 0x000001a00baaf278]
Event: 5.992 Thread 0x000001a019b8c800 3805       2       jdk.internal.misc.VM::isSystemDomainLoader (17 bytes)
Event: 5.993 Thread 0x000001a019b8c800 nmethod 3805 0x000001a004c5ed90 code [0x000001a004c5ef60, 0x000001a004c5f2c0]

GC Heap History (10 events):
Event: 0.822 GC heap before
{Heap before GC invocations=0 (full 0):
 garbage-first heap   total 131072K, used 24576K [0x0000000081600000, 0x0000000100000000)
  region size 1024K, 24 young (24576K), 0 survivors (0K)
 Metaspace       used 3840K, capacity 6528K, committed 6656K, reserved 1056768K
  class space    used 404K, capacity 668K, committed 768K, reserved 1048576K
}
Event: 0.829 GC heap after
{Heap after GC invocations=1 (full 0):
 garbage-first heap   total 131072K, used 7233K [0x0000000081600000, 0x0000000100000000)
  region size 1024K, 3 young (3072K), 3 survivors (3072K)
 Metaspace       used 3840K, capacity 6528K, committed 6656K, reserved 1056768K
  class space    used 404K, capacity 668K, committed 768K, reserved 1048576K
}
Event: 1.919 GC heap before
{Heap before GC invocations=1 (full 0):
 garbage-first heap   total 131072K, used 80961K [0x0000000081600000, 0x0000000100000000)
  region size 1024K, 76 young (77824K), 3 survivors (3072K)
 Metaspace       used 14770K, capacity 15276K, committed 15488K, reserved 1062912K
  class space    used 1952K, capacity 2171K, committed 2176K, reserved 1048576K
}
Event: 1.927 GC heap after
{Heap after GC invocations=2 (full 0):
 garbage-first heap   total 131072K, used 9723K [0x0000000081600000, 0x0000000100000000)
  region size 1024K, 6 young (6144K), 6 survivors (6144K)
 Metaspace       used 14770K, capacity 15276K, committed 15488K, reserved 1062912K
  class space    used 1952K, capacity 2171K, committed 2176K, reserved 1048576K
}
Event: 2.356 GC heap before
{Heap before GC invocations=2 (full 0):
 garbage-first heap   total 131072K, used 80379K [0x0000000081600000, 0x0000000100000000)
  region size 1024K, 76 young (77824K), 6 survivors (6144K)
 Metaspace       used 19150K, capacity 19747K, committed 19840K, reserved 1067008K
  class space    used 2447K, capacity 2660K, committed 2688K, reserved 1048576K
}
Event: 2.363 GC heap after
{Heap after GC invocations=3 (full 0):
 garbage-first heap   total 131072K, used 11292K [0x0000000081600000, 0x0000000100000000)
  region size 1024K, 5 young (5120K), 5 survivors (5120K)
 Metaspace       used 19150K, capacity 19747K, committed 19840K, reserved 1067008K
  class space    used 2447K, capacity 2660K, committed 2688K, reserved 1048576K
}
Event: 2.792 GC heap before
{Heap before GC invocations=3 (full 0):
 garbage-first heap   total 131072K, used 75804K [0x0000000081600000, 0x0000000100000000)
  region size 1024K, 69 young (70656K), 5 survivors (5120K)
 Metaspace       used 20487K, capacity 21145K, committed 21296K, reserved 1067008K
  class space    used 2584K, capacity 2859K, committed 2944K, reserved 1048576K
}
Event: 2.801 GC heap after
{Heap after GC invocations=4 (full 0):
 garbage-first heap   total 131072K, used 11877K [0x0000000081600000, 0x0000000100000000)
  region size 1024K, 5 young (5120K), 5 survivors (5120K)
 Metaspace       used 20487K, capacity 21145K, committed 21296K, reserved 1067008K
  class space    used 2584K, capacity 2859K, committed 2944K, reserved 1048576K
}
Event: 5.624 GC heap before
{Heap before GC invocations=5 (full 0):
 garbage-first heap   total 131072K, used 83557K [0x0000000081600000, 0x0000000100000000)
  region size 1024K, 76 young (77824K), 5 survivors (5120K)
 Metaspace       used 29664K, capacity 30592K, committed 30640K, reserved 1075200K
  class space    used 3737K, capacity 4072K, committed 4096K, reserved 1048576K
}
Event: 5.634 GC heap after
{Heap after GC invocations=6 (full 0):
 garbage-first heap   total 157696K, used 15517K [0x0000000081600000, 0x0000000100000000)
  region size 1024K, 9 young (9216K), 9 survivors (9216K)
 Metaspace       used 29664K, capacity 30592K, committed 30640K, reserved 1075200K
  class space    used 3737K, capacity 4072K, committed 4096K, reserved 1048576K
}

Deoptimization events (10 events):
Event: 5.969 Thread 0x000001a07f333000 DEOPT PACKING pc=0x000001a00b945bcc sp=0x000000380a2f6fb0
Event: 5.969 Thread 0x000001a07f333000 DEOPT UNPACKING pc=0x000001a003e1d8af sp=0x000000380a2f6f48 mode 2
Event: 5.969 Thread 0x000001a07f333000 Uncommon trap: trap_request=0xffffffde fr.pc=0x000001a00b945bcc relative=0x000000000000026c
Event: 5.969 Thread 0x000001a07f333000 Uncommon trap: reason=class_check action=maybe_recompile pc=0x000001a00b945bcc method=org.springframework.boot.context.properties.source.ConfigurationPropertyName$Elements.charAt(II)C @ 43 c2
Event: 5.969 Thread 0x000001a07f333000 DEOPT PACKING pc=0x000001a00b945bcc sp=0x000000380a2f6fb0
Event: 5.969 Thread 0x000001a07f333000 DEOPT UNPACKING pc=0x000001a003e1d8af sp=0x000000380a2f6f48 mode 2
Event: 5.972 Thread 0x000001a07f333000 DEOPT PACKING pc=0x000001a0049e7464 sp=0x000000380a2f9640
Event: 5.972 Thread 0x000001a07f333000 DEOPT UNPACKING pc=0x000001a003e1d6ce sp=0x000000380a2f8b78 mode 1
Event: 5.972 Thread 0x000001a07f333000 DEOPT PACKING pc=0x000001a0049e7464 sp=0x000000380a2f9640
Event: 5.972 Thread 0x000001a07f333000 DEOPT UNPACKING pc=0x000001a003e1d6ce sp=0x000000380a2f8b78 mode 1

Classes redefined (0 events):
No events

Internal exceptions (10 events):
Event: 5.814 Thread 0x000001a07f333000 Exception <a 'java/lang/ClassNotFoundException'{0x00000000887b7068}: org/springframework/beans/factory/AwareCustomizer> (0x00000000887b7068) thrown at [c:/BuildAgent/work/5ff2f6c26000d570/src/hotspot/share/classfile/systemDictionary.cpp, line 231]
Event: 5.815 Thread 0x000001a07f333000 Exception <a 'java/lang/ClassNotFoundException'{0x00000000887caa38}: org/springframework/context/EmbeddedValueResolverAwareCustomizer> (0x00000000887caa38) thrown at [c:/BuildAgent/work/5ff2f6c26000d570/src/hotspot/share/classfile/systemDictionary.cpp, li
Event: 5.817 Thread 0x000001a07f333000 Exception <a 'java/lang/ClassNotFoundException'{0x00000000887dcff0}: org/springframework/beans/factory/AwareCustomizer> (0x00000000887dcff0) thrown at [c:/BuildAgent/work/5ff2f6c26000d570/src/hotspot/share/classfile/systemDictionary.cpp, line 231]
Event: 5.818 Thread 0x000001a07f333000 Exception <a 'java/lang/ClassNotFoundException'{0x00000000887f0580}: org/springframework/context/annotation/ImportAwareCustomizer> (0x00000000887f0580) thrown at [c:/BuildAgent/work/5ff2f6c26000d570/src/hotspot/share/classfile/systemDictionary.cpp, line 2
Event: 5.819 Thread 0x000001a07f333000 Exception <a 'java/lang/ClassNotFoundException'{0x0000000088602bd8}: org/springframework/beans/factory/AwareCustomizer> (0x0000000088602bd8) thrown at [c:/BuildAgent/work/5ff2f6c26000d570/src/hotspot/share/classfile/systemDictionary.cpp, line 231]
Event: 5.821 Thread 0x000001a07f333000 Exception <a 'java/lang/ClassNotFoundException'{0x0000000088616240}: org/springframework/context/ApplicationContextAwareCustomizer> (0x0000000088616240) thrown at [c:/BuildAgent/work/5ff2f6c26000d570/src/hotspot/share/classfile/systemDictionary.cpp, line 
Event: 5.822 Thread 0x000001a07f333000 Exception <a 'java/lang/ClassNotFoundException'{0x0000000088628ce0}: org/springframework/beans/factory/AwareCustomizer> (0x0000000088628ce0) thrown at [c:/BuildAgent/work/5ff2f6c26000d570/src/hotspot/share/classfile/systemDictionary.cpp, line 231]
Event: 5.828 Thread 0x000001a07f333000 Exception <a 'java/lang/NoSuchMethodError'{0x00000000886592c8}: 'void java.lang.invoke.DirectMethodHandle$Holder.invokeVirtual(java.lang.Object, java.lang.Object, int)'> (0x00000000886592c8) thrown at [c:/BuildAgent/work/5ff2f6c26000d570/src/hotspot/share
Event: 5.862 Thread 0x000001a07f333000 Exception <a 'java/lang/NoSuchMethodError'{0x000000008844ff38}: 'void java.lang.invoke.DirectMethodHandle$Holder.invokeVirtual(java.lang.Object, java.lang.Object, java.lang.Object, java.lang.Object)'> (0x000000008844ff38) thrown at [c:/BuildAgent/work/5ff
Event: 5.919 Thread 0x000001a07f333000 Implicit null exception at 0x000001a00ba16ada to 0x000001a00ba16dda

Events (10 events):
Event: 6.028 loading class javax/persistence/criteria/CriteriaUpdate
Event: 6.028 loading class javax/persistence/criteria/CriteriaUpdate done
Event: 6.029 loading class javax/persistence/criteria/CriteriaDelete
Event: 6.029 loading class javax/persistence/criteria/CriteriaDelete done
Event: 6.030 loading class org/springframework/orm/jpa/vendor/SpringHibernateJpaPersistenceProvider
Event: 6.030 loading class org/springframework/orm/jpa/vendor/SpringHibernateJpaPersistenceProvider done
Event: 6.030 loading class org/hibernate/jpa/HibernatePersistenceProvider
Event: 6.030 loading class org/hibernate/jpa/HibernatePersistenceProvider done
Event: 6.032 loading class javax/persistence/spi/ProviderUtil
Event: 6.032 loading class javax/persistence/spi/ProviderUtil done


Dynamic libraries:
0x00007ff6e1600000 - 0x00007ff6e1647000 	C:\Program Files\JetBrains\IntelliJ IDEA Community Edition 2019.2.4\jbr\bin\java.exe
0x00007ff925b00000 - 0x00007ff925cf0000 	C:\Windows\SYSTEM32\ntdll.dll
0x00007ff8f63b0000 - 0x00007ff8f63c2000 	C:\Program Files\AVAST Software\Avast\aswhook.dll
0x00007ff923dd0000 - 0x00007ff923e82000 	C:\Windows\System32\KERNEL32.DLL
0x00007ff922ee0000 - 0x00007ff923185000 	C:\Windows\System32\KERNELBASE.dll
0x00007ff923bb0000 - 0x00007ff923d44000 	C:\Windows\System32\USER32.dll
0x00007ff923940000 - 0x00007ff923961000 	C:\Windows\System32\win32u.dll
0x00007ff924580000 - 0x00007ff9245a6000 	C:\Windows\System32\GDI32.dll
0x00007ff922a70000 - 0x00007ff922c06000 	C:\Windows\System32\gdi32full.dll
0x00007ff9239c0000 - 0x00007ff923a5e000 	C:\Windows\System32\msvcp_win.dll
0x00007ff922de0000 - 0x00007ff922eda000 	C:\Windows\System32\ucrtbase.dll
0x00007ff9090e0000 - 0x00007ff909364000 	C:\Windows\WinSxS\amd64_microsoft.windows.common-controls_6595b64144ccf1df_6.0.18362.1256_none_9e7e379be45e40e2\COMCTL32.dll
0x00007ff924ac0000 - 0x00007ff924b5e000 	C:\Windows\System32\msvcrt.dll
0x00007ff924ce0000 - 0x00007ff925016000 	C:\Windows\System32\combase.dll
0x00007ff9259a0000 - 0x00007ff925ac0000 	C:\Windows\System32\RPCRT4.dll
0x00007ff922d20000 - 0x00007ff922da1000 	C:\Windows\System32\bcryptPrimitives.dll
0x00007ff9250c0000 - 0x00007ff9250ee000 	C:\Windows\System32\IMM32.DLL
0x00007ff909560000 - 0x00007ff909577000 	C:\Program Files\JetBrains\IntelliJ IDEA Community Edition 2019.2.4\jbr\bin\vcruntime140.dll
0x00007ff8dc2f0000 - 0x00007ff8dc38d000 	C:\Program Files\JetBrains\IntelliJ IDEA Community Edition 2019.2.4\jbr\bin\msvcp140.dll
0x00007ff8cff90000 - 0x00007ff8d0a48000 	C:\Program Files\JetBrains\IntelliJ IDEA Community Edition 2019.2.4\jbr\bin\server\jvm.dll
0x00007ff924c30000 - 0x00007ff924cd3000 	C:\Windows\System32\ADVAPI32.dll
0x00007ff925020000 - 0x00007ff9250b7000 	C:\Windows\System32\sechost.dll
0x00007ff924bc0000 - 0x00007ff924bc8000 	C:\Windows\System32\PSAPI.DLL
0x00007ff90e200000 - 0x00007ff90e209000 	C:\Windows\SYSTEM32\WSOCK32.dll
0x00007ff924a50000 - 0x00007ff924abf000 	C:\Windows\System32\WS2_32.dll
0x00007ff920220000 - 0x00007ff920244000 	C:\Windows\SYSTEM32\WINMM.dll
0x00007ff91e110000 - 0x00007ff91e11a000 	C:\Windows\SYSTEM32\VERSION.dll
0x00007ff9200c0000 - 0x00007ff9200ed000 	C:\Windows\SYSTEM32\WINMMBASE.dll
0x00007ff923970000 - 0x00007ff9239ba000 	C:\Windows\System32\cfgmgr32.dll
0x00007ff9229b0000 - 0x00007ff9229c1000 	C:\Windows\System32\kernel.appcore.dll
0x00007ff8df440000 - 0x00007ff8df451000 	C:\Program Files\JetBrains\IntelliJ IDEA Community Edition 2019.2.4\jbr\bin\verify.dll
0x00007ff9212a0000 - 0x00007ff921494000 	C:\Windows\SYSTEM32\DBGHELP.DLL
0x00007ff91bb30000 - 0x00007ff91bb5a000 	C:\Windows\SYSTEM32\dbgcore.DLL
0x00007ff8df3d0000 - 0x00007ff8df3f9000 	C:\Program Files\JetBrains\IntelliJ IDEA Community Edition 2019.2.4\jbr\bin\java.dll
0x00007ff90e7c0000 - 0x00007ff90e7f8000 	C:\Program Files\JetBrains\IntelliJ IDEA Community Edition 2019.2.4\jbr\bin\jdwp.dll
0x00007ff90e780000 - 0x00007ff90e7b4000 	C:\Program Files\JetBrains\IntelliJ IDEA Community Edition 2019.2.4\jbr\bin\instrument.dll
0x00007ff8df420000 - 0x00007ff8df437000 	C:\Program Files\JetBrains\IntelliJ IDEA Community Edition 2019.2.4\jbr\bin\zip.dll
0x00007ff908ea0000 - 0x00007ff908eab000 	C:\Program Files\JetBrains\IntelliJ IDEA Community Edition 2019.2.4\jbr\bin\jimage.dll
0x00007ff923e90000 - 0x00007ff924577000 	C:\Windows\System32\SHELL32.dll
0x00007ff9252a0000 - 0x00007ff925349000 	C:\Windows\System32\shcore.dll
0x00007ff923190000 - 0x00007ff923911000 	C:\Windows\System32\windows.storage.dll
0x00007ff9229f0000 - 0x00007ff922a13000 	C:\Windows\System32\profapi.dll
0x00007ff922a20000 - 0x00007ff922a6a000 	C:\Windows\System32\powrprof.dll
0x00007ff9229a0000 - 0x00007ff9229b0000 	C:\Windows\System32\UMPDC.dll
0x00007ff924b60000 - 0x00007ff924bb2000 	C:\Windows\System32\shlwapi.dll
0x00007ff923920000 - 0x00007ff923937000 	C:\Windows\System32\cryptsp.dll
0x00007ff91e2e0000 - 0x00007ff91e2eb000 	C:\Program Files\JetBrains\IntelliJ IDEA Community Edition 2019.2.4\jbr\bin\dt_socket.dll
0x00007ff9221f0000 - 0x00007ff922257000 	C:\Windows\system32\mswsock.dll
0x00007ff8df3b0000 - 0x00007ff8df3ca000 	C:\Program Files\JetBrains\IntelliJ IDEA Community Edition 2019.2.4\jbr\bin\net.dll
0x00007ff919130000 - 0x00007ff919220000 	C:\Windows\SYSTEM32\WINHTTP.dll
0x00007ff915f80000 - 0x00007ff916156000 	C:\Windows\SYSTEM32\urlmon.dll
0x00007ff916c90000 - 0x00007ff916f37000 	C:\Windows\SYSTEM32\iertutil.dll
0x00007ff9223c0000 - 0x00007ff9223cc000 	C:\Windows\SYSTEM32\CRYPTBASE.DLL
0x00007ff8df390000 - 0x00007ff8df3a4000 	C:\Program Files\JetBrains\IntelliJ IDEA Community Edition 2019.2.4\jbr\bin\nio.dll
0x00007ff908db0000 - 0x00007ff908dba000 	C:\Program Files\JetBrains\IntelliJ IDEA Community Edition 2019.2.4\jbr\bin\management.dll
0x00007ff908c70000 - 0x00007ff908c7c000 	C:\Program Files\JetBrains\IntelliJ IDEA Community Edition 2019.2.4\jbr\bin\management_ext.dll
0x00007ff905270000 - 0x00007ff905286000 	C:\Windows\system32\napinsp.dll
0x00007ff9041d0000 - 0x00007ff9041ea000 	C:\Windows\system32\pnrpnsp.dll
0x00007ff921f40000 - 0x00007ff92200b000 	C:\Windows\SYSTEM32\DNSAPI.dll
0x00007ff923dc0000 - 0x00007ff923dc8000 	C:\Windows\System32\NSI.dll
0x00007ff921f00000 - 0x00007ff921f3a000 	C:\Windows\SYSTEM32\IPHLPAPI.DLL
0x00007ff904180000 - 0x00007ff90418e000 	C:\Windows\System32\winrnr.dll
0x00007ff91e870000 - 0x00007ff91e88c000 	C:\Windows\system32\NLAapi.dll
0x00007ff904120000 - 0x00007ff904135000 	C:\Windows\system32\wshbth.dll
0x00007ff919ba0000 - 0x00007ff919baa000 	C:\Windows\System32\rasadhlp.dll
0x00007ff91a250000 - 0x00007ff91a2c7000 	C:\Windows\System32\fwpuclnt.dll
0x00007ff922db0000 - 0x00007ff922dd6000 	C:\Windows\System32\bcrypt.dll
0x00007ff921d60000 - 0x00007ff921d93000 	C:\Windows\system32\rsaenh.dll
0x00007ff9228c0000 - 0x00007ff9228e5000 	C:\Windows\SYSTEM32\USERENV.dll
0x00007ff91cad0000 - 0x00007ff91cae6000 	C:\Windows\SYSTEM32\dhcpcsvc6.DLL
0x00007ff91cab0000 - 0x00007ff91cacc000 	C:\Windows\SYSTEM32\dhcpcsvc.DLL

dbghelp: loaded successfully - version: 4.0.5 - missing functions: none
symbol engine: initialized successfully - sym options: 0x614 - pdb path: .;C:\Program Files\JetBrains\IntelliJ IDEA Community Edition 2019.2.4\jbr\bin;C:\Windows\SYSTEM32;C:\Program Files\AVAST Software\Avast;C:\Windows\WinSxS\amd64_microsoft.windows.common-controls_6595b64144ccf1df_6.0.18362.1256_none_9e7e379be45e40e2;C:\Program Files\JetBrains\IntelliJ IDEA Community Edition 2019.2.4\jbr\bin\server

VM Arguments:
jvm_args: -agentlib:jdwp=transport=dt_socket,address=127.0.0.1:53320,suspend=y,server=n -javaagent:C:\Users\Daniil\.IdeaIC2019.2\system\captureAgent\debugger-agent.jar -Dfile.encoding=UTF-8 
java_command: ru.univer.db.vcs.Application
java_class_path (initial): C:\Program Files (x86)\MySQL\Connector J 5.1\mysql-connector-java-5.1.49-bin.jar;C:\Users\Daniil\IdeaProjects\VCSapp\Backend\target\classes;C:\Users\Daniil\.m2\repository\org\postgresql\postgresql\42.2.18\postgresql-42.2.18.jar;C:\Users\Daniil\.m2\repository\org\checkerframework\checker-qual\3.5.0\checker-qual-3.5.0.jar;C:\Users\Daniil\.m2\repository\org\springframework\boot\spring-boot-starter-freemarker\2.3.1.RELEASE\spring-boot-starter-freemarker-2.3.1.RELEASE.jar;C:\Users\Daniil\.m2\repository\org\springframework\boot\spring-boot-starter\2.3.1.RELEASE\spring-boot-starter-2.3.1.RELEASE.jar;C:\Users\Daniil\.m2\repository\org\springframework\boot\spring-boot\2.3.1.RELEASE\spring-boot-2.3.1.RELEASE.jar;C:\Users\Daniil\.m2\repository\org\springframework\boot\spring-boot-autoconfigure\2.3.1.RELEASE\spring-boot-autoconfigure-2.3.1.RELEASE.jar;C:\Users\Daniil\.m2\repository\org\springframework\boot\spring-boot-starter-logging\2.3.1.RELEASE\spring-boot-starter-logging-2.3.1.RELEASE.jar;C:\Users\Daniil\.m2\repository\ch\qos\logback\logback-classic\1.2.3\logback-classic-1.2.3.jar;C:\Users\Daniil\.m2\repository\ch\qos\logback\logback-core\1.2.3\logback-core-1.2.3.jar;C:\Users\Daniil\.m2\repository\org\apache\logging\log4j\log4j-to-slf4j\2.13.3\log4j-to-slf4j-2.13.3.jar;C:\Users\Daniil\.m2\repository\org\apache\logging\log4j\log4j-api\2.13.3\log4j-api-2.13.3.jar;C:\Users\Daniil\.m2\repository\org\slf4j\jul-to-slf4j\1.7.30\jul-to-slf4j-1.7.30.jar;C:\Users\Daniil\.m2\repository\jakarta\annotation\jakarta.annotation-api\1.3.5\jakarta.annotation-api-1.3.5.jar;C:\Users\Daniil\.m2\repository\org\yaml\snakeyaml\1.26\snakeyaml-1.26.jar;C:\Users\Daniil\.m2\repository\org\freemarker\freemarker\2.3.30\freemarker-2.3.30.jar;C:\Users\Daniil\.m2\repository\org\springframework\spring-context-support\5.2.7.RELEASE\spring-context-support-5.2.7.RELEASE.jar;C:\Users\Daniil\.m2\repository\org\springframework\spring-beans\5.2.7.RELEASE\spring-beans-5.2.7.RELEASE.jar;
Launcher Type: SUN_STANDARD

[Global flags]
     intx CICompilerCount                          = 4                                         {product} {ergonomic}
     uint ConcGCThreads                            = 2                                         {product} {ergonomic}
     uint G1ConcRefinementThreads                  = 8                                         {product} {ergonomic}
   size_t G1HeapRegionSize                         = 1048576                                   {product} {ergonomic}
    uintx GCDrainStackTargetSize                   = 64                                        {product} {ergonomic}
   size_t InitialHeapSize                          = 134217728                                 {product} {ergonomic}
   size_t MarkStackSize                            = 4194304                                   {product} {ergonomic}
   size_t MaxHeapSize                              = 2124414976                                {product} {ergonomic}
   size_t MaxNewSize                               = 1274019840                                {product} {ergonomic}
   size_t MinHeapDeltaBytes                        = 1048576                                   {product} {ergonomic}
    uintx NonNMethodCodeHeapSize                   = 5835340                                {pd product} {ergonomic}
    uintx NonProfiledCodeHeapSize                  = 122911450                              {pd product} {ergonomic}
    uintx ProfiledCodeHeapSize                     = 122911450                              {pd product} {ergonomic}
    uintx ReservedCodeCacheSize                    = 251658240                              {pd product} {ergonomic}
     bool SegmentedCodeCache                       = true                                      {product} {ergonomic}
     bool UseCompressedClassPointers               = true                                 {lp64_product} {ergonomic}
     bool UseCompressedOops                        = true                                 {lp64_product} {ergonomic}
     bool UseG1GC                                  = true                                      {product} {ergonomic}
     bool UseLargePagesIndividualAllocation        = false                                  {pd product} {ergonomic}

Logging:
Log output configuration:
 #0: stdout all=warning uptime,level,tags
 #1: stderr all=off uptime,level,tags

Environment Variables:
CLASSPATH=.;
PATH=C:\Program Files\Java\jdk1.8.0_231\bin;C:\Program Files\MATLAB\R2017b\bin;C:\Program Files (x86)\CodeBlocks\MinGW\bin;C:\Users\Daniil\AppData\Local\Programs\Microsoft VS Code\bin;C:\Program Files\nodejs\;C:\Windows\System32;C:\Program Files (x86)\CodeBlocks\MinGW\bin;C:\Program Files\PostgreSQL\12\bin;C:\Users\Daniil\AppData\Local\Programs\Python\Python38-32\Scripts\;C:\Users\Daniil\AppData\Local\Programs\Python\Python38-32\;C:\Users\\AppData\Local\Programs\Python\Python37-32\Scripts\;C:\Users\\AppData\Local\Programs\Python\Python37-32\;C:\Users\\AppData\Local\Microsoft\WindowsApps;C:\Users\\AppData\Local\GitHubDesktop\bin;C:\Program Files\JetBrains\IntelliJ IDEA Community Edition 2019.2.4\bin;C:\Program Files\JetBrains\PyCharm Community Edition 2019.2.5\bin;C:\Users\Daniil\AppData\Local\GitHubDesktop\bin;C:\Program Files (x86)\CodeBlocks\MinGW\bin;C:\Users\Daniil\AppData\Local\Programs\Microsoft VS Code\bin;C:\Users\Daniil\AppData\Roaming\npm;C:\Windows\System32;;C:\Program Files\JetBrains\DataGrip 2020.3\bin;
USERNAME=Daniiil
OS=Windows_NT
PROCESSOR_IDENTIFIER=Intel64 Family 6 Model 142 Stepping 10, GenuineIntel



---------------  S Y S T E M  ---------------

OS: Windows 10 , 64 bit Build 18362 (10.0.18362.1110)

CPU:total 8 (initial active 8) (4 cores per cpu, 2 threads per core) family 6 model 142 stepping 10, cmov, cx8, fxsr, mmx, sse, sse2, sse3, ssse3, sse4.1, sse4.2, popcnt, avx, avx2, aes, clmul, erms, 3dnowpref, lzcnt, ht, tsc, tscinvbit, bmi1, bmi2, adx, fma

Memory: 4k page, system-wide physical 8101M (401M free)
TotalPageFile size 11101M (AvailPageFile size 17M)
current process WorkingSet (physical memory assigned to process): 264M, peak: 267M
current process commit charge ("private bytes"): 344M, peak: 348M

vm_info: OpenJDK 64-Bit Server VM (11.0.4+10-b304.77) for windows-amd64 JRE (11.0.4+10-b304.77), built on Oct 10 2019 15:02:36 by "" with MS VC++ 14.0 (VS2015)

END.
