#
# A fatal error has been detected by the Java Runtime Environment:
#
#  EXCEPTION_ACCESS_VIOLATION (0xc0000005) at pc=0x00007ff8d019586a, pid=8428, tid=15068
#
# JRE version: OpenJDK Runtime Environment (11.0.4+10) (build 11.0.4+10-b304.77)
# Java VM: OpenJDK 64-Bit Server VM (11.0.4+10-b304.77, mixed mode, sharing, tiered, compressed oops, g1 gc, windows-amd64)
# Problematic frame:
# V  [jvm.dll+0x20586a]
#
# No core dump will be written. Minidumps are not enabled by default on client versions of Windows
#
# If you would like to submit a bug report, please visit:
#   http://bugreport.java.com/bugreport/crash.jsp
#

---------------  S U M M A R Y ------------

Command Line: -agentlib:jdwp=transport=dt_socket,address=127.0.0.1:53585,suspend=y,server=n -javaagent:C:\Users\Daniil\.IdeaIC2019.2\system\captureAgent\debugger-agent.jar -Dfile.encoding=UTF-8 ru.univer.db.vcs.Application

Host: Intel(R) Core(TM) i5-8250U CPU @ 1.60GHz, 8 cores, 7G,  Windows 10 , 64 bit Build 18362 (10.0.18362.1110)
Time: Fri Dec 25 14:17:40 2020 RTZ 2 (ceia) elapsed time: 0 seconds (0d 0h 0m 0s)

---------------  T H R E A D  ---------------

Current thread (0x000002ece30d3000):  JavaThread "main" [_thread_in_vm, id=15068, stack(0x000000f709100000,0x000000f709200000)]

Stack: [0x000000f709100000,0x000000f709200000],  sp=0x000000f7091ff850,  free space=1022k
Native frames: (J=compiled Java code, j=interpreted, Vv=VM code, C=native code)
V  [jvm.dll+0x20586a]
V  [jvm.dll+0x2045c6]
V  [jvm.dll+0x2024c1]
V  [jvm.dll+0x6d37eb]
V  [jvm.dll+0x3bd673]
V  [jvm.dll+0x3bf9f1]
C  [java.exe+0x3763]
C  [java.exe+0x17a0c]
C  [KERNEL32.DLL+0x17c24]
C  [ntdll.dll+0x6d4d1]


siginfo: EXCEPTION_ACCESS_VIOLATION (0xc0000005), reading address 0x0000000000000008


Register to memory mapping:

RIP=0x00007ff8d019586a jvm.dll
RAX=0x0 is NULL
RBX=0x000002ece0eb3480 points into unknown readable memory: 02 00 00 00 00 00 00 00
RCX=0x0 is NULL
RDX=0x0 is NULL
RSP=0x000000f7091ff850 is pointing into the stack for thread: 0x000002ece30d3000
RBP=0x000000f7091ff990 is pointing into the stack for thread: 0x000002ece30d3000
RSI=0x000002ece30d3000 is a thread
RDI=0x000002ecfd85e800 points into unknown readable memory: 98 61 7f d0 f8 7f 00 00
R8 =0x000002ece0f80e40 points into unknown readable memory: c0 0c f8 e0 ec 02 00 00
R9 =0x0000000000000001 is an unknown value
R10=0x0000000000008000 is an unknown value
R11=0x000000f7091ff5e0 is pointing into the stack for thread: 0x000002ece30d3000
R12=0x0000000000000008 is an unknown value
R13=0x0000000000000008 is an unknown value
R14=0x0000000089507d48 points into unknown readable memory: 01 00 00 00 00 00 00 00
R15=0x0 is NULL


Registers:
RAX=0x0000000000000000, RBX=0x000002ece0eb3480, RCX=0x0000000000000000, RDX=0x0000000000000000
RSP=0x000000f7091ff850, RBP=0x000000f7091ff990, RSI=0x000002ece30d3000, RDI=0x000002ecfd85e800
R8 =0x000002ece0f80e40, R9 =0x0000000000000001, R10=0x0000000000008000, R11=0x000000f7091ff5e0
R12=0x0000000000000008, R13=0x0000000000000008, R14=0x0000000089507d48, R15=0x0000000000000000
RIP=0x00007ff8d019586a, EFLAGS=0x0000000000010202

Top of Stack: (sp=0x000000f7091ff850)
0x000000f7091ff850:   000002ece30d15c0 0000000089534d00
0x000000f7091ff860:   000002ece30d3001 0000000000000000
0x000000f7091ff870:   0000000089507d48 0000000089507d48
0x000000f7091ff880:   0000000089534d00 00007ff8d01945c6
0x000000f7091ff890:   000002ece0eb3480 000000f7091ff990
0x000000f7091ff8a0:   000002ece30d3000 0000000000000008
0x000000f7091ff8b0:   000002ece30d3000 000002ece30d3000
0x000000f7091ff8c0:   000002ece30d3000 000002ece0ead888
0x000000f7091ff8d0:   000002ecfd849800 0000000000000001
0x000000f7091ff8e0:   000002ecfd84d000 000002ece30d40a8
0x000000f7091ff8f0:   000002ece30d40c0 000002ece30d40d8
0x000000f7091ff900:   000002ece30d4098 000002ece30d40b0
0x000000f7091ff910:   000002ece30d40c8 000002ece30d3000
0x000000f7091ff920:   69706d6f43203143 616572685472656c
0x000000f7091ff930:   000002ece0003064 0000000000000001
0x000000f7091ff940:   0000000000000060 0000000000000000 

Instructions: (pc=0x00007ff8d019586a)
0x00007ff8d019576a:   b6 ee 48 8b ce 40 80 e5 01 74 07 e8 06 77 1d 00
0x00007ff8d019577a:   eb 06 ff 15 2e 56 77 00 48 8b d7 48 8b c8 e8 43
0x00007ff8d019578a:   45 17 00 48 8b ce 40 84 ed 74 07 e8 e6 76 1d 00
0x00007ff8d019579a:   eb 06 ff 15 0e 56 77 00 ba 09 00 00 00 48 8b c8
0x00007ff8d01957aa:   e8 31 44 17 00 8b 15 2b 82 77 00 83 fa ff 75 14
0x00007ff8d01957ba:   80 3d 69 bb 7d 00 00 8b 15 ad 15 79 00 0f 45 15
0x00007ff8d01957ca:   ae 15 79 00 48 8b cf e8 ba 45 3d 00 48 8b ce 40
0x00007ff8d01957da:   84 ed 74 07 e8 9d 76 1d 00 eb 06 ff 15 c5 55 77
0x00007ff8d01957ea:   00 48 8b c8 e8 5d 3e 17 00 48 8b ce 40 84 ed 74
0x00007ff8d01957fa:   07 e8 80 76 1d 00 eb 06 ff 15 a8 55 77 00 48 89
0x00007ff8d019580a:   87 18 03 00 00 45 84 e4 74 07 4c 89 bf f0 04 00
0x00007ff8d019581a:   00 33 d2 48 8b cf e8 fb c3 4c 00 48 8b cf e8 63
0x00007ff8d019582a:   3b 4d 00 eb 02 33 ff 48 8b cb e8 c7 9c 3a 00 4c
0x00007ff8d019583a:   8b 74 24 20 4c 8b 64 24 58 48 8b 74 24 50 48 8b
0x00007ff8d019584a:   6c 24 48 48 8b 5c 24 40 48 85 ff 74 0a 48 83 bf
0x00007ff8d019585a:   68 02 00 00 00 75 3b 80 3d 59 89 77 00 00 74 1f
0x00007ff8d019586a:   41 8b 47 08 85 c0 7e 17 48 85 ff 74 08 48 8b cf
0x00007ff8d019587a:   e8 f1 3a 4d 00 33 c0 48 83 c4 28 41 5f 5f c3 48
0x00007ff8d019588a:   8d 15 20 89 5c 00 48 8d 0d 79 8d 5c 00 e8 14 8d
0x00007ff8d019589a:   16 00 e8 0f 26 3d 00 48 8b c7 48 83 c4 28 41 5f
0x00007ff8d01958aa:   5f c3 cc cc cc cc 40 53 48 83 ec 20 48 8b 1d fb
0x00007ff8d01958ba:   9b 7d 00 48 85 db 74 1f 48 8b 5b 08 48 85 db 74
0x00007ff8d01958ca:   16 0f 1f 44 00 00 48 8b cb e8 b8 35 00 00 48 8b
0x00007ff8d01958da:   5b 40 48 85 db 75 ef 48 8b 1d d8 9b 7d 00 48 85
0x00007ff8d01958ea:   db 74 1a 48 8b 5b 08 48 85 db 74 11 48 8b cb e8
0x00007ff8d01958fa:   92 35 00 00 48 8b 5b 40 48 85 db 75 ef 48 83 c4
0x00007ff8d019590a:   20 5b c3 cc cc cc 48 83 ec 28 0f b6 05 e6 9a 7d
0x00007ff8d019591a:   00 84 c0 74 48 8b 05 17 72 81 00 ba 06 00 00 00
0x00007ff8d019592a:   48 89 5c 24 20 65 48 8b 1c 25 58 00 00 00 b9 08
0x00007ff8d019593a:   00 00 00 48 8b 1c c3 48 8b 1c 19 48 8b cb e8 b3
0x00007ff8d019594a:   cb f2 ff ba 06 00 00 00 48 8b cb 44 8d 42 fe 48
0x00007ff8d019595a:   8b 5c 24 20 48 83 c4 28 e9 99 6a ef ff 48 83 c4 


Stack slot to memory mapping:
stack at sp + 0 slots: 0x000002ece30d15c0 points into unknown readable memory: 00 00 00 00 00 00 00 00
stack at sp + 1 slots: 0x0000000089534d00 points into unknown readable memory: 01 00 00 00 00 00 00 00
stack at sp + 2 slots: 0x000002ece30d3001 points into unknown readable memory: 60 7f d0 f8 7f 00 00
stack at sp + 3 slots: 0x0 is NULL
stack at sp + 4 slots: 0x0000000089507d48 points into unknown readable memory: 01 00 00 00 00 00 00 00
stack at sp + 5 slots: 0x0000000089507d48 points into unknown readable memory: 01 00 00 00 00 00 00 00
stack at sp + 6 slots: 0x0000000089534d00 points into unknown readable memory: 01 00 00 00 00 00 00 00
stack at sp + 7 slots: 0x00007ff8d01945c6 jvm.dll


---------------  P R O C E S S  ---------------

Threads class SMR info:
_java_thread_list=0x000002ecfd8525e0, length=7, elements={
0x000002ece30d3000, 0x000002ecfd825800, 0x000002ecfd829000, 0x000002ecfd847000,
0x000002ecfd848000, 0x000002ecfd849800, 0x000002ecfd84d000
}

Java Threads: ( => current thread )
=>0x000002ece30d3000 JavaThread "main" [_thread_in_vm, id=15068, stack(0x000000f709100000,0x000000f709200000)]
  0x000002ecfd825800 JavaThread "Reference Handler" daemon [_thread_blocked, id=12304, stack(0x000000f709800000,0x000000f709900000)]
  0x000002ecfd829000 JavaThread "Finalizer" daemon [_thread_blocked, id=13608, stack(0x000000f709900000,0x000000f709a00000)]
  0x000002ecfd847000 JavaThread "Signal Dispatcher" daemon [_thread_blocked, id=11908, stack(0x000000f709a00000,0x000000f709b00000)]
  0x000002ecfd848000 JavaThread "Attach Listener" daemon [_thread_blocked, id=2328, stack(0x000000f709b00000,0x000000f709c00000)]
  0x000002ecfd849800 JavaThread "C2 CompilerThread0" daemon [_thread_blocked, id=9420, stack(0x000000f709c00000,0x000000f709d00000)]
  0x000002ecfd84d000 JavaThread "C1 CompilerThread0" daemon [_thread_blocked, id=16160, stack(0x000000f709d00000,0x000000f709e00000)]

Other Threads:
  0x000002ecfd81f000 VMThread "VM Thread" [stack: 0x000000f709700000,0x000000f709800000] [id=7548]
  0x000002ece30eb800 GCTaskThread "GC Thread#0" [stack: 0x000000f709200000,0x000000f709300000] [id=13936]
  0x000002ece311b800 ConcurrentGCThread "G1 Main Marker" [stack: 0x000000f709300000,0x000000f709400000] [id=9124]
  0x000002ece311d000 ConcurrentGCThread "G1 Conc#0" [stack: 0x000000f709400000,0x000000f709500000] [id=4676]
  0x000002ecfd6b0800 ConcurrentGCThread "G1 Refine#0" [stack: 0x000000f709500000,0x000000f709600000] [id=9324]
  0x000002ecfd6b1000 ConcurrentGCThread "G1 Young RemSet Sampling" [stack: 0x000000f709600000,0x000000f709700000] [id=4900]

Threads with active compile tasks:

VM state:not at safepoint (normal execution)

VM Mutex/Monitor currently owned by a thread: None

Heap address: 0x0000000081600000, size: 2026 MB, Compressed Oops mode: 32-bit
Narrow klass base: 0x0000000800000000, Narrow klass shift: 3
Compressed class space size: 1073741824 Address: 0x0000000840000000

Heap:
 garbage-first heap   total 131072K, used 0K [0x0000000081600000, 0x0000000100000000)
  region size 1024K, 1 young (1024K), 0 survivors (0K)
 Metaspace       used 54K, capacity 464K, committed 640K, reserved 1060864K
  class space    used 2K, capacity 384K, committed 384K, reserved 1048576K
Heap Regions: E=young(eden), S=young(survivor), O=old, HS=humongous(starts), HC=humongous(continues), CS=collection set, F=free, A=archive, TAMS=top-at-mark-start (previous, next)
|   0|0x0000000081600000, 0x0000000081600000, 0x0000000081700000|  0%| F|  |TAMS 0x0000000081600000, 0x0000000081600000| Untracked 
|   1|0x0000000081700000, 0x0000000081700000, 0x0000000081800000|  0%| F|  |TAMS 0x0000000081700000, 0x0000000081700000| Untracked 
|   2|0x0000000081800000, 0x0000000081800000, 0x0000000081900000|  0%| F|  |TAMS 0x0000000081800000, 0x0000000081800000| Untracked 
|   3|0x0000000081900000, 0x0000000081900000, 0x0000000081a00000|  0%| F|  |TAMS 0x0000000081900000, 0x0000000081900000| Untracked 
|   4|0x0000000081a00000, 0x0000000081a00000, 0x0000000081b00000|  0%| F|  |TAMS 0x0000000081a00000, 0x0000000081a00000| Untracked 
|   5|0x0000000081b00000, 0x0000000081b00000, 0x0000000081c00000|  0%| F|  |TAMS 0x0000000081b00000, 0x0000000081b00000| Untracked 
|   6|0x0000000081c00000, 0x0000000081c00000, 0x0000000081d00000|  0%| F|  |TAMS 0x0000000081c00000, 0x0000000081c00000| Untracked 
|   7|0x0000000081d00000, 0x0000000081d00000, 0x0000000081e00000|  0%| F|  |TAMS 0x0000000081d00000, 0x0000000081d00000| Untracked 
|   8|0x0000000081e00000, 0x0000000081e00000, 0x0000000081f00000|  0%| F|  |TAMS 0x0000000081e00000, 0x0000000081e00000| Untracked 
|   9|0x0000000081f00000, 0x0000000081f00000, 0x0000000082000000|  0%| F|  |TAMS 0x0000000081f00000, 0x0000000081f00000| Untracked 
|  10|0x0000000082000000, 0x0000000082000000, 0x0000000082100000|  0%| F|  |TAMS 0x0000000082000000, 0x0000000082000000| Untracked 
|  11|0x0000000082100000, 0x0000000082100000, 0x0000000082200000|  0%| F|  |TAMS 0x0000000082100000, 0x0000000082100000| Untracked 
|  12|0x0000000082200000, 0x0000000082200000, 0x0000000082300000|  0%| F|  |TAMS 0x0000000082200000, 0x0000000082200000| Untracked 
|  13|0x0000000082300000, 0x0000000082300000, 0x0000000082400000|  0%| F|  |TAMS 0x0000000082300000, 0x0000000082300000| Untracked 
|  14|0x0000000082400000, 0x0000000082400000, 0x0000000082500000|  0%| F|  |TAMS 0x0000000082400000, 0x0000000082400000| Untracked 
|  15|0x0000000082500000, 0x0000000082500000, 0x0000000082600000|  0%| F|  |TAMS 0x0000000082500000, 0x0000000082500000| Untracked 
|  16|0x0000000082600000, 0x0000000082600000, 0x0000000082700000|  0%| F|  |TAMS 0x0000000082600000, 0x0000000082600000| Untracked 
|  17|0x0000000082700000, 0x0000000082700000, 0x0000000082800000|  0%| F|  |TAMS 0x0000000082700000, 0x0000000082700000| Untracked 
|  18|0x0000000082800000, 0x0000000082800000, 0x0000000082900000|  0%| F|  |TAMS 0x0000000082800000, 0x0000000082800000| Untracked 
|  19|0x0000000082900000, 0x0000000082900000, 0x0000000082a00000|  0%| F|  |TAMS 0x0000000082900000, 0x0000000082900000| Untracked 
|  20|0x0000000082a00000, 0x0000000082a00000, 0x0000000082b00000|  0%| F|  |TAMS 0x0000000082a00000, 0x0000000082a00000| Untracked 
|  21|0x0000000082b00000, 0x0000000082b00000, 0x0000000082c00000|  0%| F|  |TAMS 0x0000000082b00000, 0x0000000082b00000| Untracked 
|  22|0x0000000082c00000, 0x0000000082c00000, 0x0000000082d00000|  0%| F|  |TAMS 0x0000000082c00000, 0x0000000082c00000| Untracked 
|  23|0x0000000082d00000, 0x0000000082d00000, 0x0000000082e00000|  0%| F|  |TAMS 0x0000000082d00000, 0x0000000082d00000| Untracked 
|  24|0x0000000082e00000, 0x0000000082e00000, 0x0000000082f00000|  0%| F|  |TAMS 0x0000000082e00000, 0x0000000082e00000| Untracked 
|  25|0x0000000082f00000, 0x0000000082f00000, 0x0000000083000000|  0%| F|  |TAMS 0x0000000082f00000, 0x0000000082f00000| Untracked 
|  26|0x0000000083000000, 0x0000000083000000, 0x0000000083100000|  0%| F|  |TAMS 0x0000000083000000, 0x0000000083000000| Untracked 
|  27|0x0000000083100000, 0x0000000083100000, 0x0000000083200000|  0%| F|  |TAMS 0x0000000083100000, 0x0000000083100000| Untracked 
|  28|0x0000000083200000, 0x0000000083200000, 0x0000000083300000|  0%| F|  |TAMS 0x0000000083200000, 0x0000000083200000| Untracked 
|  29|0x0000000083300000, 0x0000000083300000, 0x0000000083400000|  0%| F|  |TAMS 0x0000000083300000, 0x0000000083300000| Untracked 
|  30|0x0000000083400000, 0x0000000083400000, 0x0000000083500000|  0%| F|  |TAMS 0x0000000083400000, 0x0000000083400000| Untracked 
|  31|0x0000000083500000, 0x0000000083500000, 0x0000000083600000|  0%| F|  |TAMS 0x0000000083500000, 0x0000000083500000| Untracked 
|  32|0x0000000083600000, 0x0000000083600000, 0x0000000083700000|  0%| F|  |TAMS 0x0000000083600000, 0x0000000083600000| Untracked 
|  33|0x0000000083700000, 0x0000000083700000, 0x0000000083800000|  0%| F|  |TAMS 0x0000000083700000, 0x0000000083700000| Untracked 
|  34|0x0000000083800000, 0x0000000083800000, 0x0000000083900000|  0%| F|  |TAMS 0x0000000083800000, 0x0000000083800000| Untracked 
|  35|0x0000000083900000, 0x0000000083900000, 0x0000000083a00000|  0%| F|  |TAMS 0x0000000083900000, 0x0000000083900000| Untracked 
|  36|0x0000000083a00000, 0x0000000083a00000, 0x0000000083b00000|  0%| F|  |TAMS 0x0000000083a00000, 0x0000000083a00000| Untracked 
|  37|0x0000000083b00000, 0x0000000083b00000, 0x0000000083c00000|  0%| F|  |TAMS 0x0000000083b00000, 0x0000000083b00000| Untracked 
|  38|0x0000000083c00000, 0x0000000083c00000, 0x0000000083d00000|  0%| F|  |TAMS 0x0000000083c00000, 0x0000000083c00000| Untracked 
|  39|0x0000000083d00000, 0x0000000083d00000, 0x0000000083e00000|  0%| F|  |TAMS 0x0000000083d00000, 0x0000000083d00000| Untracked 
|  40|0x0000000083e00000, 0x0000000083e00000, 0x0000000083f00000|  0%| F|  |TAMS 0x0000000083e00000, 0x0000000083e00000| Untracked 
|  41|0x0000000083f00000, 0x0000000083f00000, 0x0000000084000000|  0%| F|  |TAMS 0x0000000083f00000, 0x0000000083f00000| Untracked 
|  42|0x0000000084000000, 0x0000000084000000, 0x0000000084100000|  0%| F|  |TAMS 0x0000000084000000, 0x0000000084000000| Untracked 
|  43|0x0000000084100000, 0x0000000084100000, 0x0000000084200000|  0%| F|  |TAMS 0x0000000084100000, 0x0000000084100000| Untracked 
|  44|0x0000000084200000, 0x0000000084200000, 0x0000000084300000|  0%| F|  |TAMS 0x0000000084200000, 0x0000000084200000| Untracked 
|  45|0x0000000084300000, 0x0000000084300000, 0x0000000084400000|  0%| F|  |TAMS 0x0000000084300000, 0x0000000084300000| Untracked 
|  46|0x0000000084400000, 0x0000000084400000, 0x0000000084500000|  0%| F|  |TAMS 0x0000000084400000, 0x0000000084400000| Untracked 
|  47|0x0000000084500000, 0x0000000084500000, 0x0000000084600000|  0%| F|  |TAMS 0x0000000084500000, 0x0000000084500000| Untracked 
|  48|0x0000000084600000, 0x0000000084600000, 0x0000000084700000|  0%| F|  |TAMS 0x0000000084600000, 0x0000000084600000| Untracked 
|  49|0x0000000084700000, 0x0000000084700000, 0x0000000084800000|  0%| F|  |TAMS 0x0000000084700000, 0x0000000084700000| Untracked 
|  50|0x0000000084800000, 0x0000000084800000, 0x0000000084900000|  0%| F|  |TAMS 0x0000000084800000, 0x0000000084800000| Untracked 
|  51|0x0000000084900000, 0x0000000084900000, 0x0000000084a00000|  0%| F|  |TAMS 0x0000000084900000, 0x0000000084900000| Untracked 
|  52|0x0000000084a00000, 0x0000000084a00000, 0x0000000084b00000|  0%| F|  |TAMS 0x0000000084a00000, 0x0000000084a00000| Untracked 
|  53|0x0000000084b00000, 0x0000000084b00000, 0x0000000084c00000|  0%| F|  |TAMS 0x0000000084b00000, 0x0000000084b00000| Untracked 
|  54|0x0000000084c00000, 0x0000000084c00000, 0x0000000084d00000|  0%| F|  |TAMS 0x0000000084c00000, 0x0000000084c00000| Untracked 
|  55|0x0000000084d00000, 0x0000000084d00000, 0x0000000084e00000|  0%| F|  |TAMS 0x0000000084d00000, 0x0000000084d00000| Untracked 
|  56|0x0000000084e00000, 0x0000000084e00000, 0x0000000084f00000|  0%| F|  |TAMS 0x0000000084e00000, 0x0000000084e00000| Untracked 
|  57|0x0000000084f00000, 0x0000000084f00000, 0x0000000085000000|  0%| F|  |TAMS 0x0000000084f00000, 0x0000000084f00000| Untracked 
|  58|0x0000000085000000, 0x0000000085000000, 0x0000000085100000|  0%| F|  |TAMS 0x0000000085000000, 0x0000000085000000| Untracked 
|  59|0x0000000085100000, 0x0000000085100000, 0x0000000085200000|  0%| F|  |TAMS 0x0000000085100000, 0x0000000085100000| Untracked 
|  60|0x0000000085200000, 0x0000000085200000, 0x0000000085300000|  0%| F|  |TAMS 0x0000000085200000, 0x0000000085200000| Untracked 
|  61|0x0000000085300000, 0x0000000085300000, 0x0000000085400000|  0%| F|  |TAMS 0x0000000085300000, 0x0000000085300000| Untracked 
|  62|0x0000000085400000, 0x0000000085400000, 0x0000000085500000|  0%| F|  |TAMS 0x0000000085400000, 0x0000000085400000| Untracked 
|  63|0x0000000085500000, 0x0000000085500000, 0x0000000085600000|  0%| F|  |TAMS 0x0000000085500000, 0x0000000085500000| Untracked 
|  64|0x0000000085600000, 0x0000000085600000, 0x0000000085700000|  0%| F|  |TAMS 0x0000000085600000, 0x0000000085600000| Untracked 
|  65|0x0000000085700000, 0x0000000085700000, 0x0000000085800000|  0%| F|  |TAMS 0x0000000085700000, 0x0000000085700000| Untracked 
|  66|0x0000000085800000, 0x0000000085800000, 0x0000000085900000|  0%| F|  |TAMS 0x0000000085800000, 0x0000000085800000| Untracked 
|  67|0x0000000085900000, 0x0000000085900000, 0x0000000085a00000|  0%| F|  |TAMS 0x0000000085900000, 0x0000000085900000| Untracked 
|  68|0x0000000085a00000, 0x0000000085a00000, 0x0000000085b00000|  0%| F|  |TAMS 0x0000000085a00000, 0x0000000085a00000| Untracked 
|  69|0x0000000085b00000, 0x0000000085b00000, 0x0000000085c00000|  0%| F|  |TAMS 0x0000000085b00000, 0x0000000085b00000| Untracked 
|  70|0x0000000085c00000, 0x0000000085c00000, 0x0000000085d00000|  0%| F|  |TAMS 0x0000000085c00000, 0x0000000085c00000| Untracked 
|  71|0x0000000085d00000, 0x0000000085d00000, 0x0000000085e00000|  0%| F|  |TAMS 0x0000000085d00000, 0x0000000085d00000| Untracked 
|  72|0x0000000085e00000, 0x0000000085e00000, 0x0000000085f00000|  0%| F|  |TAMS 0x0000000085e00000, 0x0000000085e00000| Untracked 
|  73|0x0000000085f00000, 0x0000000085f00000, 0x0000000086000000|  0%| F|  |TAMS 0x0000000085f00000, 0x0000000085f00000| Untracked 
|  74|0x0000000086000000, 0x0000000086000000, 0x0000000086100000|  0%| F|  |TAMS 0x0000000086000000, 0x0000000086000000| Untracked 
|  75|0x0000000086100000, 0x0000000086100000, 0x0000000086200000|  0%| F|  |TAMS 0x0000000086100000, 0x0000000086100000| Untracked 
|  76|0x0000000086200000, 0x0000000086200000, 0x0000000086300000|  0%| F|  |TAMS 0x0000000086200000, 0x0000000086200000| Untracked 
|  77|0x0000000086300000, 0x0000000086300000, 0x0000000086400000|  0%| F|  |TAMS 0x0000000086300000, 0x0000000086300000| Untracked 
|  78|0x0000000086400000, 0x0000000086400000, 0x0000000086500000|  0%| F|  |TAMS 0x0000000086400000, 0x0000000086400000| Untracked 
|  79|0x0000000086500000, 0x0000000086500000, 0x0000000086600000|  0%| F|  |TAMS 0x0000000086500000, 0x0000000086500000| Untracked 
|  80|0x0000000086600000, 0x0000000086600000, 0x0000000086700000|  0%| F|  |TAMS 0x0000000086600000, 0x0000000086600000| Untracked 
|  81|0x0000000086700000, 0x0000000086700000, 0x0000000086800000|  0%| F|  |TAMS 0x0000000086700000, 0x0000000086700000| Untracked 
|  82|0x0000000086800000, 0x0000000086800000, 0x0000000086900000|  0%| F|  |TAMS 0x0000000086800000, 0x0000000086800000| Untracked 
|  83|0x0000000086900000, 0x0000000086900000, 0x0000000086a00000|  0%| F|  |TAMS 0x0000000086900000, 0x0000000086900000| Untracked 
|  84|0x0000000086a00000, 0x0000000086a00000, 0x0000000086b00000|  0%| F|  |TAMS 0x0000000086a00000, 0x0000000086a00000| Untracked 
|  85|0x0000000086b00000, 0x0000000086b00000, 0x0000000086c00000|  0%| F|  |TAMS 0x0000000086b00000, 0x0000000086b00000| Untracked 
|  86|0x0000000086c00000, 0x0000000086c00000, 0x0000000086d00000|  0%| F|  |TAMS 0x0000000086c00000, 0x0000000086c00000| Untracked 
|  87|0x0000000086d00000, 0x0000000086d00000, 0x0000000086e00000|  0%| F|  |TAMS 0x0000000086d00000, 0x0000000086d00000| Untracked 
|  88|0x0000000086e00000, 0x0000000086e00000, 0x0000000086f00000|  0%| F|  |TAMS 0x0000000086e00000, 0x0000000086e00000| Untracked 
|  89|0x0000000086f00000, 0x0000000086f00000, 0x0000000087000000|  0%| F|  |TAMS 0x0000000086f00000, 0x0000000086f00000| Untracked 
|  90|0x0000000087000000, 0x0000000087000000, 0x0000000087100000|  0%| F|  |TAMS 0x0000000087000000, 0x0000000087000000| Untracked 
|  91|0x0000000087100000, 0x0000000087100000, 0x0000000087200000|  0%| F|  |TAMS 0x0000000087100000, 0x0000000087100000| Untracked 
|  92|0x0000000087200000, 0x0000000087200000, 0x0000000087300000|  0%| F|  |TAMS 0x0000000087200000, 0x0000000087200000| Untracked 
|  93|0x0000000087300000, 0x0000000087300000, 0x0000000087400000|  0%| F|  |TAMS 0x0000000087300000, 0x0000000087300000| Untracked 
|  94|0x0000000087400000, 0x0000000087400000, 0x0000000087500000|  0%| F|  |TAMS 0x0000000087400000, 0x0000000087400000| Untracked 
|  95|0x0000000087500000, 0x0000000087500000, 0x0000000087600000|  0%| F|  |TAMS 0x0000000087500000, 0x0000000087500000| Untracked 
|  96|0x0000000087600000, 0x0000000087600000, 0x0000000087700000|  0%| F|  |TAMS 0x0000000087600000, 0x0000000087600000| Untracked 
|  97|0x0000000087700000, 0x0000000087700000, 0x0000000087800000|  0%| F|  |TAMS 0x0000000087700000, 0x0000000087700000| Untracked 
|  98|0x0000000087800000, 0x0000000087800000, 0x0000000087900000|  0%| F|  |TAMS 0x0000000087800000, 0x0000000087800000| Untracked 
|  99|0x0000000087900000, 0x0000000087900000, 0x0000000087a00000|  0%| F|  |TAMS 0x0000000087900000, 0x0000000087900000| Untracked 
| 100|0x0000000087a00000, 0x0000000087a00000, 0x0000000087b00000|  0%| F|  |TAMS 0x0000000087a00000, 0x0000000087a00000| Untracked 
| 101|0x0000000087b00000, 0x0000000087b00000, 0x0000000087c00000|  0%| F|  |TAMS 0x0000000087b00000, 0x0000000087b00000| Untracked 
| 102|0x0000000087c00000, 0x0000000087c00000, 0x0000000087d00000|  0%| F|  |TAMS 0x0000000087c00000, 0x0000000087c00000| Untracked 
| 103|0x0000000087d00000, 0x0000000087d00000, 0x0000000087e00000|  0%| F|  |TAMS 0x0000000087d00000, 0x0000000087d00000| Untracked 
| 104|0x0000000087e00000, 0x0000000087e00000, 0x0000000087f00000|  0%| F|  |TAMS 0x0000000087e00000, 0x0000000087e00000| Untracked 
| 105|0x0000000087f00000, 0x0000000087f00000, 0x0000000088000000|  0%| F|  |TAMS 0x0000000087f00000, 0x0000000087f00000| Untracked 
| 106|0x0000000088000000, 0x0000000088000000, 0x0000000088100000|  0%| F|  |TAMS 0x0000000088000000, 0x0000000088000000| Untracked 
| 107|0x0000000088100000, 0x0000000088100000, 0x0000000088200000|  0%| F|  |TAMS 0x0000000088100000, 0x0000000088100000| Untracked 
| 108|0x0000000088200000, 0x0000000088200000, 0x0000000088300000|  0%| F|  |TAMS 0x0000000088200000, 0x0000000088200000| Untracked 
| 109|0x0000000088300000, 0x0000000088300000, 0x0000000088400000|  0%| F|  |TAMS 0x0000000088300000, 0x0000000088300000| Untracked 
| 110|0x0000000088400000, 0x0000000088400000, 0x0000000088500000|  0%| F|  |TAMS 0x0000000088400000, 0x0000000088400000| Untracked 
| 111|0x0000000088500000, 0x0000000088500000, 0x0000000088600000|  0%| F|  |TAMS 0x0000000088500000, 0x0000000088500000| Untracked 
| 112|0x0000000088600000, 0x0000000088600000, 0x0000000088700000|  0%| F|  |TAMS 0x0000000088600000, 0x0000000088600000| Untracked 
| 113|0x0000000088700000, 0x0000000088700000, 0x0000000088800000|  0%| F|  |TAMS 0x0000000088700000, 0x0000000088700000| Untracked 
| 114|0x0000000088800000, 0x0000000088800000, 0x0000000088900000|  0%| F|  |TAMS 0x0000000088800000, 0x0000000088800000| Untracked 
| 115|0x0000000088900000, 0x0000000088900000, 0x0000000088a00000|  0%| F|  |TAMS 0x0000000088900000, 0x0000000088900000| Untracked 
| 116|0x0000000088a00000, 0x0000000088a00000, 0x0000000088b00000|  0%| F|  |TAMS 0x0000000088a00000, 0x0000000088a00000| Untracked 
| 117|0x0000000088b00000, 0x0000000088b00000, 0x0000000088c00000|  0%| F|  |TAMS 0x0000000088b00000, 0x0000000088b00000| Untracked 
| 118|0x0000000088c00000, 0x0000000088c00000, 0x0000000088d00000|  0%| F|  |TAMS 0x0000000088c00000, 0x0000000088c00000| Untracked 
| 119|0x0000000088d00000, 0x0000000088d00000, 0x0000000088e00000|  0%| F|  |TAMS 0x0000000088d00000, 0x0000000088d00000| Untracked 
| 120|0x0000000088e00000, 0x0000000088e00000, 0x0000000088f00000|  0%| F|  |TAMS 0x0000000088e00000, 0x0000000088e00000| Untracked 
| 121|0x0000000088f00000, 0x0000000088f00000, 0x0000000089000000|  0%| F|  |TAMS 0x0000000088f00000, 0x0000000088f00000| Untracked 
| 122|0x0000000089000000, 0x0000000089000000, 0x0000000089100000|  0%| F|  |TAMS 0x0000000089000000, 0x0000000089000000| Untracked 
| 123|0x0000000089100000, 0x0000000089100000, 0x0000000089200000|  0%| F|  |TAMS 0x0000000089100000, 0x0000000089100000| Untracked 
| 124|0x0000000089200000, 0x0000000089200000, 0x0000000089300000|  0%| F|  |TAMS 0x0000000089200000, 0x0000000089200000| Untracked 
| 125|0x0000000089300000, 0x0000000089300000, 0x0000000089400000|  0%| F|  |TAMS 0x0000000089300000, 0x0000000089300000| Untracked 
| 126|0x0000000089400000, 0x0000000089400000, 0x0000000089500000|  0%| F|  |TAMS 0x0000000089400000, 0x0000000089400000| Untracked 
| 127|0x0000000089500000, 0x00000000895f5cf0, 0x0000000089600000| 96%| E|  |TAMS 0x0000000089500000, 0x0000000089500000| Complete 

Card table byte_map: [0x000002ecf66a0000,0x000002ecf6aa0000] _byte_map_base: 0x000002ecf6295000

Marking Bits (Prev, Next): (CMBitMap*) 0x000002ece3112e38, (CMBitMap*) 0x000002ece3112e70
 Prev Bits: [0x000002ecf6ea0000, 0x000002ecf8e48000)
 Next Bits: [0x000002ecf8e50000, 0x000002ecfadf8000)

Polling page: 0x000002ece2890000

Metaspace:

Usage:
  Non-class:     80.00 KB capacity,    52.20 KB ( 65%) used,    27.49 KB ( 34%) free+waste,   320 bytes ( <1%) overhead. 
      Class:    384.00 KB capacity,     2.59 KB ( <1%) used,   381.35 KB (>99%) free+waste,    64 bytes ( <1%) overhead. 
       Both:    464.00 KB capacity,    54.78 KB ( 12%) used,   408.84 KB ( 88%) free+waste,   384 bytes ( <1%) overhead. 

Virtual space:
  Non-class space:       12.00 MB reserved,     256.00 KB (  2%) committed 
      Class space:        1.00 GB reserved,     384.00 KB ( <1%) committed 
             Both:        1.01 GB reserved,     640.00 KB ( <1%) committed 

Chunk freelists:
   Non-Class:  48.00 KB
       Class:  0 bytes
        Both:  48.00 KB

CodeHeap 'non-profiled nmethods': size=120000Kb used=0Kb max_used=0Kb free=120000Kb
 bounds [0x000002eceea40000, 0x000002eceecb0000, 0x000002ecf5f70000]
CodeHeap 'profiled nmethods': size=120000Kb used=0Kb max_used=0Kb free=120000Kb
 bounds [0x000002ece7510000, 0x000002ece7780000, 0x000002eceea40000]
CodeHeap 'non-nmethods': size=5760Kb used=1065Kb max_used=1076Kb free=4694Kb
 bounds [0x000002ece6f70000, 0x000002ece71e0000, 0x000002ece7510000]
 total_blobs=266 nmethods=0 adapters=142
 compilation: enabled
              stopped_count=0, restarted_count=0
 full_count=0

Compilation events (0 events):
No events

GC Heap History (0 events):
No events

Deoptimization events (0 events):
No events

Classes redefined (0 events):
No events

Internal exceptions (0 events):
No events

Events (9 events):
Event: 0.029 Thread 0x000002ece30d3000 Thread added: 0x000002ece30d3000
Event: 0.031 Thread 0x000002ecfd825800 Thread added: 0x000002ecfd825800
Event: 0.031 Thread 0x000002ecfd829000 Thread added: 0x000002ecfd829000
Event: 0.041 loading class sun/nio/cs/UTF_8$Encoder
Event: 0.041 loading class sun/nio/cs/UTF_8$Encoder done
Event: 0.042 Thread 0x000002ecfd847000 Thread added: 0x000002ecfd847000
Event: 0.042 Thread 0x000002ecfd848000 Thread added: 0x000002ecfd848000
Event: 0.043 Thread 0x000002ecfd849800 Thread added: 0x000002ecfd849800
Event: 0.043 Thread 0x000002ecfd84d000 Thread added: 0x000002ecfd84d000


Dynamic libraries:
0x00007ff6e1600000 - 0x00007ff6e1647000 	C:\Program Files\JetBrains\IntelliJ IDEA Community Edition 2019.2.4\jbr\bin\java.exe
0x00007ff925b00000 - 0x00007ff925cf0000 	C:\Windows\SYSTEM32\ntdll.dll
0x00007ff8f63b0000 - 0x00007ff8f63c2000 	C:\Program Files\AVAST Software\Avast\aswhook.dll
0x00007ff923dd0000 - 0x00007ff923e82000 	C:\Windows\System32\KERNEL32.DLL
0x00007ff922ee0000 - 0x00007ff923185000 	C:\Windows\System32\KERNELBASE.dll
0x00007ff923bb0000 - 0x00007ff923d44000 	C:\Windows\System32\USER32.dll
0x00007ff923940000 - 0x00007ff923961000 	C:\Windows\System32\win32u.dll
0x00007ff924580000 - 0x00007ff9245a6000 	C:\Windows\System32\GDI32.dll
0x00007ff922a70000 - 0x00007ff922c06000 	C:\Windows\System32\gdi32full.dll
0x00007ff9239c0000 - 0x00007ff923a5e000 	C:\Windows\System32\msvcp_win.dll
0x00007ff922de0000 - 0x00007ff922eda000 	C:\Windows\System32\ucrtbase.dll
0x00007ff9090e0000 - 0x00007ff909364000 	C:\Windows\WinSxS\amd64_microsoft.windows.common-controls_6595b64144ccf1df_6.0.18362.1256_none_9e7e379be45e40e2\COMCTL32.dll
0x00007ff924ac0000 - 0x00007ff924b5e000 	C:\Windows\System32\msvcrt.dll
0x00007ff924ce0000 - 0x00007ff925016000 	C:\Windows\System32\combase.dll
0x00007ff9259a0000 - 0x00007ff925ac0000 	C:\Windows\System32\RPCRT4.dll
0x00007ff922d20000 - 0x00007ff922da1000 	C:\Windows\System32\bcryptPrimitives.dll
0x00007ff9250c0000 - 0x00007ff9250ee000 	C:\Windows\System32\IMM32.DLL
0x00007ff909560000 - 0x00007ff909577000 	C:\Program Files\JetBrains\IntelliJ IDEA Community Edition 2019.2.4\jbr\bin\vcruntime140.dll
0x00007ff8dc2f0000 - 0x00007ff8dc38d000 	C:\Program Files\JetBrains\IntelliJ IDEA Community Edition 2019.2.4\jbr\bin\msvcp140.dll
0x00007ff8cff90000 - 0x00007ff8d0a48000 	C:\Program Files\JetBrains\IntelliJ IDEA Community Edition 2019.2.4\jbr\bin\server\jvm.dll
0x00007ff924c30000 - 0x00007ff924cd3000 	C:\Windows\System32\ADVAPI32.dll
0x00007ff925020000 - 0x00007ff9250b7000 	C:\Windows\System32\sechost.dll
0x00007ff924bc0000 - 0x00007ff924bc8000 	C:\Windows\System32\PSAPI.DLL
0x00007ff90e200000 - 0x00007ff90e209000 	C:\Windows\SYSTEM32\WSOCK32.dll
0x00007ff924a50000 - 0x00007ff924abf000 	C:\Windows\System32\WS2_32.dll
0x00007ff920220000 - 0x00007ff920244000 	C:\Windows\SYSTEM32\WINMM.dll
0x00007ff91e110000 - 0x00007ff91e11a000 	C:\Windows\SYSTEM32\VERSION.dll
0x00007ff9200c0000 - 0x00007ff9200ed000 	C:\Windows\SYSTEM32\WINMMBASE.dll
0x00007ff923970000 - 0x00007ff9239ba000 	C:\Windows\System32\cfgmgr32.dll
0x00007ff9229b0000 - 0x00007ff9229c1000 	C:\Windows\System32\kernel.appcore.dll
0x00007ff8df440000 - 0x00007ff8df451000 	C:\Program Files\JetBrains\IntelliJ IDEA Community Edition 2019.2.4\jbr\bin\verify.dll
0x00007ff9212a0000 - 0x00007ff921494000 	C:\Windows\SYSTEM32\DBGHELP.DLL
0x00007ff91bb30000 - 0x00007ff91bb5a000 	C:\Windows\SYSTEM32\dbgcore.DLL
0x00007ff8df3d0000 - 0x00007ff8df3f9000 	C:\Program Files\JetBrains\IntelliJ IDEA Community Edition 2019.2.4\jbr\bin\java.dll
0x00007ff91b860000 - 0x00007ff91b898000 	C:\Program Files\JetBrains\IntelliJ IDEA Community Edition 2019.2.4\jbr\bin\jdwp.dll
0x00007ff91b820000 - 0x00007ff91b854000 	C:\Program Files\JetBrains\IntelliJ IDEA Community Edition 2019.2.4\jbr\bin\instrument.dll
0x00007ff8df420000 - 0x00007ff8df437000 	C:\Program Files\JetBrains\IntelliJ IDEA Community Edition 2019.2.4\jbr\bin\zip.dll
0x00007ff908ea0000 - 0x00007ff908eab000 	C:\Program Files\JetBrains\IntelliJ IDEA Community Edition 2019.2.4\jbr\bin\jimage.dll
0x00007ff923e90000 - 0x00007ff924577000 	C:\Windows\System32\SHELL32.dll
0x00007ff9252a0000 - 0x00007ff925349000 	C:\Windows\System32\shcore.dll
0x00007ff923190000 - 0x00007ff923911000 	C:\Windows\System32\windows.storage.dll
0x00007ff9229f0000 - 0x00007ff922a13000 	C:\Windows\System32\profapi.dll
0x00007ff922a20000 - 0x00007ff922a6a000 	C:\Windows\System32\powrprof.dll
0x00007ff9229a0000 - 0x00007ff9229b0000 	C:\Windows\System32\UMPDC.dll
0x00007ff924b60000 - 0x00007ff924bb2000 	C:\Windows\System32\shlwapi.dll
0x00007ff923920000 - 0x00007ff923937000 	C:\Windows\System32\cryptsp.dll

dbghelp: loaded successfully - version: 4.0.5 - missing functions: none
symbol engine: initialized successfully - sym options: 0x614 - pdb path: .;C:\Program Files\JetBrains\IntelliJ IDEA Community Edition 2019.2.4\jbr\bin;C:\Windows\SYSTEM32;C:\Program Files\AVAST Software\Avast;C:\Windows\WinSxS\amd64_microsoft.windows.common-controls_6595b64144ccf1df_6.0.18362.1256_none_9e7e379be45e40e2;C:\Program Files\JetBrains\IntelliJ IDEA Community Edition 2019.2.4\jbr\bin\server

VM Arguments:
jvm_args: -agentlib:jdwp=transport=dt_socket,address=127.0.0.1:53585,suspend=y,server=n -javaagent:C:\Users\Daniil\.IdeaIC2019.2\system\captureAgent\debugger-agent.jar -Dfile.encoding=UTF-8 
java_command: ru.univer.db.vcs.Application
java_class_path (initial): C:\Program Files (x86)\MySQL\Connector J 5.1\mysql-connector-java-5.1.49-bin.jar;C:\Users\Daniil\IdeaProjects\VCSapp\Backend\target\classes;C:\Users\Daniil\.m2\repository\org\postgresql\postgresql\42.2.18\postgresql-42.2.18.jar;C:\Users\Daniil\.m2\repository\org\checkerframework\checker-qual\3.5.0\checker-qual-3.5.0.jar;C:\Users\Daniil\.m2\repository\org\springframework\boot\spring-boot-starter-freemarker\2.3.1.RELEASE\spring-boot-starter-freemarker-2.3.1.RELEASE.jar;C:\Users\Daniil\.m2\repository\org\springframework\boot\spring-boot-starter\2.3.1.RELEASE\spring-boot-starter-2.3.1.RELEASE.jar;C:\Users\Daniil\.m2\repository\org\springframework\boot\spring-boot\2.3.1.RELEASE\spring-boot-2.3.1.RELEASE.jar;C:\Users\Daniil\.m2\repository\org\springframework\boot\spring-boot-autoconfigure\2.3.1.RELEASE\spring-boot-autoconfigure-2.3.1.RELEASE.jar;C:\Users\Daniil\.m2\repository\org\springframework\boot\spring-boot-starter-logging\2.3.1.RELEASE\spring-boot-starter-logging-2.3.1.RELEASE.jar;C:\Users\Daniil\.m2\repository\ch\qos\logback\logback-classic\1.2.3\logback-classic-1.2.3.jar;C:\Users\Daniil\.m2\repository\ch\qos\logback\logback-core\1.2.3\logback-core-1.2.3.jar;C:\Users\Daniil\.m2\repository\org\apache\logging\log4j\log4j-to-slf4j\2.13.3\log4j-to-slf4j-2.13.3.jar;C:\Users\Daniil\.m2\repository\org\apache\logging\log4j\log4j-api\2.13.3\log4j-api-2.13.3.jar;C:\Users\Daniil\.m2\repository\org\slf4j\jul-to-slf4j\1.7.30\jul-to-slf4j-1.7.30.jar;C:\Users\Daniil\.m2\repository\jakarta\annotation\jakarta.annotation-api\1.3.5\jakarta.annotation-api-1.3.5.jar;C:\Users\Daniil\.m2\repository\org\yaml\snakeyaml\1.26\snakeyaml-1.26.jar;C:\Users\Daniil\.m2\repository\org\freemarker\freemarker\2.3.30\freemarker-2.3.30.jar;C:\Users\Daniil\.m2\repository\org\springframework\spring-context-support\5.2.7.RELEASE\spring-context-support-5.2.7.RELEASE.jar;C:\Users\Daniil\.m2\repository\org\springframework\spring-beans\5.2.7.RELEASE\spring-beans-5.2.7.RELEASE.jar;
Launcher Type: SUN_STANDARD

[Global flags]
     intx CICompilerCount                          = 4                                         {product} {ergonomic}
     uint ConcGCThreads                            = 2                                         {product} {ergonomic}
     uint G1ConcRefinementThreads                  = 8                                         {product} {ergonomic}
   size_t G1HeapRegionSize                         = 1048576                                   {product} {ergonomic}
    uintx GCDrainStackTargetSize                   = 64                                        {product} {ergonomic}
   size_t InitialHeapSize                          = 134217728                                 {product} {ergonomic}
   size_t MarkStackSize                            = 4194304                                   {product} {ergonomic}
   size_t MaxHeapSize                              = 2124414976                                {product} {ergonomic}
   size_t MaxNewSize                               = 1274019840                                {product} {ergonomic}
   size_t MinHeapDeltaBytes                        = 1048576                                   {product} {ergonomic}
    uintx NonNMethodCodeHeapSize                   = 5835340                                {pd product} {ergonomic}
    uintx NonProfiledCodeHeapSize                  = 122911450                              {pd product} {ergonomic}
    uintx ProfiledCodeHeapSize                     = 122911450                              {pd product} {ergonomic}
    uintx ReservedCodeCacheSize                    = 251658240                              {pd product} {ergonomic}
     bool SegmentedCodeCache                       = true                                      {product} {ergonomic}
     bool UseCompressedClassPointers               = true                                 {lp64_product} {ergonomic}
     bool UseCompressedOops                        = true                                 {lp64_product} {ergonomic}
     bool UseG1GC                                  = true                                      {product} {ergonomic}
     bool UseLargePagesIndividualAllocation        = false                                  {pd product} {ergonomic}

Logging:
Log output configuration:
 #0: stdout all=warning uptime,level,tags
 #1: stderr all=off uptime,level,tags

Environment Variables:
CLASSPATH=.;
PATH=C:\Program Files\Java\jdk1.8.0_231\bin;C:\Program Files\MATLAB\R2017b\bin;C:\Program Files (x86)\CodeBlocks\MinGW\bin;C:\Users\Daniil\AppData\Local\Programs\Microsoft VS Code\bin;C:\Program Files\nodejs\;C:\Windows\System32;C:\Program Files (x86)\CodeBlocks\MinGW\bin;C:\Program Files\PostgreSQL\12\bin;C:\Users\Daniil\AppData\Local\Programs\Python\Python38-32\Scripts\;C:\Users\Daniil\AppData\Local\Programs\Python\Python38-32\;C:\Users\Даниил\AppData\Local\Programs\Python\Python37-32\Scripts\;C:\Users\Даниил\AppData\Local\Programs\Python\Python37-32\;C:\Users\Даниил\AppData\Local\Microsoft\WindowsApps;C:\Users\Даниил\AppData\Local\GitHubDesktop\bin;C:\Program Files\JetBrains\IntelliJ IDEA Community Edition 2019.2.4\bin;C:\Program Files\JetBrains\PyCharm Community Edition 2019.2.5\bin;C:\Users\Daniil\AppData\Local\GitHubDesktop\bin;C:\Program Files (x86)\CodeBlocks\MinGW\bin;C:\Users\Daniil\AppData\Local\Programs\Microsoft VS Code\bin;C:\Users\Daniil\AppData\Roaming\npm;C:\Windows\System32;;C:\Program Files\JetBrains\DataGrip 2020.3\bin;
USERNAME=Daniiil
OS=Windows_NT
PROCESSOR_IDENTIFIER=Intel64 Family 6 Model 142 Stepping 10, GenuineIntel



---------------  S Y S T E M  ---------------

OS: Windows 10 , 64 bit Build 18362 (10.0.18362.1110)

CPU:total 8 (initial active 8) (4 cores per cpu, 2 threads per core) family 6 model 142 stepping 10, cmov, cx8, fxsr, mmx, sse, sse2, sse3, ssse3, sse4.1, sse4.2, popcnt, avx, avx2, aes, clmul, erms, 3dnowpref, lzcnt, ht, tsc, tscinvbit, bmi1, bmi2, adx, fma

Memory: 4k page, system-wide physical 8101M (616M free)
TotalPageFile size 11101M (AvailPageFile size 212M)
current process WorkingSet (physical memory assigned to process): 25M, peak: 25M
current process commit charge ("private bytes"): 214M, peak: 216M

vm_info: OpenJDK 64-Bit Server VM (11.0.4+10-b304.77) for windows-amd64 JRE (11.0.4+10-b304.77), built on Oct 10 2019 15:02:36 by "" with MS VC++ 14.0 (VS2015)

END.
